# first column: time
# 2 column: 1th component of the strain (EXX)
# 3 column: 2th component of the strain (EYY)
# 4 column: 3th component of the strain (EZZ)
# 5 column: 4th component of the strain (EXY)
# 6 column: 5th component of the strain (EXZ)
# 7 column: 6th component of the strain (EYZ)
# 8 column: 1th component of the stress (SXX)
# 9 column: 2th component of the stress (SYY)
# 10 column: 3th component of the stress (SZZ)
# 11 column: 4th component of the stress (SXY)
# 12 column: 5th component of the stress (SXZ)
# 13 column: 6th component of the stress (SYZ)
# 14 column: first  component of internal variable 'ElasticStrain'
# 15 column: second component of internal variable 'ElasticStrain'
# 16 column: third  component of internal variable 'ElasticStrain'
# 17 column: fourth  component of internal variable 'ElasticStrain'
# 18 column: fifth   component of internal variable 'ElasticStrain'
# 19 column: sixth   component of internal variable 'ElasticStrain'
# 20 column: EquivalentPlasticStrain
# 21 column: first  component of internal variable 'PlasticStrain'
# 22 column: second component of internal variable 'PlasticStrain'
# 23 column: third  component of internal variable 'PlasticStrain'
# 24 column: fourth  component of internal variable 'PlasticStrain'
# 25 column: fifth   component of internal variable 'PlasticStrain'
# 26 column: sixth   component of internal variable 'PlasticStrain'
# 27 column: yielding
# 28 column: stored energy
# 29 column: disspated energy
0 0 0 0 0 0 0 0 0 0 0 0 0 0 0 0 0 0 0 0 0 0 0 0 0 0 0 0 0
0.001001 -6.00601e-05 -6.00601e-05 0.000800801 0 0 0 0.0807346 0.0807346 0.235027 0 0 0 -6.00601e-05 -6.00601e-05 0.000800801 0 0 0 0 0 0 0 0 0 0 -0.506575 0 0
0.002002 -0.00012012 -0.00012012 0.0016016 0 0 0 0.161469 0.161469 0.470055 0 0 0 -0.00012012 -0.00012012 0.0016016 0 0 0 0 0 0 0 0 0 0 -0.406147 0 0
0.003003 -0.00018018 -0.00018018 0.0024024 0 0 0 0.242204 0.242204 0.705082 0 0 0 -0.00018018 -0.00018018 0.0024024 0 0 0 0 0 0 0 0 0 0 -0.294356 0 0
0.004004 -0.00024024 -0.00024024 0.0032032 0 0 0 0.322938 0.322938 0.940109 0 0 0 -0.00024024 -0.00024024 0.0032032 0 0 0 0 0 0 0 0 0 0 -0.172644 0 0
0.00500501 -0.0003003 -0.0003003 0.004004 0 0 0 0.403673 0.403673 1.17514 0 0 0 -0.0003003 -0.0003003 0.004004 0 0 0 0 0 0 0 0 0 0 -0.0425741 0 0
0.00600601 -0.00036036 -0.00036036 0.0048048 0 0 0 0.437752 0.437752 1.24841 0 0 0 -0.000292263 -0.000292263 0.00423073 0 0 0 0.000708885 0 0 0 0 0 0 0.0943679 0 0
0.00700701 -0.00042042 -0.00042042 0.00560561 0 0 0 0.449387 0.449387 1.24705 0 0 0 -0.000255547 -0.000255547 0.00419491 0 0 0 0.00174997 0 0 0 0 0 0 0.138472 0 0
0.00800801 -0.00048048 -0.00048048 0.00640641 0 0 0 0.460157 0.460157 1.2457 0 0 0 -0.000221464 -0.000221464 0.00416142 0 0 0 0.00279579 0 0 0 0 0 0 0.137974 0 0
0.00900901 -0.000540541 -0.000540541 0.00720721 0 0 0 0.470106 0.470106 1.2444 0 0 0 -0.000189894 -0.000189894 0.00413019 0 0 0 0.00384608 0 0 0 0 0 0 0.137501 0 0
0.01001 -0.000600601 -0.000600601 0.00800801 0 0 0 0.479278 0.479278 1.24313 0 0 0 -0.000160711 -0.000160711 0.00410115 0 0 0 0.00490057 0 0 0 0 0 0 0.137055 0 0
0.011011 -0.000660661 -0.000660661 0.00880881 0 0 0 0.487719 0.487719 1.24192 0 0 0 -0.000133787 -0.000133787 0.00407419 0 0 0 0.00595899 0 0 0 0 0 0 0.136635 0 0
0.012012 -0.000720721 -0.000720721 0.00960961 0 0 0 0.495474 0.495474 1.24076 0 0 0 -0.000108993 -0.000108993 0.00404924 0 0 0 0.00702107 0 0 0 0 0 0 0.136241 0 0
0.013013 -0.000780781 -0.000780781 0.0104104 0 0 0 0.502588 0.502588 1.23965 0 0 0 -8.61996e-05 -8.61996e-05 0.00402618 0 0 0 0.00808656 0 0 0 0 0 0 0.135873 0 0
0.014014 -0.000840841 -0.000840841 0.0112112 0 0 0 0.509103 0.509103 1.23861 0 0 0 -6.52795e-05 -6.52795e-05 0.00400492 0 0 0 0.00915521 0 0 0 0 0 0 0.13553 0 0
0.015015 -0.000900901 -0.000900901 0.012012 0 0 0 0.515062 0.515062 1.23762 0 0 0 -4.61082e-05 -4.61082e-05 0.00398534 0 0 0 0.0102268 0 0 0 0 0 0 0.135211 0 0
0.016016 -0.000960961 -0.000960961 0.0128128 0 0 0 0.520506 0.520506 1.2367 0 0 0 -2.85643e-05 -2.85643e-05 0.00396736 0 0 0 0.0113011 0 0 0 0 0 0 0.134914 0 0
0.017017 -0.00102102 -0.00102102 0.0136136 0 0 0 0.525472 0.525472 1.23583 0 0 0 -1.2531e-05 -1.2531e-05 0.00395086 0 0 0 0.0123778 0 0 0 0 0 0 0.13464 0 0
0.018018 -0.00108108 -0.00108108 0.0144144 0 0 0 0.529998 0.529998 1.23503 0 0 0 2.10356e-06 2.10356e-06 0.00393575 0 0 0 0.0134569 0 0 0 0 0 0 0.134388 0 0
0.019019 -0.00114114 -0.00114114 0.0152152 0 0 0 0.534119 0.534119 1.23428 0 0 0 1.54466e-05 1.54466e-05 0.00392193 0 0 0 0.014538 0 0 0 0 0 0 0.134155 0 0
0.02002 -0.0012012 -0.0012012 0.016016 0 0 0 0.537867 0.537867 1.23359 0 0 0 2.75992e-05 2.75992e-05 0.00390931 0 0 0 0.015621 0 0 0 0 0 0 0.13394 0 0
0.021021 -0.00126126 -0.00126126 0.0168168 0 0 0 0.541274 0.541274 1.23295 0 0 0 3.8657e-05 3.8657e-05 0.00389779 0 0 0 0.0167058 0 0 0 0 0 0 0.133744 0 0
0.022022 -0.00132132 -0.00132132 0.0176176 0 0 0 0.544367 0.544367 1.23236 0 0 0 4.87096e-05 4.87096e-05 0.00388729 0 0 0 0.0177922 0 0 0 0 0 0 0.133564 0 0
0.023023 -0.00138138 -0.00138138 0.0184184 0 0 0 0.547174 0.547174 1.23182 0 0 0 5.7841e-05 5.7841e-05 0.00387773 0 0 0 0.0188801 0 0 0 0 0 0 0.133399 0 0
0.024024 -0.00144144 -0.00144144 0.0192192 0 0 0 0.549719 0.549719 1.23132 0 0 0 6.61294e-05 6.61294e-05 0.00386904 0 0 0 0.0199693 0 0 0 0 0 0 0.133248 0 0
0.025025 -0.0015015 -0.0015015 0.02002 0 0 0 0.552026 0.552026 1.23086 0 0 0 7.36476e-05 7.36476e-05 0.00386114 0 0 0 0.0210597 0 0 0 0 0 0 0.133111 0 0
0.026026 -0.00156156 -0.00156156 0.0208208 0 0 0 0.554116 0.554116 1.23044 0 0 0 8.04628e-05 8.04628e-05 0.00385397 0 0 0 0.0221512 0 0 0 0 0 0 0.132985 0 0
0.027027 -0.00162162 -0.00162162 0.0216216 0 0 0 0.556007 0.556007 1.23006 0 0 0 8.66372e-05 8.66372e-05 0.00384746 0 0 0 0.0232437 0 0 0 0 0 0 0.132871 0 0
0.028028 -0.00168168 -0.00168168 0.0224224 0 0 0 0.557719 0.557719 1.22971 0 0 0 9.22283e-05 9.22283e-05 0.00384156 0 0 0 0.0243371 0 0 0 0 0 0 0.132768 0 0
0.029029 -0.00174174 -0.00174174 0.0232232 0 0 0 0.559268 0.559268 1.2294 0 0 0 9.72888e-05 9.72888e-05 0.00383621 0 0 0 0.0254314 0 0 0 0 0 0 0.132673 0 0
0.03003 -0.0018018 -0.0018018 0.024024 0 0 0 0.560668 0.560668 1.22911 0 0 0 0.000101867 0.000101867 0.00383136 0 0 0 0.0265264 0 0 0 0 0 0 0.132588 0 0
0.031031 -0.00186186 -0.00186186 0.0248248 0 0 0 0.561933 0.561933 1.22885 0 0 0 0.000106007 0.000106007 0.00382698 0 0 0 0.027622 0 0 0 0 0 0 0.13251 0 0
0.032032 -0.00192192 -0.00192192 0.0256256 0 0 0 0.563077 0.563077 1.22861 0 0 0 0.00010975 0.00010975 0.00382301 0 0 0 0.0287183 0 0 0 0 0 0 0.13244 0 0
0.033033 -0.00198198 -0.00198198 0.0264264 0 0 0 0.56411 0.56411 1.22839 0 0 0 0.000113133 0.000113133 0.00381942 0 0 0 0.0298151 0 0 0 0 0 0 0.132376 0 0
0.034034 -0.00204204 -0.00204204 0.0272272 0 0 0 0.565043 0.565043 1.22819 0 0 0 0.000116189 0.000116189 0.00381617 0 0 0 0.0309124 0 0 0 0 0 0 0.132318 0 0
0.035035 -0.0021021 -0.0021021 0.028028 0 0 0 0.565886 0.565886 1.22802 0 0 0 0.000118949 0.000118949 0.00381324 0 0 0 0.0320102 0 0 0 0 0 0 0.132266 0 0
0.036036 -0.00216216 -0.00216216 0.0288288 0 0 0 0.566646 0.566646 1.22785 0 0 0 0.000121442 0.000121442 0.00381059 0 0 0 0.0331084 0 0 0 0 0 0 0.132219 0 0
0.037037 -0.00222222 -0.00222222 0.0296296 0 0 0 0.567333 0.567333 1.22771 0 0 0 0.000123693 0.000123693 0.00380819 0 0 0 0.0342069 0 0 0 0 0 0 0.132176 0 0
0.038038 -0.00228228 -0.00228228 0.0304304 0 0 0 0.567952 0.567952 1.22758 0 0 0 0.000125724 0.000125724 0.00380603 0 0 0 0.0353058 0 0 0 0 0 0 0.132137 0 0
0.039039 -0.00234234 -0.00234234 0.0312312 0 0 0 0.568511 0.568511 1.22746 0 0 0 0.000127558 0.000127558 0.00380408 0 0 0 0.036405 0 0 0 0 0 0 0.132102 0 0
0.04004 -0.0024024 -0.0024024 0.032032 0 0 0 0.569016 0.569016 1.22735 0 0 0 0.000129212 0.000129212 0.00380231 0 0 0 0.0375045 0 0 0 0 0 0 0.13207 0 0
0.041041 -0.00246246 -0.00246246 0.0328328 0 0 0 0.56947 0.56947 1.22725 0 0 0 0.000130705 0.000130705 0.00380072 0 0 0 0.0386042 0 0 0 0 0 0 0.132042 0 0
0.042042 -0.00252252 -0.00252252 0.0336336 0 0 0 0.569881 0.569881 1.22716 0 0 0 0.000132051 0.000132051 0.00379929 0 0 0 0.0397041 0 0 0 0 0 0 0.132016 0 0
0.043043 -0.00258258 -0.00258258 0.0344344 0 0 0 0.570251 0.570251 1.22708 0 0 0 0.000133266 0.000133266 0.00379799 0 0 0 0.0408042 0 0 0 0 0 0 0.131993 0 0
0.044044 -0.00264264 -0.00264264 0.0352352 0 0 0 0.570584 0.570584 1.22701 0 0 0 0.000134361 0.000134361 0.00379682 0 0 0 0.0419045 0 0 0 0 0 0 0.131972 0 0
0.045045 -0.0027027 -0.0027027 0.036036 0 0 0 0.570885 0.570885 1.22694 0 0 0 0.000135349 0.000135349 0.00379577 0 0 0 0.043005 0 0 0 0 0 0 0.131953 0 0
0.046046 -0.00276276 -0.00276276 0.0368368 0 0 0 0.571157 0.571157 1.22689 0 0 0 0.00013624 0.00013624 0.00379482 0 0 0 0.0441056 0 0 0 0 0 0 0.131936 0 0
0.047047 -0.00282282 -0.00282282 0.0376376 0 0 0 0.571401 0.571401 1.22683 0 0 0 0.000137043 0.000137043 0.00379396 0 0 0 0.0452064 0 0 0 0 0 0 0.13192 0 0
0.048048 -0.00288288 -0.00288288 0.0384384 0 0 0 0.571622 0.571622 1.22679 0 0 0 0.000137767 0.000137767 0.00379318 0 0 0 0.0463072 0 0 0 0 0 0 0.131906 0 0
0.049049 -0.00294294 -0.00294294 0.0392392 0 0 0 0.571821 0.571821 1.22674 0 0 0 0.00013842 0.00013842 0.00379249 0 0 0 0.0474082 0 0 0 0 0 0 0.131894 0 0
0.0500501 -0.003003 -0.003003 0.04004 0 0 0 0.572 0.572 1.2267 0 0 0 0.000139008 0.000139008 0.00379186 0 0 0 0.0485093 0 0 0 0 0 0 0.131882 0 0
0.0510511 -0.00306306 -0.00306306 0.0408408 0 0 0 0.572161 0.572161 1.22667 0 0 0 0.000139539 0.000139539 0.00379129 0 0 0 0.0496104 0 0 0 0 0 0 0.131872 0 0
0.0520521 -0.00312312 -0.00312312 0.0416416 0 0 0 0.572307 0.572307 1.22664 0 0 0 0.000140017 0.000140017 0.00379078 0 0 0 0.0507117 0 0 0 0 0 0 0.131863 0 0
0.0530531 -0.00318318 -0.00318318 0.0424424 0 0 0 0.572438 0.572438 1.22661 0 0 0 0.000140448 0.000140448 0.00379032 0 0 0 0.051813 0 0 0 0 0 0 0.131855 0 0
0.0540541 -0.00324324 -0.00324324 0.0432432 0 0 0 0.572556 0.572556 1.22658 0 0 0 0.000140837 0.000140837 0.0037899 0 0 0 0.0529144 0 0 0 0 0 0 0.131847 0 0
0.0550551 -0.0033033 -0.0033033 0.044044 0 0 0 0.572663 0.572663 1.22656 0 0 0 0.000141187 0.000141187 0.00378953 0 0 0 0.0540158 0 0 0 0 0 0 0.13184 0 0
0.0560561 -0.00336336 -0.00336336 0.0448448 0 0 0 0.572759 0.572759 1.22654 0 0 0 0.000141503 0.000141503 0.00378919 0 0 0 0.0551173 0 0 0 0 0 0 0.131834 0 0
0.0570571 -0.00342342 -0.00342342 0.0456456 0 0 0 0.572846 0.572846 1.22652 0 0 0 0.000141787 0.000141787 0.00378889 0 0 0 0.0562188 0 0 0 0 0 0 0.131829 0 0
0.0580581 -0.00348348 -0.00348348 0.0464464 0 0 0 0.572924 0.572924 1.2265 0 0 0 0.000142044 0.000142044 0.00378861 0 0 0 0.0573204 0 0 0 0 0 0 0.131824 0 0
0.0590591 -0.00354354 -0.00354354 0.0472472 0 0 0 0.572994 0.572994 1.22649 0 0 0 0.000142275 0.000142275 0.00378837 0 0 0 0.058422 0 0 0 0 0 0 0.131819 0 0
0.0600601 -0.0036036 -0.0036036 0.048048 0 0 0 0.573057 0.573057 1.22647 0 0 0 0.000142483 0.000142483 0.00378814 0 0 0 0.0595236 0 0 0 0 0 0 0.131815 0 0
0.0610611 -0.00366366 -0.00366366 0.0488488 0 0 0 0.573114 0.573114 1.22646 0 0 0 0.00014267 0.00014267 0.00378794 0 0 0 0.0606253 0 0 0 0 0 0 0.131812 0 0
0.0620621 -0.00372372 -0.00372372 0.0496496 0 0 0 0.573166 0.573166 1.22645 0 0 0 0.00014284 0.00014284 0.00378776 0 0 0 0.061727 0 0 0 0 0 0 0.131808 0 0
0.0630631 -0.00378378 -0.00378378 0.0504505 0 0 0 0.573212 0.573212 1.22644 0 0 0 0.000142992 0.000142992 0.0037876 0 0 0 0.0628288 0 0 0 0 0 0 0.131806 0 0
0.0640641 -0.00384384 -0.00384384 0.0512513 0 0 0 0.573254 0.573254 1.22643 0 0 0 0.000143129 0.000143129 0.00378745 0 0 0 0.0639305 0 0 0 0 0 0 0.131803 0 0
0.0650651 -0.0039039 -0.0039039 0.0520521 0 0 0 0.573292 0.573292 1.22642 0 0 0 0.000143253 0.000143253 0.00378732 0 0 0 0.0650323 0 0 0 0 0 0 0.1318 0 0
0.0660661 -0.00396396 -0.00396396 0.0528529 0 0 0 0.573326 0.573326 1.22641 0 0 0 0.000143365 0.000143365 0.0037872 0 0 0 0.0661341 0 0 0 0 0 0 0.131798 0 0
0.0670671 -0.00402402 -0.00402402 0.0536537 0 0 0 0.573356 0.573356 1.22641 0 0 0 0.000143465 0.000143465 0.00378709 0 0 0 0.0672359 0 0 0 0 0 0 0.131796 0 0
0.0680681 -0.00408408 -0.00408408 0.0544545 0 0 0 0.573384 0.573384 1.2264 0 0 0 0.000143556 0.000143556 0.003787 0 0 0 0.0683377 0 0 0 0 0 0 0.131795 0 0
0.0690691 -0.00414414 -0.00414414 0.0552553 0 0 0 0.573409 0.573409 1.2264 0 0 0 0.000143637 0.000143637 0.00378691 0 0 0 0.0694395 0 0 0 0 0 0 0.131793 0 0
0.0700701 -0.0042042 -0.0042042 0.0560561 0 0 0 0.573431 0.573431 1.22639 0 0 0 0.000143711 0.000143711 0.00378683 0 0 0 0.0705414 0 0 0 0 0 0 0.131792 0 0
0.0710711 -0.00426426 -0.00426426 0.0568569 0 0 0 0.573451 0.573451 1.22639 0 0 0 0.000143777 0.000143777 0.00378676 0 0 0 0.0716433 0 0 0 0 0 0 0.13179 0 0
0.0720721 -0.00432432 -0.00432432 0.0576577 0 0 0 0.573469 0.573469 1.22638 0 0 0 0.000143837 0.000143837 0.0037867 0 0 0 0.0727451 0 0 0 0 0 0 0.131789 0 0
0.0730731 -0.00438438 -0.00438438 0.0584585 0 0 0 0.573486 0.573486 1.22638 0 0 0 0.00014389 0.00014389 0.00378664 0 0 0 0.073847 0 0 0 0 0 0 0.131788 0 0
0.0740741 -0.00444444 -0.00444444 0.0592593 0 0 0 0.5735 0.5735 1.22638 0 0 0 0.000143939 0.000143939 0.00378659 0 0 0 0.0749489 0 0 0 0 0 0 0.131787 0 0
0.0750751 -0.0045045 -0.0045045 0.0600601 0 0 0 0.573514 0.573514 1.22637 0 0 0 0.000143982 0.000143982 0.00378654 0 0 0 0.0760508 0 0 0 0 0 0 0.131786 0 0
0.0760761 -0.00456456 -0.00456456 0.0608609 0 0 0 0.573526 0.573526 1.22637 0 0 0 0.000144022 0.000144022 0.0037865 0 0 0 0.0771527 0 0 0 0 0 0 0.131786 0 0
0.0770771 -0.00462462 -0.00462462 0.0616617 0 0 0 0.573536 0.573536 1.22637 0 0 0 0.000144057 0.000144057 0.00378646 0 0 0 0.0782546 0 0 0 0 0 0 0.131785 0 0
0.0780781 -0.00468468 -0.00468468 0.0624625 0 0 0 0.573546 0.573546 1.22637 0 0 0 0.000144089 0.000144089 0.00378643 0 0 0 0.0793565 0 0 0 0 0 0 0.131784 0 0
0.0790791 -0.00474474 -0.00474474 0.0632633 0 0 0 0.573555 0.573555 1.22636 0 0 0 0.000144118 0.000144118 0.0037864 0 0 0 0.0804584 0 0 0 0 0 0 0.131784 0 0
0.0800801 -0.0048048 -0.0048048 0.0640641 0 0 0 0.573563 0.573563 1.22636 0 0 0 0.000144144 0.000144144 0.00378637 0 0 0 0.0815603 0 0 0 0 0 0 0.131783 0 0
0.0810811 -0.00486486 -0.00486486 0.0648649 0 0 0 0.57357 0.57357 1.22636 0 0 0 0.000144167 0.000144167 0.00378634 0 0 0 0.0826623 0 0 0 0 0 0 0.131783 0 0
0.0820821 -0.00492492 -0.00492492 0.0656657 0 0 0 0.573576 0.573576 1.22636 0 0 0 0.000144188 0.000144188 0.00378632 0 0 0 0.0837642 0 0 0 0 0 0 0.131782 0 0
0.0830831 -0.00498498 -0.00498498 0.0664665 0 0 0 0.573582 0.573582 1.22636 0 0 0 0.000144207 0.000144207 0.0037863 0 0 0 0.0848661 0 0 0 0 0 0 0.131782 0 0
0.0840841 -0.00504505 -0.00504505 0.0672673 0 0 0 0.573587 0.573587 1.22636 0 0 0 0.000144224 0.000144224 0.00378628 0 0 0 0.0859681 0 0 0 0 0 0 0.131782 0 0
0.0850851 -0.00510511 -0.00510511 0.0680681 0 0 0 0.573592 0.573592 1.22635 0 0 0 0.00014424 0.00014424 0.00378627 0 0 0 0.08707 0 0 0 0 0 0 0.131781 0 0
0.0860861 -0.00516517 -0.00516517 0.0688689 0 0 0 0.573596 0.573596 1.22635 0 0 0 0.000144254 0.000144254 0.00378625 0 0 0 0.0881719 0 0 0 0 0 0 0.131781 0 0
0.0870871 -0.00522523 -0.00522523 0.0696697 0 0 0 0.5736 0.5736 1.22635 0 0 0 0.000144266 0.000144266 0.00378624 0 0 0 0.0892739 0 0 0 0 0 0 0.131781 0 0
0.0880881 -0.00528529 -0.00528529 0.0704705 0 0 0 0.573603 0.573603 1.22635 0 0 0 0.000144277 0.000144277 0.00378622 0 0 0 0.0903758 0 0 0 0 0 0 0.131781 0 0
0.0890891 -0.00534535 -0.00534535 0.0712713 0 0 0 0.573606 0.573606 1.22635 0 0 0 0.000144288 0.000144288 0.00378621 0 0 0 0.0914778 0 0 0 0 0 0 0.13178 0 0
0.0900901 -0.00540541 -0.00540541 0.0720721 0 0 0 0.573609 0.573609 1.22635 0 0 0 0.000144297 0.000144297 0.0037862 0 0 0 0.0925797 0 0 0 0 0 0 0.13178 0 0
0.0910911 -0.00546547 -0.00546547 0.0728729 0 0 0 0.573612 0.573612 1.22635 0 0 0 0.000144305 0.000144305 0.0037862 0 0 0 0.0936817 0 0 0 0 0 0 0.13178 0 0
0.0920921 -0.00552553 -0.00552553 0.0736737 0 0 0 0.573614 0.573614 1.22635 0 0 0 0.000144312 0.000144312 0.00378619 0 0 0 0.0947836 0 0 0 0 0 0 0.13178 0 0
0.0930931 -0.00558559 -0.00558559 0.0744745 0 0 0 0.573616 0.573616 1.22635 0 0 0 0.000144319 0.000144319 0.00378618 0 0 0 0.0958856 0 0 0 0 0 0 0.13178 0 0
0.0940941 -0.00564565 -0.00564565 0.0752753 0 0 0 0.573618 0.573618 1.22635 0 0 0 0.000144325 0.000144325 0.00378617 0 0 0 0.0969875 0 0 0 0 0 0 0.13178 0 0
0.0950951 -0.00570571 -0.00570571 0.0760761 0 0 0 0.57362 0.57362 1.22635 0 0 0 0.000144331 0.000144331 0.00378617 0 0 0 0.0980895 0 0 0 0 0 0 0.13178 0 0
0.0960961 -0.00576577 -0.00576577 0.0768769 0 0 0 0.573621 0.573621 1.22635 0 0 0 0.000144335 0.000144335 0.00378616 0 0 0 0.0991914 0 0 0 0 0 0 0.13178 0 0
0.0970971 -0.00582583 -0.00582583 0.0776777 0 0 0 0.573622 0.573622 1.22635 0 0 0 0.00014434 0.00014434 0.00378616 0 0 0 0.100293 0 0 0 0 0 0 0.131779 0 0
0.0980981 -0.00588589 -0.00588589 0.0784785 0 0 0 0.573624 0.573624 1.22635 0 0 0 0.000144344 0.000144344 0.00378615 0 0 0 0.101395 0 0 0 0 0 0 0.131779 0 0
0.0990991 -0.00594595 -0.00594595 0.0792793 0 0 0 0.573625 0.573625 1.22635 0 0 0 0.000144347 0.000144347 0.00378615 0 0 0 0.102497 0 0 0 0 0 0 0.131779 0 0
0.1001 -0.00600601 -0.00600601 0.0800801 0 0 0 0.573626 0.573626 1.22635 0 0 0 0.000144351 0.000144351 0.00378615 0 0 0 0.103599 0 0 0 0 0 0 0.131779 0 0
0.101101 -0.00606607 -0.00606607 0.0808809 0 0 0 0.573627 0.573627 1.22635 0 0 0 0.000144354 0.000144354 0.00378614 0 0 0 0.104701 0 0 0 0 0 0 0.131779 0 0
0.102102 -0.00612613 -0.00612613 0.0816817 0 0 0 0.573627 0.573627 1.22635 0 0 0 0.000144356 0.000144356 0.00378614 0 0 0 0.105803 0 0 0 0 0 0 0.131779 0 0
0.103103 -0.00618619 -0.00618619 0.0824825 0 0 0 0.573628 0.573628 1.22635 0 0 0 0.000144359 0.000144359 0.00378614 0 0 0 0.106905 0 0 0 0 0 0 0.131779 0 0
0.104104 -0.00624625 -0.00624625 0.0832833 0 0 0 0.573629 0.573629 1.22635 0 0 0 0.000144361 0.000144361 0.00378614 0 0 0 0.108007 0 0 0 0 0 0 0.131779 0 0
0.105105 -0.00630631 -0.00630631 0.0840841 0 0 0 0.573629 0.573629 1.22635 0 0 0 0.000144363 0.000144363 0.00378613 0 0 0 0.109109 0 0 0 0 0 0 0.131779 0 0
0.106106 -0.00636637 -0.00636637 0.0848849 0 0 0 0.57363 0.57363 1.22635 0 0 0 0.000144365 0.000144365 0.00378613 0 0 0 0.110211 0 0 0 0 0 0 0.131779 0 0
0.107107 -0.00642643 -0.00642643 0.0856857 0 0 0 0.573631 0.573631 1.22635 0 0 0 0.000144367 0.000144367 0.00378613 0 0 0 0.111313 0 0 0 0 0 0 0.131779 0 0
0.108108 -0.00648649 -0.00648649 0.0864865 0 0 0 0.573631 0.573631 1.22635 0 0 0 0.000144368 0.000144368 0.00378613 0 0 0 0.112415 0 0 0 0 0 0 0.131779 0 0
0.109109 -0.00654655 -0.00654655 0.0872873 0 0 0 0.573631 0.573631 1.22635 0 0 0 0.000144369 0.000144369 0.00378613 0 0 0 0.113517 0 0 0 0 0 0 0.131779 0 0
0.11011 -0.00660661 -0.00660661 0.0880881 0 0 0 0.573632 0.573632 1.22635 0 0 0 0.000144371 0.000144371 0.00378613 0 0 0 0.114619 0 0 0 0 0 0 0.131779 0 0
0.111111 -0.00666667 -0.00666667 0.0888889 0 0 0 0.573632 0.573632 1.22635 0 0 0 0.000144372 0.000144372 0.00378612 0 0 0 0.115721 0 0 0 0 0 0 0.131779 0 0
0.112112 -0.00672673 -0.00672673 0.0896897 0 0 0 0.573632 0.573632 1.22635 0 0 0 0.000144372 0.000144372 0.00378612 0 0 0 0.116823 0 0 0 0 0 0 0.131779 0 0
0.113113 -0.00678679 -0.00678679 0.0904905 0 0 0 0.573633 0.573633 1.22635 0 0 0 0.000144373 0.000144373 0.00378612 0 0 0 0.117925 0 0 0 0 0 0 0.131779 0 0
0.114114 -0.00684685 -0.00684685 0.0912913 0 0 0 0.573633 0.573633 1.22635 0 0 0 0.000144374 0.000144374 0.00378612 0 0 0 0.119027 0 0 0 0 0 0 0.131779 0 0
0.115115 -0.00690691 -0.00690691 0.0920921 0 0 0 0.573633 0.573633 1.22635 0 0 0 0.000144375 0.000144375 0.00378612 0 0 0 0.120129 0 0 0 0 0 0 0.131779 0 0
0.116116 -0.00696697 -0.00696697 0.0928929 0 0 0 0.573633 0.573633 1.22635 0 0 0 0.000144375 0.000144375 0.00378612 0 0 0 0.121231 0 0 0 0 0 0 0.131779 0 0
0.117117 -0.00702703 -0.00702703 0.0936937 0 0 0 0.573633 0.573633 1.22635 0 0 0 0.000144376 0.000144376 0.00378612 0 0 0 0.122333 0 0 0 0 0 0 0.131779 0 0
0.118118 -0.00708709 -0.00708709 0.0944945 0 0 0 0.573633 0.573633 1.22635 0 0 0 0.000144376 0.000144376 0.00378612 0 0 0 0.123434 0 0 0 0 0 0 0.131779 0 0
0.119119 -0.00714715 -0.00714715 0.0952953 0 0 0 0.573634 0.573634 1.22635 0 0 0 0.000144377 0.000144377 0.00378612 0 0 0 0.124536 0 0 0 0 0 0 0.131779 0 0
0.12012 -0.00720721 -0.00720721 0.0960961 0 0 0 0.573634 0.573634 1.22635 0 0 0 0.000144377 0.000144377 0.00378612 0 0 0 0.125638 0 0 0 0 0 0 0.131779 0 0
0.121121 -0.00726727 -0.00726727 0.0968969 0 0 0 0.573634 0.573634 1.22635 0 0 0 0.000144377 0.000144377 0.00378612 0 0 0 0.12674 0 0 0 0 0 0 0.131779 0 0
0.122122 -0.00732733 -0.00732733 0.0976977 0 0 0 0.573634 0.573634 1.22635 0 0 0 0.000144378 0.000144378 0.00378612 0 0 0 0.127842 0 0 0 0 0 0 0.131779 0 0
0.123123 -0.00738739 -0.00738739 0.0984985 0 0 0 0.573634 0.573634 1.22635 0 0 0 0.000144378 0.000144378 0.00378612 0 0 0 0.128944 0 0 0 0 0 0 0.131779 0 0
0.124124 -0.00744745 -0.00744745 0.0992993 0 0 0 0.573634 0.573634 1.22635 0 0 0 0.000144378 0.000144378 0.00378612 0 0 0 0.130046 0 0 0 0 0 0 0.131779 0 0
0.125125 -0.00750751 -0.00750751 0.1001 0 0 0 0.573634 0.573634 1.22635 0 0 0 0.000144378 0.000144378 0.00378612 0 0 0 0.131148 0 0 0 0 0 0 0.131779 0 0
0.126126 -0.00756757 -0.00756757 0.100901 0 0 0 0.573634 0.573634 1.22635 0 0 0 0.000144379 0.000144379 0.00378612 0 0 0 0.13225 0 0 0 0 0 0 0.131779 0 0
0.127127 -0.00762763 -0.00762763 0.101702 0 0 0 0.573634 0.573634 1.22635 0 0 0 0.000144379 0.000144379 0.00378612 0 0 0 0.133352 0 0 0 0 0 0 0.131779 0 0
0.128128 -0.00768769 -0.00768769 0.102503 0 0 0 0.573634 0.573634 1.22635 0 0 0 0.000144379 0.000144379 0.00378612 0 0 0 0.134454 0 0 0 0 0 0 0.131779 0 0
0.129129 -0.00774775 -0.00774775 0.103303 0 0 0 0.573634 0.573634 1.22635 0 0 0 0.000144379 0.000144379 0.00378612 0 0 0 0.135556 0 0 0 0 0 0 0.131779 0 0
0.13013 -0.00780781 -0.00780781 0.104104 0 0 0 0.573634 0.573634 1.22635 0 0 0 0.000144379 0.000144379 0.00378612 0 0 0 0.136658 0 0 0 0 0 0 0.131779 0 0
0.131131 -0.00786787 -0.00786787 0.104905 0 0 0 0.573634 0.573634 1.22635 0 0 0 0.000144379 0.000144379 0.00378612 0 0 0 0.13776 0 0 0 0 0 0 0.131779 0 0
0.132132 -0.00792793 -0.00792793 0.105706 0 0 0 0.573634 0.573634 1.22635 0 0 0 0.000144379 0.000144379 0.00378612 0 0 0 0.138862 0 0 0 0 0 0 0.131779 0 0
0.133133 -0.00798799 -0.00798799 0.106507 0 0 0 0.573634 0.573634 1.22635 0 0 0 0.000144379 0.000144379 0.00378612 0 0 0 0.139964 0 0 0 0 0 0 0.131779 0 0
0.134134 -0.00804805 -0.00804805 0.107307 0 0 0 0.573634 0.573634 1.22635 0 0 0 0.000144379 0.000144379 0.00378612 0 0 0 0.141066 0 0 0 0 0 0 0.131779 0 0
0.135135 -0.00810811 -0.00810811 0.108108 0 0 0 0.573634 0.573634 1.22635 0 0 0 0.00014438 0.00014438 0.00378612 0 0 0 0.142168 0 0 0 0 0 0 0.131779 0 0
0.136136 -0.00816817 -0.00816817 0.108909 0 0 0 0.573634 0.573634 1.22635 0 0 0 0.00014438 0.00014438 0.00378612 0 0 0 0.14327 0 0 0 0 0 0 0.131779 0 0
0.137137 -0.00822823 -0.00822823 0.10971 0 0 0 0.573634 0.573634 1.22635 0 0 0 0.00014438 0.00014438 0.00378612 0 0 0 0.144372 0 0 0 0 0 0 0.131779 0 0
0.138138 -0.00828829 -0.00828829 0.110511 0 0 0 0.573635 0.573635 1.22635 0 0 0 0.00014438 0.00014438 0.00378612 0 0 0 0.145474 0 0 0 0 0 0 0.131779 0 0
0.139139 -0.00834835 -0.00834835 0.111311 0 0 0 0.573635 0.573635 1.22635 0 0 0 0.00014438 0.00014438 0.00378612 0 0 0 0.146576 0 0 0 0 0 0 0.131779 0 0
0.14014 -0.00840841 -0.00840841 0.112112 0 0 0 0.573635 0.573635 1.22635 0 0 0 0.00014438 0.00014438 0.00378612 0 0 0 0.147678 0 0 0 0 0 0 0.131779 0 0
0.141141 -0.00846847 -0.00846847 0.112913 0 0 0 0.573635 0.573635 1.22635 0 0 0 0.00014438 0.00014438 0.00378612 0 0 0 0.14878 0 0 0 0 0 0 0.131779 0 0
0.142142 -0.00852853 -0.00852853 0.113714 0 0 0 0.573635 0.573635 1.22635 0 0 0 0.00014438 0.00014438 0.00378612 0 0 0 0.149882 0 0 0 0 0 0 0.131779 0 0
0.143143 -0.00858859 -0.00858859 0.114515 0 0 0 0.573635 0.573635 1.22635 0 0 0 0.00014438 0.00014438 0.00378612 0 0 0 0.150984 0 0 0 0 0 0 0.131779 0 0
0.144144 -0.00864865 -0.00864865 0.115315 0 0 0 0.573635 0.573635 1.22635 0 0 0 0.00014438 0.00014438 0.00378612 0 0 0 0.152085 0 0 0 0 0 0 0.131779 0 0
0.145145 -0.00870871 -0.00870871 0.116116 0 0 0 0.573635 0.573635 1.22635 0 0 0 0.00014438 0.00014438 0.00378612 0 0 0 0.153187 0 0 0 0 0 0 0.131779 0 0
0.146146 -0.00876877 -0.00876877 0.116917 0 0 0 0.573635 0.573635 1.22635 0 0 0 0.00014438 0.00014438 0.00378612 0 0 0 0.154289 0 0 0 0 0 0 0.131779 0 0
0.147147 -0.00882883 -0.00882883 0.117718 0 0 0 0.573635 0.573635 1.22635 0 0 0 0.00014438 0.00014438 0.00378612 0 0 0 0.155391 0 0 0 0 0 0 0.131779 0 0
0.148148 -0.00888889 -0.00888889 0.118519 0 0 0 0.573635 0.573635 1.22635 0 0 0 0.00014438 0.00014438