# first column: time
# 2 column: 1th component of the strain (EXX)
# 3 column: 2th component of the strain (EYY)
# 4 column: 3th component of the strain (EZZ)
# 5 column: 4th component of the strain (EXY)
# 6 column: 5th component of the strain (EXZ)
# 7 column: 6th component of the strain (EYZ)
# 8 column: 1th component of the stress (SXX)
# 9 column: 2th component of the stress (SYY)
# 10 column: 3th component of the stress (SZZ)
# 11 column: 4th component of the stress (SXY)
# 12 column: 5th component of the stress (SXZ)
# 13 column: 6th component of the stress (SYZ)
# 14 column: first  component of internal variable 'ElasticStrain'
# 15 column: second component of internal variable 'ElasticStrain'
# 16 column: third  component of internal variable 'ElasticStrain'
# 17 column: fourth  component of internal variable 'ElasticStrain'
# 18 column: fifth   component of internal variable 'ElasticStrain'
# 19 column: sixth   component of internal variable 'ElasticStrain'
# 20 column: EquivalentPlasticStrain
# 21 column: first  component of internal variable 'PlasticStrain'
# 22 column: second component of internal variable 'PlasticStrain'
# 23 column: third  component of internal variable 'PlasticStrain'
# 24 column: fourth  component of internal variable 'PlasticStrain'
# 25 column: fifth   component of internal variable 'PlasticStrain'
# 26 column: sixth   component of internal variable 'PlasticStrain'
# 27 column: yielding
# 28 column: stored energy
# 29 column: disspated energy
0 0 0 0 0 0 0 0 0 0 0 0 0 0 0 0 0 0 0 0 0 0 0 0 0 0 0 0 0
0.001001 -6.00601e-05 -6.00601e-05 0.000800801 0 0 0 0.0807346 0.0807346 0.235027 0 0 0 -6.00601e-05 -6.00601e-05 0.000800801 0 0 0 0 0 0 0 0 0 0 -1.04158 0 0
0.002002 -0.00012012 -0.00012012 0.0016016 0 0 0 0.161469 0.161469 0.470055 0 0 0 -0.00012012 -0.00012012 0.0016016 0 0 0 0 0 0 0 0 0 0 -0.870865 0 0
0.003003 -0.00018018 -0.00018018 0.0024024 0 0 0 0.242204 0.242204 0.705082 0 0 0 -0.00018018 -0.00018018 0.0024024 0 0 0 0 0 0 0 0 0 0 -0.700145 0 0
0.004004 -0.00024024 -0.00024024 0.0032032 0 0 0 0.322938 0.322938 0.940109 0 0 0 -0.00024024 -0.00024024 0.0032032 0 0 0 0 0 0 0 0 0 0 -0.529426 0 0
0.00500501 -0.0003003 -0.0003003 0.004004 0 0 0 0.403673 0.403673 1.17514 0 0 0 -0.0003003 -0.0003003 0.004004 0 0 0 0 0 0 0 0 0 0 -0.358706 0 0
0.00600601 -0.00036036 -0.00036036 0.0048048 0 0 0 0.484407 0.484407 1.41016 0 0 0 -0.00036036 -0.00036036 0.0048048 0 0 0 0 0 0 0 0 0 0 -0.187987 0 0
0.00700701 -0.00042042 -0.00042042 0.00560561 0 0 0 0.565142 0.565142 1.64519 0 0 0 -0.00042042 -0.00042042 0.00560561 0 0 0 0 0 0 0 0 0 0 -0.017267 0 0
0.00800801 -0.00048048 -0.00048048 0.00640641 0 0 0 0.581949 0.581949 1.67079 0 0 0 -0.000402887 -0.000402887 0.00567219 0 0 0 0.0009374 0 0 0 0 0 0 0.153453 0 0
0.00900901 -0.000540541 -0.000540541 0.00720721 0 0 0 0.591562 0.591562 1.67282 0 0 0 -0.000376622 -0.000376622 0.00565615 0 0 0 0.00198028 0 0 0 0 0 0 0.17072 0 0
0.01001 -0.000600601 -0.000600601 0.00800801 0 0 0 0.601175 0.601175 1.67485 0 0 0 -0.000350358 -0.000350358 0.00564012 0 0 0 0.00302316 0 0 0 0 0 0 0.17072 0 0
0.011011 -0.000660661 -0.000660661 0.00880881 0 0 0 0.610788 0.610788 1.67688 0 0 0 -0.000324093 -0.000324093 0.00562408 0 0 0 0.00406604 0 0 0 0 0 0 0.17072 0 0
0.012012 -0.000720721 -0.000720721 0.00960961 0 0 0 0.620401 0.620401 1.67892 0 0 0 -0.000297829 -0.000297829 0.00560805 0 0 0 0.00510892 0 0 0 0 0 0 0.17072 0 0
0.013013 -0.000780781 -0.000780781 0.0104104 0 0 0 0.630014 0.630014 1.68095 0 0 0 -0.000271564 -0.000271564 0.00559202 0 0 0 0.00615179 0 0 0 0 0 0 0.17072 0 0
0.014014 -0.000840841 -0.000840841 0.0112112 0 0 0 0.639627 0.639627 1.68298 0 0 0 -0.0002453 -0.0002453 0.00557598 0 0 0 0.00719467 0 0 0 0 0 0 0.17072 0 0
0.015015 -0.000900901 -0.000900901 0.012012 0 0 0 0.649241 0.649241 1.68501 0 0 0 -0.000219035 -0.000219035 0.00555995 0 0 0 0.00823755 0 0 0 0 0 0 0.17072 0 0
0.016016 -0.000960961 -0.000960961 0.0128128 0 0 0 0.658854 0.658854 1.68704 0 0 0 -0.000192771 -0.000192771 0.00554391 0 0 0 0.00928043 0 0 0 0 0 0 0.17072 0 0
0.017017 -0.00102102 -0.00102102 0.0136136 0 0 0 0.668467 0.668467 1.68908 0 0 0 -0.000166506 -0.000166506 0.00552788 0 0 0 0.0103233 0 0 0 0 0 0 0.17072 0 0
0.018018 -0.00108108 -0.00108108 0.0144144 0 0 0 0.67808 0.67808 1.69111 0 0 0 -0.000140242 -0.000140242 0.00551184 0 0 0 0.0113662 0 0 0 0 0 0 0.17072 0 0
0.019019 -0.00114114 -0.00114114 0.0152152 0 0 0 0.687693 0.687693 1.69314 0 0 0 -0.000113977 -0.000113977 0.00549581 0 0 0 0.0124091 0 0 0 0 0 0 0.17072 0 0
0.02002 -0.0012012 -0.0012012 0.016016 0 0 0 0.697306 0.697306 1.69517 0 0 0 -8.77129e-05 -8.77129e-05 0.00547978 0 0 0 0.0134519 0 0 0 0 0 0 0.17072 0 0
0.021021 -0.00126126 -0.00126126 0.0168168 0 0 0 0.706919 0.706919 1.6972 0 0 0 -6.14484e-05 -6.14484e-05 0.00546374 0 0 0 0.0144948 0 0 0 0 0 0 0.17072 0 0
0.022022 -0.00132132 -0.00132132 0.0176176 0 0 0 0.716532 0.716532 1.69924 0 0 0 -3.51839e-05 -3.51839e-05 0.00544771 0 0 0 0.0155377 0 0 0 0 0 0 0.17072 0 0
0.023023 -0.00138138 -0.00138138 0.0184184 0 0 0 0.726146 0.726146 1.70127 0 0 0 -8.91935e-06 -8.91935e-06 0.00543167 0 0 0 0.0165806 0 0 0 0 0 0 0.17072 0 0
0.024024 -0.00144144 -0.00144144 0.0192192 0 0 0 0.735759 0.735759 1.7033 0 0 0 1.73452e-05 1.73452e-05 0.00541564 0 0 0 0.0176235 0 0 0 0 0 0 0.17072 0 0
0.025025 -0.0015015 -0.0015015 0.02002 0 0 0 0.745372 0.745372 1.70533 0 0 0 4.36097e-05 4.36097e-05 0.0053996 0 0 0 0.0186663 0 0 0 0 0 0 0.17072 0 0
0.026026 -0.00156156 -0.00156156 0.0208208 0 0 0 0.754985 0.754985 1.70736 0 0 0 6.98742e-05 6.98742e-05 0.00538357 0 0 0 0.0197092 0 0 0 0 0 0 0.17072 0 0
0.027027 -0.00162162 -0.00162162 0.0216216 0 0 0 0.764598 0.764598 1.70939 0 0 0 9.61387e-05 9.61387e-05 0.00536753 0 0 0 0.0207521 0 0 0 0 0 0 0.17072 0 0
0.028028 -0.00168168 -0.00168168 0.0224224 0 0 0 0.774211 0.774211 1.71143 0 0 0 0.000122403 0.000122403 0.0053515 0 0 0 0.021795 0 0 0 0 0 0 0.17072 0 0
0.029029 -0.00174174 -0.00174174 0.0232232 0 0 0 0.783824 0.783824 1.71346 0 0 0 0.000148668 0.000148668 0.00533547 0 0 0 0.0228379 0 0 0 0 0 0 0.17072 0 0
0.03003 -0.0018018 -0.0018018 0.024024 0 0 0 0.793437 0.793437 1.71549 0 0 0 0.000174932 0.000174932 0.00531943 0 0 0 0.0238807 0 0 0 0 0 0 0.17072 0 0
0.031031 -0.00186186 -0.00186186 0.0248248 0 0 0 0.803051 0.803051 1.71752 0 0 0 0.000201197 0.000201197 0.0053034 0 0 0 0.0249236 0 0 0 0 0 0 0.17072 0 0
0.032032 -0.00192192 -0.00192192 0.0256256 0 0 0 0.812664 0.812664 1.71955 0 0 0 0.000227461 0.000227461 0.00528736 0 0 0 0.0259665 0 0 0 0 0 0 0.17072 0 0
0.033033 -0.00198198 -0.00198198 0.0264264 0 0 0 0.822277 0.822277 1.72159 0 0 0 0.000253726 0.000253726 0.00527133 0 0 0 0.0270094 0 0 0 0 0 0 0.17072 0 0
0.034034 -0.00204204 -0.00204204 0.0272272 0 0 0 0.83189 0.83189 1.72362 0 0 0 0.00027999 0.00027999 0.00525529 0 0 0 0.0280523 0 0 0 0 0 0 0.17072 0 0
0.035035 -0.0021021 -0.0021021 0.028028 0 0 0 0.841503 0.841503 1.72565 0 0 0 0.000306255 0.000306255 0.00523926 0 0 0 0.0290951 0 0 0 0 0 0 0.17072 0 0
0.036036 -0.00216216 -0.00216216 0.0288288 0 0 0 0.851116 0.851116 1.72768 0 0 0 0.000332519 0.000332519 0.00522323 0 0 0 0.030138 0 0 0 0 0 0 0.17072 0 0
0.037037 -0.00222222 -0.00222222 0.0296296 0 0 0 0.860729 0.860729 1.72971 0 0 0 0.000358784 0.000358784 0.00520719 0 0 0 0.0311809 0 0 0 0 0 0 0.17072 0 0
0.038038 -0.00228228 -0.00228228 0.0304304 0 0 0 0.870342 0.870342 1.73174 0 0 0 0.000385048 0.000385048 0.00519116 0 0 0 0.0322238 0 0 0 0 0 0 0.17072 0 0
0.039039 -0.00234234 -0.00234234 0.0312312 0 0 0 0.879956 0.879956 1.73378 0 0 0 0.000411313 0.000411313 0.00517512 0 0 0 0.0332667 0 0 0 0 0 0 0.17072 0 0
0.04004 -0.0024024 -0.0024024 0.032032 0 0 0 0.889569 0.889569 1.73581 0 0 0 0.000437577 0.000437577 0.00515909 0 0 0 0.0343095 0 0 0 0 0 0 0.17072 0 0
0.041041 -0.00246246 -0.00246246 0.0328328 0 0 0 0.899182 0.899182 1.73784 0 0 0 0.000463842 0.000463842 0.00514305 0 0 0 0.0353524 0 0 0 0 0 0 0.17072 0 0
0.042042 -0.00252252 -0.00252252 0.0336336 0 0 0 0.908795 0.908795 1.73987 0 0 0 0.000490106 0.000490106 0.00512702 0 0 0 0.0363953 0 0 0 0 0 0 0.17072 0 0
0.043043 -0.00258258 -0.00258258 0.0344344 0 0 0 0.918408 0.918408 1.7419 0 0 0 0.000516371 0.000516371 0.00511098 0 0 0 0.0374382 0 0 0 0 0 0 0.17072 0 0
0.044044 -0.00264264 -0.00264264 0.0352352 0 0 0 0.928021 0.928021 1.74394 0 0 0 0.000542635 0.000542635 0.00509495 0 0 0 0.038481 0 0 0 0 0 0 0.17072 0 0
0.045045 -0.0027027 -0.0027027 0.036036 0 0 0 0.937634 0.937634 1.74597 0 0 0 0.0005689 0.0005689 0.00507892 0 0 0 0.0395239 0 0 0 0 0 0 0.17072 0 0
0.046046 -0.00276276 -0.00276276 0.0368368 0 0 0 0.947247 0.947247 1.748 0 0 0 0.000595164 0.000595164 0.00506288 0 0 0 0.0405668 0 0 0 0 0 0 0.17072 0 0
0.047047 -0.00282282 -0.00282282 0.0376376 0 0 0 0.956861 0.956861 1.75003 0 0 0 0.000621429 0.000621429 0.00504685 0 0 0 0.0416097 0 0 0 0 0 0 0.17072 0 0
0.048048 -0.00288288 -0.00288288 0.0384384 0 0 0 0.966474 0.966474 1.75206 0 0 0 0.000647693 0.000647693 0.00503081 0 0 0 0.0426526 0 0 0 0 0 0 0.17072 0 0
0.049049 -0.00294294 -0.00294294 0.0392392 0 0 0 0.976087 0.976087 1.7541 0 0 0 0.000673958 0.000673958 0.00501478 0 0 0 0.0436954 0 0 0 0 0 0 0.17072 0 0
0.0500501 -0.003003 -0.003003 0.04004 0 0 0 0.9857 0.9857 1.75613 0 0 0 0.000700222 0.000700222 0.00499874 0 0 0 0.0447383 0 0 0 0 0 0 0.17072 0 0
0.0510511 -0.00306306 -0.00306306 0.0408408 0 0 0 0.995313 0.995313 1.75816 0 0 0 0.000726487 0.000726487 0.00498271 0 0 0 0.0457812 0 0 0 0 0 0 0.17072 0 0
0.0520521 -0.00312312 -0.00312312 0.0416416 0 0 0 1.00493 1.00493 1.76019 0 0 0 0.000752751 0.000752751 0.00496667 0 0 0 0.0468241 0 0 0 0 0 0 0.17072 0 0
0.0530531 -0.00318318 -0.00318318 0.0424424 0 0 0 1.01454 1.01454 1.76222 0 0 0 0.000779016 0.000779016 0.00495064 0 0 0 0.047867 0 0 0 0 0 0 0.17072 0 0
0.0540541 -0.00324324 -0.00324324 0.0432432 0 0 0 1.02415 1.02415 1.76425 0 0 0 0.00080528 0.00080528 0.00493461 0 0 0 0.0489098 0 0 0 0 0 0 0.17072 0 0
0.0550551 -0.0033033 -0.0033033 0.044044 0 0 0 1.03377 1.03377 1.76629 0 0 0 0.000831545 0.000831545 0.00491857 0 0 0 0.0499527 0 0 0 0 0 0 0.17072 0 0
0.0560561 -0.00336336 -0.00336336 0.0448448 0 0 0 1.04338 1.04338 1.76832 0 0 0 0.000857809 0.000857809 0.00490254 0 0 0 0.0509956 0 0 0 0 0 0 0.17072 0 0
0.0570571 -0.00342342 -0.00342342 0.0456456 0 0 0 1.05299 1.05299 1.77035 0 0 0 0.000884074 0.000884074 0.0048865 0 0 0 0.0520385 0 0 0 0 0 0 0.17072 0 0
0.0580581 -0.00348348 -0.00348348 0.0464464 0 0 0 1.06261 1.06261 1.77238 0 0 0 0.000910338 0.000910338 0.00487047 0 0 0 0.0530814 0 0 0 0 0 0 0.17072 0 0
0.0590591 -0.00354354 -0.00354354 0.0472472 0 0 0 1.07222 1.07222 1.77441 0 0 0 0.000936603 0.000936603 0.00485443 0 0 0 0.0541242 0 0 0 0 0 0 0.17072 0 0
0.0600601 -0.0036036 -0.0036036 0.048048 0 0 0 1.08183 1.08183 1.77645 0 0 0 0.000962868 0.000962868 0.0048384 0 0 0 0.0551671 0 0 0 0 0 0 0.17072 0 0
0.0610611 -0.00366366 -0.00366366 0.0488488 0 0 0 1.09144 1.09144 1.77848 0 0 0 0.000989132 0.000989132 0.00482237 0 0 0 0.05621 0 0 0 0 0 0 0.17072 0 0
0.0620621 -0.00372372 -0.00372372 0.0496496 0 0 0 1.10106 1.10106 1.78051 0 0 0 0.0010154 0.0010154 0.00480633 0 0 0 0.0572529 0 0 0 0 0 0 0.17072 0 0
0.0630631 -0.00378378 -0.00378378 0.0504505 0 0 0 1.11067 1.11067 1.78254 0 0 0 0.00104166 0.00104166 0.0047903 0 0 0 0.0582957 0 0 0 0 0 0 0.17072 0 0
0.0640641 -0.00384384 -0.00384384 0.0512513 0 0 0 1.12028 1.12028 1.78457 0 0 0 0.00106793 0.00106793 0.00477426 0 0 0 0.0593386 0 0 0 0 0 0 0.17072 0 0
0.0650651 -0.0039039 -0.0039039 0.0520521 0 0 0 1.1299 1.1299 1.78661 0 0 0 0.00109419 0.00109419 0.00475823 0 0 0 0.0603815 0 0 0 0 0 0 0.17072 0 0
0.0660661 -0.00396396 -0.00396396 0.0528529 0 0 0 1.13951 1.13951 1.78864 0 0 0 0.00112045 0.00112045 0.00474219 0 0 0 0.0614244 0 0 0 0 0 0 0.17072 0 0
0.0670671 -0.00402402 -0.00402402 0.0536537 0 0 0 1.14912 1.14912 1.79067 0 0 0 0.00114672 0.00114672 0.00472616 0 0 0 0.0624673 0 0 0 0 0 0 0.17072 0 0
0.0680681 -0.00408408 -0.00408408 0.0544545 0 0 0 1.15874 1.15874 1.7927 0 0 0 0.00117298 0.00117298 0.00471012 0 0 0 0.0635101 0 0 0 0 0 0 0.17072 0 0
0.0690691 -0.00414414 -0.00414414 0.0552553 0 0 0 1.16835 1.16835 1.79473 0 0 0 0.00119925 0.00119925 0.00469409 0 0 0 0.064553 0 0 0 0 0 0 0.17072 0 0
0.0700701 -0.0042042 -0.0042042 0.0560561 0 0 0 1.17796 1.17796 1.79676 0 0 0 0.00122551 0.00122551 0.00467806 0 0 0 0.0655959 0 0 0 0 0 0 0.17072 0 0
0.0710711 -0.00426426 -0.00426426 0.0568569 0 0 0 1.18758 1.18758 1.7988 0 0 0 0.00125178 0.00125178 0.00466202 0 0 0 0.0666388 0 0 0 0 0 0 0.17072 0 0
0.0720721 -0.00432432 -0.00432432 0.0576577 0 0 0 1.19719 1.19719 1.80083 0 0 0 0.00127804 0.00127804 0.00464599 0 0 0 0.0676817 0 0 0 0 0 0 0.17072 0 0
0.0730731 -0.00438438 -0.00438438 0.0584585 0 0 0 1.2068 1.2068 1.80286 0 0 0 0.00130431 0.00130431 0.00462995 0 0 0 0.0687245 0 0 0 0 0 0 0.17072 0 0
0.0740741 -0.00444444 -0.00444444 0.0592593 0 0 0 1.21642 1.21642 1.80489 0 0 0 0.00133057 0.00133057 0.00461392 0 0 0 0.0697674 0 0 0 0 0 0 0.17072 0 0
0.0750751 -0.0045045 -0.0045045 0.0600601 0 0 0 1.22603 1.22603 1.80692 0 0 0 0.00135684 0.00135684 0.00459788 0 0 0 0.0708103 0 0 0 0 0 0 0.17072 0 0
0.0760761 -0.00456456 -0.00456456 0.0608609 0 0 0 1.23564 1.23564 1.80896 0 0 0 0.0013831 0.0013831 0.00458185 0 0 0 0.0718532 0 0 0 0 0 0 0.17072 0 0
0.0770771 -0.00462462 -0.00462462 0.0616617 0 0 0 1.24525 1.24525 1.81099 0 0 0 0.00140936 0.00140936 0.00456582 0 0 0 0.0728961 0 0 0 0 0 0 0.17072 0 0
0.0780781 -0.00468468 -0.00468468 0.0624625 0 0 0 1.25487 1.25487 1.81302 0 0 0 0.00143563 0.00143563 0.00454978 0 0 0 0.0739389 0 0 0 0 0 0 0.17072 0 0
0.0790791 -0.00474474 -0.00474474 0.0632633 0 0 0 1.26448 1.26448 1.81505 0 0 0 0.00146189 0.00146189 0.00453375 0 0 0 0.0749818 0 0 0 0 0 0 0.17072 0 0
0.0800801 -0.0048048 -0.0048048 0.0640641 0 0 0 1.27409 1.27409 1.81708 0 0 0 0.00148816 0.00148816 0.00451771 0 0 0 0.0760247 0 0 0 0 0 0 0.17072 0 0
0.0810811 -0.00486486 -0.00486486 0.0648649 0 0 0 1.28371 1.28371 1.81912 0 0 0 0.00151442 0.00151442 0.00450168 0 0 0 0.0770676 0 0 0 0 0 0 0.17072 0 0
0.0820821 -0.00492492 -0.00492492 0.0656657 0 0 0 1.29332 1.29332 1.82115 0 0 0 0.00154069 0.00154069 0.00448564 0 0 0 0.0781105 0 0 0 0 0 0 0.17072 0 0
0.0830831 -0.00498498 -0.00498498 0.0664665 0 0 0 1.30293 1.30293 1.82318 0 0 0 0.00156695 0.00156695 0.00446961 0 0 0 0.0791533 0 0 0 0 0 0 0.17072 0 0
0.0840841 -0.00504505 -0.00504505 0.0672673 0 0 0 1.31255 1.31255 1.82521 0 0 0 0.00159322 0.00159322 0.00445357 0 0 0 0.0801962 0 0 0 0 0 0 0.17072 0 0
0.0850851 -0.00510511 -0.00510511 0.0680681 0 0 0 1.32216 1.32216 1.82724 0 0 0 0.00161948 0.00161948 0.00443754 0 0 0 0.0812391 0 0 0 0 0 0 0.17072 0 0
0.0860861 -0.00516517 -0.00516517 0.0688689 0 0 0 1.33177 1.33177 1.82927 0 0 0 0.00164574 0.00164574 0.00442151 0 0 0 0.082282 0 0 0 0 0 0 0.17072 0 0
0.0870871 -0.00522523 -0.00522523 0.0696697 0 0 0 1.34139 1.34139 1.83131 0 0 0 0.00167201 0.00167201 0.00440547 0 0 0 0.0833248 0 0 0 0 0 0 0.17072 0 0
0.0880881 -0.00528529 -0.00528529 0.0704705 0 0 0 1.351 1.351 1.83334 0 0 0 0.00169827 0.00169827 0.00438944 0 0 0 0.0843677 0 0 0 0 0 0 0.17072 0 0
0.0890891 -0.00534535 -0.00534535 0.0712713 0 0 0 1.36061 1.36061 1.83537 0 0 0 0.00172454 0.00172454 0.0043734 0 0 0 0.0854106 0 0 0 0 0 0 0.17072 0 0
0.0900901 -0.00540541 -0.00540541 0.0720721 0 0 0 1.37023 1.37023 1.8374 0 0 0 0.0017508 0.0017508 0.00435737 0 0 0 0.0864535 0 0 0 0 0 0 0.17072 0 0
0.0910911 -0.00546547 -0.00546547 0.0728729 0 0 0 1.37984 1.37984 1.83943 0 0 0 0.00177707 0.00177707 0.00434133 0 0 0 0.0874964 0 0 0 0 0 0 0.17072 0 0
0.0920921 -0.00552553 -0.00552553 0.0736737 0 0 0 1.38945 1.38945 1.84147 0 0 0 0.00180333 0.00180333 0.0043253 0 0 0 0.0885392 0 0 0 0 0 0 0.17072 0 0
0.0930931 -0.00558559 -0.00558559 0.0744745 0 0 0 1.39906 1.39906 1.8435 0 0 0 0.0018296 0.0018296 0.00430926 0 0 0 0.0895821 0 0 0 0 0 0 0.17072 0 0
0.0940941 -0.00564565 -0.00564565 0.0752753 0 0 0 1.40868 1.40868 1.84553 0 0 0 0.00185586 0.00185586 0.00429323 0 0 0 0.090625 0 0 0 0 0 0 0.17072 0 0
0.0950951 -0.00570571 -0.00570571 0.0760761 0 0 0 1.41829 1.41829 1.84756 0 0 0 0.00188213 0.00188213 0.0042772 0 0 0 0.0916679 0 0 0 0 0 0 0.17072 0 0
0.0960961 -0.00576577 -0.00576577 0.0768769 0 0 0 1.4279 1.4279 1.84959 0 0 0 0.00190839 0.00190839 0.00426116 0 0 0 0.0927108 0 0 0 0 0 0 0.17072 0 0
0.0970971 -0.00582583 -0.00582583 0.0776777 0 0 0 1.43752 1.43752 1.85162 0 0 0 0.00193465 0.00193465 0.00424513 0 0 0 0.0937536 0 0 0 0 0 0 0.17072 0 0
0.0980981 -0.00588589 -0.00588589 0.0784785 0 0 0 1.44713 1.44713 1.85366 0 0 0 0.00196092 0.00196092 0.00422909 0 0 0 0.0947965 0 0 0 0 0 0 0.17072 0 0
0.0990991 -0.00594595 -0.00594595 0.0792793 0 0 0 1.45674 1.45674 1.85569 0 0 0 0.00198718 0.00198718 0.00421306 0 0 0 0.0958394 0 0 0 0 0 0 0.17072 0 0
0.1001 -0.00600601 -0.00600601 0.0800801 0 0 0 1.46636 1.46636 1.85772 0 0 0 0.00201345 0.00201345 0.00419702 0 0 0 0.0968823 0 0 0 0 0 0 0.17072 0 0
0.101101 -0.00606607 -0.00606607 0.0808809 0 0 0 1.47597 1.47597 1.85975 0 0 0 0.00203971 0.00203971 0.00418099 0 0 0 0.0979252 0 0 0 0 0 0 0.17072 0 0
0.102102 -0.00612613 -0.00612613 0.0816817 0 0 0 1.48558 1.48558 1.86178 0 0 0 0.00206598 0.00206598 0.00416496 0 0 0 0.098968 0 0 0 0 0 0 0.17072 0 0
0.103103 -0.00618619 -0.00618619 0.0824825 0 0 0 1.4952 1.4952 1.86382 0 0 0 0.00209224 0.00209224 0.00414892 0 0 0 0.100011 0 0 0 0 0 0 0.17072 0 0
0.104104 -0.00624625 -0.00624625 0.0832833 0 0 0 1.50481 1.50481 1.86585 0 0 0 0.00211851 0.00211851 0.00413289 0 0 0 0.101054 0 0 0 0 0 0 0.17072 0 0
0.105105 -0.00630631 -0.00630631 0.0840841 0 0 0 1.51442 1.51442 1.86788 0 0 0 0.00214477 0.00214477 0.00411685 0 0 0 0.102097 0 0 0 0 0 0 0.17072 0 0
0.106106 -0.00636637 -0.00636637 0.0848849 0 0 0 1.52404 1.52404 1.86991 0 0 0 0.00217103 0.00217103 0.00410082 0 0 0 0.10314 0 0 0 0 0 0 0.17072 0 0
0.107107 -0.00642643 -0.00642643 0.0856857 0 0 0 1.53365 1.53365 1.87194 0 0 0 0.0021973 0.0021973 0.00408478 0 0 0 0.104182 0 0 0 0 0 0 0.17072 0 0
0.108108 -0.00648649 -0.00648649 0.0864865 0 0 0 1.54326 1.54326 1.87398 0 0 0 0.00222356 0.00222356 0.00406875 0 0 0 0.105225 0 0 0 0 0 0 0.17072 0 0
0.109109 -0.00654655 -0.00654655 0.0872873 0 0 0 1.55287 1.55287 1.87601 0 0 0 0.00224983 0.00224983 0.00405271 0 0 0 0.106268 0 0 0 0 0 0 0.17072 0 0
0.11011 -0.00660661 -0.00660661 0.0880881 0 0 0 1.56249 1.56249 1.87804 0 0 0 0.00227609 0.00227609 0.00403668 0 0 0 0.107311 0 0 0 0 0 0 0.17072 0 0
0.111111 -0.00666667 -0.00666667 0.0888889 0 0 0 1.5721 1.5721 1.88007 0 0 0 0.00230236 0.00230236 0.00402065 0 0 0 0.108354 0 0 0 0 0 0 0.17072 0 0
0.112112 -0.00672673 -0.00672673 0.0896897 0 0 0 1.58171 1.58171 1.8821 0 0 0 0.00232862 0.00232862 0.00400461 0 0 0 0.109397 0 0 0 0 0 0 0.17072 0 0
0.113113 -0.00678679 -0.00678679 0.0904905 0 0 0 1.59133 1.59133 1.88413 0 0 0 0.00235489 0.00235489 0.00398858 0 0 0 0.11044 0 0 0 0 0 0 0.17072 0 0
0.114114 -0.00684685 -0.00684685 0.0912913 0 0 0 1.60094 1.60094 1.88617 0 0 0 0.00238115 0.00238115 0.00397254 0 0 0 0.111483 0 0 0 0 0 0 0.17072 0 0
0.115115 -0.00690691 -0.00690691 0.0920921 0 0 0 1.61055 1.61055 1.8882 0 0 0 0.00240742 0.00240742 0.00395651 0 0 0 0.112525 0 0 0 0 0 0 0.17072 0 0
0.116116 -0.00696697 -0.00696697 0.0928929 0 0 0 1.62017 1.62017 1.89023 0 0 0 0.00243368 0.00243368 0.00394047 0 0 0 0.113568 0 0 0 0 0 0 0.17072 0 0
0.117117 -0.00702703 -0.00702703 0.0936937 0 0 0 1.62978 1.62978 1.89226 0 0 0 0.00245994 0.00245994 0.00392444 0 0 0 0.114611 0 0 0 0 0 0 0.17072 0 0
0.118118 -0.00708709 -0.00708709 0.0944945 0 0 0 1.63939 1.63939 1.89429 0 0 0 0.00248621 0.00248621 0.00390841 0 0 0 0.115654 0 0 0 0 0 0 0.17072 0 0
0.119119 -0.00714715 -0.00714715 0.0952953 0 0 0 1.64901 1.64901 1.89633 0 0 0 0.00251247 0.00251247 0.00389237 0 0 0 0.116697 0 0 0 0 0 0 0.17072 0 0
0.12012 -0.00720721 -0.00720721 0.0960961 0 0 0 1.65862 1.65862 1.89836 0 0 0 0.00253874 0.00253874 0.00387634 0 0 0 0.11774 0 0 0 0 0 0 0.17072 0 0
0.121121 -0.00726727 -0.00726727 0.0968969 0 0 0 1.66823 1.66823 1.90039 0 0 0 0.002565 0.002565 0.0038603 0 0 0 0.118783 0 0 0 0 0 0 0.17072 0 0
0.122122 -0.00732733 -0.00732733 0.0976977 0 0 0 1.67785 1.67785 1.90242 0 0 0 0.00259127 0.00259127 0.00384427 0 0 0 0.119826 0 0 0 0 0 0 0.17072 0 0
0.123123 -0.00738739 -0.00738739 0.0984985 0 0 0 1.68746 1.68746 1.90445 0 0 0 0.00261753 0.00261753 0.00382823 0 0 0 0.120868 0 0 0 0 0 0 0.17072 0 0
0.124124 -0.00744745 -0.00744745 0.0992993 0 0 0 1.69707 1.69707 1.90649 0 0 0 0.0026438 0.0026438 0.0038122 0 0 0 0.121911 0 0 0 0 0 0 0.17072 0 0
0.125125 -0.00750751 -0.00750751 0.1001 0 0 0 1.70668 1.70668 1.90852 0 0 0 0.00267006 0.00267006 0.00379616 0 0 0 0.122954 0 0 0 0 0 0 0.17072 0 0
0.126126 -0.00756757 -0.00756757 0.100901 0 0 0 1.7163 1.7163 1.91055 0 0 0 0.00269633 0.00269633 0.00378013 0 0 0 0.123997 0 0 0 0 0 0 0.17072 0 0
0.127127 -0.00762763 -0.00762763 0.101702 0 0 0 1.72591 1.72591 1.91258 0 0 0 0.00272259 0.00272259 0.0037641 0 0 0 0.12504 0 0 0 0 0 0 0.17072 0 0
0.128128 -0.00768769 -0.00768769 0.102503 0 0 0 1.73552 1.73552 1.91461 0 0 0 0.00274885 0.00274885 0.00374806 0 0 0 0.126083 0 0 0 0 0 0 0.17072 0 0
0.129129 -0.00774775 -0.00774775 0.103303 0 0 0 1.74514 1.74514 1.91664 0 0 0 0.00277512 0.00277512 0.00373203 0 0 0 0.127126 0 0 0 0 0 0 0.17072 0 0
0.13013 -0.00780781 -0.00780781 0.104104 0 0 0 1.75475 1.75475 1.91868 0 0 0 0.00280138 0.00280138 0.00371599 0 0 0 0.128169 0 0 0 0 0 0 0.17072 0 0
0.131131 -0.00786787 -0.00786787 0.104905 0 0 0 1.76436 1.76436 1.92071 0 0 0 0.00282765 0.00282765 0.00369996 0 0 0 0.129212 0 0 0 0 0 0 0.17072 0 0
0.132132 -0.00792793 -0.00792793 0.105706 0 0 0 1.77398 1.77398 1.92274 0 0 0 0.00285391 0.00285391 0.00368392 0 0 0 0.130254 0 0 0 0 0 0 0.17072 0 0
0.133133 -0.00798799 -0.00798799 0.106507 0 0 0 1.78359 1.78359 1.92477 0 0 0 0.00288018 0.00288018 0.00366789 0 0 0 0.131297 0 0 0 0 0 0 0.17072 0 0
0.134134 -0.00804805 -0.00804805 0.107307 0 0 0 1.7932 1.7932 1.9268 0 0 0 0.00290644 0.00290644 0.00365185 0 0 0 0.13234 0 0 0 0 0 0 0.17072 0 0
0.135135 -0.00810811 -0.00810811 0.108108 0 0 0 1.80282 1.80282 1.92884 0 0 0 0.00293271 0.00293271 0.00363582 0 0 0 0.133383 0 0 0 0 0 0 0.17072 0 0
0.136136 -0.00816817 -0.00816817 0.108909 0 0 0 1.81243 1.81243 1.93087 0 0 0 0.00295897 0.00295897 0.00361979 0 0 0 0.134426 0 0 0 0 0 0 0.17072 0 0
0.137137 -0.00822823 -0.00822823 0.10971 0 0 0 1.82204 1.82204 1.9329 0 0 0 0.00298523 0.00298523 0.00360375 0 0 0 0.135469 0 0 0 0 0 0 0.17072 0 0
0.138138 -0.00828829 -0.00828829 0.110511 0 0 0 1.83166 1.83166 1.93493 0 0 0 0.0030115 0.0030115 0.00358772 0 0 0 0.136512 0 0 0 0 0 0 0.17072 0 0
0.139139 -0.00834835 -0.00834835 0.111311 0 0 0 1.84127 1.84127 1.93696 0 0 0 0.00303776 0.00303776 0.00357168 0 0 0 0.137555 0 0 0 0 0 0 0.17072 0 0
0.14014 -0.00840841 -0.00840841 0.112112 0 0 0 1.85088 1.85088 1.939 0 0 0 0.00306403 0.00306403 0.00355565 0 0 0 0.138597 0 0 0 0 0 0 0.17072 0 0
0.141141 -0.00846847 -0.00846847 0.112913 0 0 0 1.86049 1.86049 1.94103 0 0 0 0.00309029 0.00309029 0.00353961 0 0 0 0.13964 0 0 0 0 0 0 0.17072 0 0
0.142142 -0.00852853 -0.00852853 0.113714 0 0 0 1.87011 1.87011 1.94306 0 0 0 0.00311656 0.00311656 0.00352358 0 0 0 0.140683 0 0 0 0 0 0 0.17072 0 0
0.143143 -0.00858859 -0.00858859 0.114515 0 0 0 1.87972 1.87972 1.94509 0 0 0 0.00314282 0.00314282 0.00350755 0 0 0 0.141726 0 0 0 0 0 0 0.17072 0 0
0.144144 -0.00864865 -0.00864865 0.115315 0 0 0 1.88933 1.88933 1.94712 0 0 0 0.00316909 0.00316909 0.00349151 0 0 0 0.142769 0 0 0 0 0 0 0.17072 0 0
0.145145 -0.00870871 -0.00870871 0.116116 0 0 0 1.89895 1.89895 1.94915 0 0 0 0.00319535 0.00319535 0.00347548 0 0 0 0.143812 0 0 0 0 0 0 0.17072 0 0
0.146146 -0.00876877 -0.00876877 0.116917 0 0 0 1.90856 1.90856 1.95119 0 0 0 0.00322162 0.00322162 0.00345944 0 0 0 0.144855 0 0 0 0 0 0 0.17072 0 0
0.147147 -0.00882883 -0.00882883 0.117718 0 0 0 1.91817 1.91817 1.95322 0 0 0 0.00324788 0.00324788 0.00344341 0 0 0 0.145898 0 0 0 0 0 0 0.17072 0 0
0.148148 -0.00888889 -0.00888889 0.118519 0 0 0 1.92779 1.92779 1.95525 0 0 0 0.00327414 0.00327414 0.00342737 0 0 0 0.14694 0 0 0 0 0 0 0.17072 0 0
0.149149 -0.00894895 -0.00894895 0.119319 0 0 0 1.9374 1.9374 1.95728 0 0 0 0.00330041 0.00330041 0.00341134 0 0 0 0.147983 0 0 0 0 0 0 0.17072 0 0
0.15015 -0.00900901 -0.00900901 0.12012 0 0 0 1.94701 1.94701 1.95931 0 0 0 0.00332667 0.00332667 0.0033953 0 0 0 0.149026 0 0 0 0 0 0 0.17072 0 0
0.151151 -0.00906907 -0.00906907 0.120921 0 0 0 1.95663 1.95663 1.96135 0 0 0 0.00335294 0.00335294 0.00337927 0 0 0 0.150069 0 0 0 0 0 0 0.17072 