# first column: time
# 2 column: 1th component of the strain (EXX)
# 3 column: 2th component of the strain (EYY)
# 4 column: 3th component of the strain (EZZ)
# 5 column: 4th component of the strain (EXY)
# 6 column: 5th component of the strain (EXZ)
# 7 column: 6th component of the strain (EYZ)
# 8 column: 1th component of the stress (SXX)
# 9 column: 2th component of the stress (SYY)
# 10 column: 3th component of the stress (SZZ)
# 11 column: 4th component of the stress (SXY)
# 12 column: 5th component of the stress (SXZ)
# 13 column: 6th component of the stress (SYZ)
# 14 column: first  component of internal variable 'ElasticStrain'
# 15 column: second component of internal variable 'ElasticStrain'
# 16 column: third  component of internal variable 'ElasticStrain'
# 17 column: fourth  component of internal variable 'ElasticStrain'
# 18 column: fifth   component of internal variable 'ElasticStrain'
# 19 column: sixth   component of internal variable 'ElasticStrain'
# 20 column: EquivalentPlasticStrain
# 21 column: first  component of internal variable 'PlasticStrain'
# 22 column: second component of internal variable 'PlasticStrain'
# 23 column: third  component of internal variable 'PlasticStrain'
# 24 column: fourth  component of internal variable 'PlasticStrain'
# 25 column: fifth   component of internal variable 'PlasticStrain'
# 26 column: sixth   component of internal variable 'PlasticStrain'
# 27 column: stored energy
# 28 column: disspated energy
0 0 0 0 0 0 0 0 0 0 0 0 0 0 0 0 0 0 0 0 0 0 0 0 0 0 0 0
0.025641 3.07692e-05 3.07692e-05 -0.000102564 0 0 0 -2.00473e-14 -2.00499e-14 -0.0512821 0 0 0 3.07692e-05 3.07692e-05 -0.000102564 0 0 0 0 4.91957e-18 4.91957e-18 5.31124e-17 0 0 0 0 0
0.0512821 6.15385e-05 6.15385e-05 -0.000205128 0 0 0 -2.00527e-14 -2.00527e-14 -0.102564 0 0 0 6.15385e-05 6.15385e-05 -0.000205128 0 0 0 0 9.83913e-18 9.83913e-18 1.06225e-16 0 0 0 0 0
0.0769231 9.23077e-05 9.23077e-05 -0.000307692 0 0 0 -2.00633e-14 -2.00633e-14 -0.153846 0 0 0 9.23077e-05 9.23077e-05 -0.000307692 0 0 0 0 1.47587e-17 1.47587e-17 1.59337e-16 0 0 0 0 0
0.102564 0.000123077 0.000123077 -0.000410256 0 0 0 -2.0053e-14 -2.0053e-14 -0.205128 0 0 0 0.000123077 0.000123077 -0.000410256 0 0 0 0 1.96783e-17 1.96783e-17 2.12449e-16 0 0 0 0 0
0.128205 0.000153846 0.000153846 -0.000512821 0 0 0 -2.00619e-14 -2.00619e-14 -0.25641 0 0 0 0.000153846 0.000153846 -0.000512821 0 0 0 0 2.45978e-17 2.45978e-17 2.65562e-16 0 0 0 0 0
0.153846 0.000192638 0.000192638 -0.000615385 0 0 0 -7.84011e-19 -7.84011e-19 -0.297912 0 0 0 0.000178747 0.000178747 -0.000595825 0 0 0 3.86281e-05 1.38905e-05 1.38905e-05 -1.95598e-05 0 0 0 0 0
0.179487 0.000265475 0.000265475 -0.000717949 0 0 0 9.84572e-14 9.84259e-14 -0.297912 0 0 0 0.000178747 0.000178747 -0.000595825 0 0 0 0.000241179 8.67271e-05 8.67271e-05 -0.000122124 0 0 0 0 0
0.205128 0.000338311 0.000338311 -0.000820513 0 0 0 9.84502e-14 9.8471e-14 -0.297912 0 0 0 0.000178747 0.000178747 -0.000595825 0 0 0 0.00044373 0.000159564 0.000159564 -0.000224688 0 0 0 0 0
0.230769 0.000411148 0.000411148 -0.000923077 0 0 0 9.85266e-14 9.85266e-14 -0.297912 0 0 0 0.000178747 0.000178747 -0.000595825 0 0 0 0.00064628 0.0002324 0.0002324 -0.000327252 0 0 0 0 0
0.25641 0.000447566 0.000447566 -0.000974359 0 0 0 -1.93113e-14 -1.93113e-14 -0.297912 0 0 0 0.000178747 0.000178747 -0.000595825 0 0 0 0.000747556 0.000268819 0.000268819 -0.000378534 0 0 0 0 0
0.282051 0.000416797 0.000416797 -0.000871795 0 0 0 2.00628e-14 2.00628e-14 -0.24663 0 0 0 0.000147978 0.000147978 -0.000493261 0 0 0 0.000747556 0.000268819 0.000268819 -0.000378534 0 0 0 0 0
0.307692 0.000386028 0.000386028 -0.000769231 0 0 0 2.00733e-14 2.00733e-14 -0.195348 0 0 0 0.000117209 0.000117209 -0.000390697 0 0 0 0.000747556 0.000268819 0.000268819 -0.000378534 0 0 0 0 0
0.333333 0.000355258 0.000355258 -0.000666667 0 0 0 2.00492e-14 2.00492e-14 -0.144066 0 0 0 8.64397e-05 8.64397e-05 -0.000288132 0 0 0 0.000747556 0.000268819 0.000268819 -0.000378534 0 0 0 0 0
0.358974 0.000324489 0.000324489 -0.000564103 0 0 0 2.00389e-14 2.00389e-14 -0.0927842 0 0 0 5.56705e-05 5.56705e-05 -0.000185568 0 0 0 0.000747556 0.000268819 0.000268819 -0.000378534 0 0 0 0 0
0.384615 0.00029372 0.00029372 -0.000461538 0 0 0 2.00687e-14 2.00478e-14 -0.0415021 0 0 0 2.49013e-05 2.49013e-05 -8.30043e-05 0 0 0 0.000747556 0.000268819 0.000268819 -0.000378534 0 0 0 0 0
0.410256 0.000262951 0.000262951 -0.000358974 0 0 0 2.00684e-14 2.00684e-14 0.00977991 0 0 0 -5.86795e-06 -5.86795e-06 1.95598e-05 0 0 0 0.000747556 0.000268819 0.000268819 -0.000378534 0 0 0 0 0
0.435897 0.000232181 0.000232181 -0.00025641 0 0 0 2.00429e-14 2.00429e-14 0.061062 0 0 0 -3.66372e-05 -3.66372e-05 0.000122124 0 0 0 0.000747556 0.000268819 0.000268819 -0.000378534 0 0 0 0 0
0.461538 0.000201412 0.000201412 -0.000153846 0 0 0 2.00466e-14 2.00466e-14 0.112344 0 0 0 -6.74064e-05 -6.74064e-05 0.000224688 0 0 0 0.000747556 0.000268819 0.000268819 -0.000378534 0 0 0 0 0
0.487179 0.000170643 0.000170643 -5.12821e-05 0 0 0 2.00363e-14 2.00363e-14 0.163626 0 0 0 -9.81756e-05 -9.81756e-05 0.000327252 0 0 0 0.000747556 0.000268819 0.000268819 -0.000378534 0 0 0 0 0
0.512821 0.000139874 0.000139874 5.12821e-05 0 0 0 2.0066e-14 2.0066e-14 0.214908 0 0 0 -0.000128945 -0.000128945 0.000429816 0 0 0 0.000747556 0.000268819 0.000268819 -0.000378534 0 0 0 0 0
0.538462 0.000106705 0.000106705 0.000153846 0 0 0 1.92946e-11 1.92942e-11 0.232705 0 0 0 -0.000139623 -0.000139623 0.00046541 0 0 0 0.00085087 0.000246327 0.000246327 -0.000311564 0 0 0 0 0
0.564103 7.226e-05 7.226e-05 0.00025641 0 0 0 5.03659e-15 4.94276e-15 0.232705 0 0 0 -0.000139623 -0.000139623 0.00046541 0 0 0 0.00100909 0.000211883 0.000211883 -0.000208999 0 0 0 0 0
0.589744 3.78154e-05 3.78154e-05 0.000358974 0 0 0 -1.2765e-12 -1.2765e-12 0.232705 0 0 0 -0.000139623 -0.000139623 0.00046541 0 0 0 0.00116732 0.000177438 0.000177438 -0.000106435 0 0 0 0 0
0.615385 3.37082e-06 3.37082e-06 0.000461538 0 0 0 -1.27513e-12 -1.27513e-12 0.232705 0 0 0 -0.000139623 -0.000139623 0.00046541 0 0 0 0.00132554 0.000142994 0.000142994 -3.87122e-06 0 0 0 0 0
0.641026 -3.10738e-05 -3.10738e-05 0.000564103 0 0 0 -1.27665e-12 -1.27665e-12 0.232705 0 0 0 -0.000139623 -0.000139623 0.00046541 0 0 0 0.00148377 0.000108549 0.000108549 9.86929e-05 0 0 0 0 0
0.666667 -6.55184e-05 -6.55184e-05 0.000666667 0 0 0 -1.27524e-12 -1.27523e-12 0.232705 0 0 0 -0.000139623 -0.000139623 0.00046541 0 0 0 0.00164199 7.41045e-05 7.41045e-05 0.000201257 0 0 0 0 0
0.692308 -9.99629e-05 -9.99629e-05 0.000769231 0 0 0 -1.27744e-12 -1.27699e-12 0.232705 0 0 0 -0.000139623 -0.000139623 0.00046541 0 0 0 0.00180021 3.966e-05 3.966e-05 0.000303821 0 0 0 0 0
0.717949 -0.000134408 -0.000134408 0.000871795 0 0 0 -1.2781e-12 -1.2781e-12 0.232705 0 0 0 -0.000139623 -0.000139623 0.00046541 0 0 0 0.00195844 5.21537e-06 5.21537e-06 0.000406385 0 0 0 0 0
0.74359 -0.000168852 -0.000168852 0.000974359 0 0 0 -1.27627e-12 -1.27627e-12 0.232705 0 0 0 -0.000139623 -0.000139623 0.00046541 0 0 0 0.00211666 -2.92292e-05 -2.92292e-05 0.000508949 0 0 0 0 0
0.769231 -0.000130391 -0.000130391 0.000846154 0 0 0 -2.50574e-14 -2.50574e-14 0.168602 0 0 0 -0.000101161 -0.000101161 0.000337205 0 0 0 0.00211666 -2.92292e-05 -2.92292e-05 0.000508949 0 0 0 0 0
0.794872 -6.88521e-05 -6.88521e-05 0.000641026 0 0 0 -1.48084e-17 -1.48084e-17 0.0660382 0 0 0 -3.96229e-05 -3.96229e-05 0.000132076 0 0 0 0.00211666 -2.92292e-05 -2.92292e-05 0.000508949 0 0 0 0 0
0.820513 -7.31367e-06 -7.31367e-06 0.000435897 0 0 0 -1.16629e-17 -1.16629e-17 -0.0365259 0 0 0 2.19156e-05 2.19156e-05 -7.30519e-05 0 0 0 0.00211666 -2.92292e-05 -2.92292e-05 0.000508949 0 0 0 0 0
0.846154 5.42248e-05 5.42248e-05 0.000230769 0 0 0 -1.54522e-18 3.66729e-18 -0.13909 0 0 0 8.3454e-05 8.3454e-05 -0.00027818 0 0 0 0.00211666 -2.92292e-05 -2.92292e-05 0.000508949 0 0 0 0 0
0.871795 0.000115763 0.000115763 2.5641e-05 0 0 0 -1.05095e-17 -3.13595e-17 -0.241654 0 0 0 0.000144992 0.000144992 -0.000483308 0 0 0 0.00211666 -2.92292e-05 -2.92292e-05 0.000508949 0 0 0 0 0
0.897436 0.000215287 0.000215287 -0.000179487 0 0 0 4.45023e-17 4.45023e-17 -0.297912 0 0 0 0.000178747 0.000178747 -0.000595825 0 0 0 0.00229956 3.65396e-05 3.65396e-05 0.000416338 0 0 0 0 0
0.923077 0.00036096 0.00036096 -0.000384615 0 0 0 -3.51477e-13 -3.51488e-13 -0.297912 0 0 0 0.000178747 0.000178747 -0.000595825 0 0 0 0.00270466 0.000182213 0.000182213 0.000211209 0 0 0 0 0
0.948718 0.000506633 0.000506633 -0.000589744 0 0 0 -3.51293e-13 -3.51283e-13 -0.297912 0 0 0 0.000178747 0.000178747 -0.000595825 0 0 0 0.00310976 0.000327886 0.000327886 6.0812e-06 0 0 0 0 0
0.974359 0.000652306 0.000652306 -0.000794872 0 0 0 -3.51206e-13 -3.51238e-13 -0.297912 0 0 0 0.000178747 0.000178747 -0.000595825 0 0 0 0.00351486 0.000473559 0.000473559 -0.000199047 0 0 0 0 0
1 0.00079798 0.00079798 -0.001 0 0 0 -3.51245e-13 -3.51276e-13 -0.297912 0 0 0 0.000178747 0.000178747 -0.000595825 0 0 0 0.00391996 0.000619232 0.000619232 -0.000404175 0 0 0 0 0
