# first column: time
# 2 column: 1th component of the strain (EXX)
# 3 column: 2th component of the strain (EYY)
# 4 column: 3th component of the strain (EZZ)
# 5 column: 4th component of the strain (EXY)
# 6 column: 5th component of the strain (EXZ)
# 7 column: 6th component of the strain (EYZ)
# 8 column: 1th component of the stress (SXX)
# 9 column: 2th component of the stress (SYY)
# 10 column: 3th component of the stress (SZZ)
# 11 column: 4th component of the stress (SXY)
# 12 column: 5th component of the stress (SXZ)
# 13 column: 6th component of the stress (SYZ)
# 14 column: first  component of internal variable 'ElasticStrain'
# 15 column: second component of internal variable 'ElasticStrain'
# 16 column: third  component of internal variable 'ElasticStrain'
# 17 column: fourth  component of internal variable 'ElasticStrain'
# 18 column: fifth   component of internal variable 'ElasticStrain'
# 19 column: sixth   component of internal variable 'ElasticStrain'
# 20 column: EquivalentPlasticStrain
# 21 column: first  component of internal variable 'PlasticStrain'
# 22 column: second component of internal variable 'PlasticStrain'
# 23 column: third  component of internal variable 'PlasticStrain'
# 24 column: fourth  component of internal variable 'PlasticStrain'
# 25 column: fifth   component of internal variable 'PlasticStrain'
# 26 column: sixth   component of internal variable 'PlasticStrain'
# 27 column: stored energy
# 28 column: disspated energy
0 0 0 0 0 0 0 0 0 0 0 0 0 0 0 0 0 0 0 0 0 0 0 0 0 0 0 0
0.00250627 3.00752e-06 3.00752e-06 -1.00251e-05 0 0 0 -5.87243e-19 -4.24352e-19 -0.00501253 0 0 0 3.00752e-06 3.00752e-06 -1.00251e-05 0 0 0 0 -2.87991e-20 -2.87991e-20 9.65618e-20 0 0 0 0 0
0.00501253 6.01504e-06 6.01504e-06 -2.00501e-05 0 0 0 1.86584e-20 3.4444e-19 -0.0100251 0 0 0 6.01504e-06 6.01504e-06 -2.00501e-05 0 0 0 0 -5.75982e-20 -5.75982e-20 1.93124e-19 0 0 0 0 0
0.0075188 9.02256e-06 9.02256e-06 -3.00752e-05 0 0 0 6.24559e-19 6.24559e-19 -0.0150376 0 0 0 9.02256e-06 9.02256e-06 -3.00752e-05 0 0 0 0 -8.63974e-20 -8.63974e-20 2.89685e-19 0 0 0 0 0
0.0100251 1.20301e-05 1.20301e-05 -4.01003e-05 0 0 0 -8.30045e-19 -8.30045e-19 -0.0200501 0 0 0 1.20301e-05 1.20301e-05 -4.01003e-05 0 0 0 0 -1.15196e-19 -1.15196e-19 3.86247e-19 0 0 0 0 0
0.0125313 1.50376e-05 1.50376e-05 -5.01253e-05 0 0 0 3.17436e-19 3.17436e-19 -0.0250627 0 0 0 1.50376e-05 1.50376e-05 -5.01253e-05 0 0 0 0 -1.43996e-19 -1.43996e-19 4.82809e-19 0 0 0 0 0
0.0150376 1.80451e-05 1.80451e-05 -6.01504e-05 0 0 0 1.24912e-18 1.24912e-18 -0.0300752 0 0 0 1.80451e-05 1.80451e-05 -6.01504e-05 0 0 0 0 -1.72795e-19 -1.72795e-19 5.79371e-19 0 0 0 0 0
0.0175439 2.10526e-05 2.10526e-05 -7.01754e-05 0 0 0 -1.72441e-18 -1.72441e-18 -0.0350877 0 0 0 2.10526e-05 2.10526e-05 -7.01754e-05 0 0 0 0 -2.01594e-19 -2.01594e-19 6.75932e-19 0 0 0 0 0
0.0200501 2.40602e-05 2.40602e-05 -8.02005e-05 0 0 0 1.37776e-18 1.37776e-18 -0.0401003 0 0 0 2.40602e-05 2.40602e-05 -8.02005e-05 0 0 0 0 -2.30393e-19 -2.30393e-19 7.72494e-19 0 0 0 0 0
0.0225564 2.70677e-05 2.70677e-05 -9.02256e-05 0 0 0 1.38955e-19 1.38955e-19 -0.0451128 0 0 0 2.70677e-05 2.70677e-05 -9.02256e-05 0 0 0 0 -2.59192e-19 -2.59192e-19 8.69056e-19 0 0 0 0 0
0.0250627 3.00752e-05 3.00752e-05 -0.000100251 0 0 0 6.34872e-19 6.34872e-19 -0.0501253 0 0 0 3.00752e-05 3.00752e-05 -0.000100251 0 0 0 0 -2.87991e-19 -2.87991e-19 9.65618e-19 0 0 0 0 0
0.0275689 3.30827e-05 3.30827e-05 -0.000110276 0 0 0 3.73704e-18 3.73704e-18 -0.0551378 0 0 0 3.30827e-05 3.30827e-05 -0.000110276 0 0 0 0 -3.1679e-19 -3.1679e-19 1.06218e-18 0 0 0 0 0
0.0300752 3.60902e-05 3.60902e-05 -0.000120301 0 0 0 2.49824e-18 2.49824e-18 -0.0601504 0 0 0 3.60902e-05 3.60902e-05 -0.000120301 0 0 0 0 -3.45589e-19 -3.45589e-19 1.15874e-18 0 0 0 0 0
0.0325815 3.90977e-05 3.90977e-05 -0.000130326 0 0 0 -3.08155e-18 -3.08155e-18 -0.0651629 0 0 0 3.90977e-05 3.90977e-05 -0.000130326 0 0 0 0 -3.74389e-19 -3.74389e-19 1.2553e-18 0 0 0 0 0
0.0350877 4.21053e-05 4.21053e-05 -0.000140351 0 0 0 -3.44882e-18 -3.44882e-18 -0.0701754 0 0 0 4.21053e-05 4.21053e-05 -0.000140351 0 0 0 0 -4.03188e-19 -4.03188e-19 1.35186e-18 0 0 0 0 0
0.037594 4.51128e-05 4.51128e-05 -0.000150376 0 0 0 -2.08137e-18 -2.08137e-18 -0.075188 0 0 0 4.51128e-05 4.51128e-05 -0.000150376 0 0 0 0 -4.31987e-19 -4.31987e-19 1.44843e-18 0 0 0 0 0
0.0401003 4.81203e-05 4.81203e-05 -0.000160401 0 0 0 -1.02591e-17 -1.02591e-17 -0.0802005 0 0 0 4.81203e-05 4.81203e-05 -0.000160401 0 0 0 0 -4.60786e-19 -4.60786e-19 1.54499e-18 0 0 0 0 0
0.0426065 5.11278e-05 5.11278e-05 -0.000170426 0 0 0 -2.81592e-18 -2.81592e-18 -0.085213 0 0 0 5.11278e-05 5.11278e-05 -0.000170426 0 0 0 0 -4.89585e-19 -4.89585e-19 1.64155e-18 0 0 0 0 0
0.0451128 5.41353e-05 5.41353e-05 -0.000180451 0 0 0 -4.91792e-18 -4.91792e-18 -0.0902256 0 0 0 5.41353e-05 5.41353e-05 -0.000180451 0 0 0 0 -5.18384e-19 -5.18384e-19 1.73811e-18 0 0 0 0 0
0.047619 5.71429e-05 5.71429e-05 -0.000190476 0 0 0 -3.55047e-18 -3.55047e-18 -0.0952381 0 0 0 5.71429e-05 5.71429e-05 -0.000190476 0 0 0 0 -5.47183e-19 -5.47183e-19 1.83467e-18 0 0 0 0 0
0.0501253 6.01504e-05 6.01504e-05 -0.000200501 0 0 0 -1.31983e-18 -1.31983e-18 -0.100251 0 0 0 6.01504e-05 6.01504e-05 -0.000200501 0 0 0 0 -5.75982e-19 -5.75982e-19 1.93124e-18 0 0 0 0 0
0.0526316 6.31579e-05 6.31579e-05 -0.000210526 0 0 0 2.65387e-18 2.65387e-18 -0.105263 0 0 0 6.31579e-05 6.31579e-05 -0.000210526 0 0 0 0 -6.04782e-19 -6.04782e-19 2.0278e-18 0 0 0 0 0
0.0551378 6.61654e-05 6.61654e-05 -0.000220551 0 0 0 -8.13008e-18 -8.13008e-18 -0.110276 0 0 0 6.61654e-05 6.61654e-05 -0.000220551 0 0 0 0 -6.33581e-19 -6.33581e-19 2.12436e-18 0 0 0 0 0
0.0576441 6.91729e-05 6.91729e-05 -0.000230576 0 0 0 -1.02321e-17 -1.02321e-17 -0.115288 0 0 0 6.91729e-05 6.91729e-05 -0.000230576 0 0 0 0 -6.6238e-19 -6.6238e-19 2.22092e-18 0 0 0 0 0
0.0601504 7.21805e-05 7.21805e-05 -0.000240602 0 0 0 -8.86463e-18 -8.86463e-18 -0.120301 0 0 0 7.21805e-05 7.21805e-05 -0.000240602 0 0 0 0 -6.91179e-19 -6.91179e-19 2.31748e-18 0 0 0 0 0
0.0626566 7.5188e-05 7.5188e-05 -0.000250627 0 0 0 -1.09666e-17 -1.09666e-17 -0.125313 0 0 0 7.5188e-05 7.5188e-05 -0.000250627 0 0 0 0 -7.19978e-19 -7.19978e-19 2.41404e-18 0 0 0 0 0
0.0651629 7.81955e-05 7.81955e-05 -0.000260652 0 0 0 -2.66029e-18 -2.66029e-18 -0.130326 0 0 0 7.81955e-05 7.81955e-05 -0.000260652 0 0 0 0 -7.48777e-19 -7.48777e-19 2.51061e-18 0 0 0 0 0
0.0676692 8.1203e-05 8.1203e-05 -0.000270677 0 0 0 -8.23173e-18 -8.23173e-18 -0.135338 0 0 0 8.1203e-05 8.1203e-05 -0.000270677 0 0 0 0 -7.77576e-19 -7.77576e-19 2.60717e-18 0 0 0 0 0
0.0701754 8.42105e-05 8.42105e-05 -0.000280702 0 0 0 7.461e-20 7.461e-20 -0.140351 0 0 0 8.42105e-05 8.42105e-05 -0.000280702 0 0 0 0 -8.06375e-19 -8.06375e-19 2.70373e-18 0 0 0 0 0
0.0726817 8.7218e-05 8.7218e-05 -0.000290727 0 0 0 -8.96628e-18 -8.96628e-18 -0.145363 0 0 0 8.7218e-05 8.7218e-05 -0.000290727 0 0 0 0 -8.35174e-19 -8.35174e-19 2.80029e-18 0 0 0 0 0
0.075188 9.02256e-05 9.02256e-05 -0.000300752 0 0 0 -4.12939e-18 -4.12939e-18 -0.150376 0 0 0 9.02256e-05 9.02256e-05 -0.000300752 0 0 0 0 -8.63974e-19 -8.63974e-19 2.89685e-18 0 0 0 0 0
0.0776942 9.32331e-05 9.32331e-05 -0.000310777 0 0 0 5.92002e-18 5.92002e-18 -0.155388 0 0 0 9.32331e-05 9.32331e-05 -0.000310777 0 0 0 0 -8.92773e-19 -8.92773e-19 2.99341e-18 0 0 0 0 0
0.0802005 9.62406e-05 9.62406e-05 -0.000320802 0 0 0 -1.39449e-18 -1.39449e-18 -0.160401 0 0 0 9.62406e-05 9.62406e-05 -0.000320802 0 0 0 0 -9.21572e-19 -9.21572e-19 3.08998e-18 0 0 0 0 0
0.0827068 9.92481e-05 9.92481e-05 -0.000330827 0 0 0 -8.709e-18 -8.709e-18 -0.165414 0 0 0 9.92481e-05 9.92481e-05 -0.000330827 0 0 0 0 -9.50371e-19 -9.50371e-19 3.18654e-18 0 0 0 0 0
0.085213 0.000102256 0.000102256 -0.000340852 0 0 0 1.34041e-18 1.34041e-18 -0.170426 0 0 0 0.000102256 0.000102256 -0.000340852 0 0 0 0 -9.7917e-19 -9.7917e-19 3.2831e-18 0 0 0 0 0
0.0877193 0.000105263 0.000105263 -0.000350877 0 0 0 -5.9741e-18 -5.9741e-18 -0.175439 0 0 0 0.000105263 0.000105263 -0.000350877 0 0 0 0 -1.00797e-18 -1.00797e-18 3.37966e-18 0 0 0 0 0
0.0902256 0.000108271 0.000108271 -0.000360902 0 0 0 -2.86359e-18 -2.86359e-18 -0.180451 0 0 0 0.000108271 0.000108271 -0.000360902 0 0 0 0 -1.03677e-18 -1.03677e-18 3.47622e-18 0 0 0 0 0
0.0927318 0.000111278 0.000111278 -0.000370927 0 0 0 -1.01781e-17 -1.01781e-17 -0.185464 0 0 0 0.000111278 0.000111278 -0.000370927 0 0 0 0 -1.06557e-18 -1.06557e-18 3.57278e-18 0 0 0 0 0
0.0952381 0.000114286 0.000114286 -0.000380952 0 0 0 -1.2869e-19 -1.2869e-19 -0.190476 0 0 0 0.000114286 0.000114286 -0.000380952 0 0 0 0 -1.09437e-18 -1.09437e-18 3.66935e-18 0 0 0 0 0
0.0977444 0.000117293 0.000117293 -0.000390977 0 0 0 -7.4432e-18 -7.4432e-18 -0.195489 0 0 0 0.000117293 0.000117293 -0.000390977 0 0 0 0 -1.12317e-18 -1.12317e-18 3.76591e-18 0 0 0 0 0
0.100251 0.000120301 0.000120301 -0.000401003 0 0 0 -2.6063e-18 -2.6063e-18 -0.200501 0 0 0 0.000120301 0.000120301 -0.000401003 0 0 0 0 -1.15196e-18 -1.15196e-18 3.86247e-18 0 0 0 0 0
0.102757 0.000123308 0.000123308 -0.000411028 0 0 0 1.95945e-17 1.95945e-17 -0.205514 0 0 0 0.000123308 0.000123308 -0.000411028 0 0 0 0 -1.18076e-18 -1.18076e-18 3.95903e-18 0 0 0 0 0
0.105263 0.000126316 0.000126316 -0.000421053 0 0 0 -1.20228e-17 -1.20228e-17 -0.210526 0 0 0 0.000126316 0.000126316 -0.000421053 0 0 0 0 -1.20956e-18 -1.20956e-18 4.05559e-18 0 0 0 0 0
0.107769 0.000129323 0.000129323 -0.000431078 0 0 0 -8.9123e-18 -8.9123e-18 -0.215539 0 0 0 0.000129323 0.000129323 -0.000431078 0 0 0 0 -1.23836e-18 -1.23836e-18 4.15216e-18 0 0 0 0 0
0.110276 0.000132331 0.000132331 -0.000441103 0 0 0 -1.62268e-17 -1.62268e-17 -0.220551 0 0 0 0.000132331 0.000132331 -0.000441103 0 0 0 0 -1.26716e-18 -1.26716e-18 4.24872e-18 0 0 0 0 0
0.112782 0.000135338 0.000135338 -0.000451128 0 0 0 -6.1774e-18 -6.1774e-18 -0.225564 0 0 0 0.000135338 0.000135338 -0.000451128 0 0 0 0 -1.29596e-18 -1.29596e-18 4.34528e-18 0 0 0 0 0
0.115288 0.000138346 0.000138346 -0.000461153 0 0 0 -1.34919e-17 -1.34919e-17 -0.230576 0 0 0 0.000138346 0.000138346 -0.000461153 0 0 0 0 -1.32476e-18 -1.32476e-18 4.44184e-18 0 0 0 0 0
0.117794 0.000141353 0.000141353 -0.000471178 0 0 0 -2.08064e-17 -1.03814e-17 -0.235589 0 0 0 0.000141353 0.000141353 -0.000471178 0 0 0 0 -1.35356e-18 -1.35356e-18 4.5384e-18 0 0 0 0 0
0.120301 0.000144361 0.000144361 -0.000481203 0 0 0 1.35458e-17 1.35458e-17 -0.240602 0 0 0 0.000144361 0.000144361 -0.000481203 0 0 0 0 -1.38236e-18 -1.38236e-18 4.63496e-18 0 0 0 0 0
0.122807 0.000147368 0.000147368 -0.000491228 0 0 0 6.23129e-18 6.23129e-18 -0.245614 0 0 0 0.000147368 0.000147368 -0.000491228 0 0 0 0 -1.41116e-18 -1.41116e-18 4.73153e-18 0 0 0 0 0
0.125313 0.000150376 0.000150376 -0.000501253 0 0 0 -1.08322e-18 -1.08322e-18 -0.250627 0 0 0 0.000150376 0.000150376 -0.000501253 0 0 0 0 -1.43996e-18 -1.43996e-18 4.82809e-18 0 0 0 0 0
0.12782 0.000153383 0.000153383 -0.000511278 0 0 0 -1.45883e-18 -1.45883e-18 -0.255639 0 0 0 0.000153383 0.000153383 -0.000511278 0 0 0 0 -1.46876e-18 -1.46876e-18 4.92465e-18 0 0 0 0 0
0.130326 0.000156391 0.000156391 -0.000521303 0 0 0 -8.77334e-18 -8.77334e-18 -0.260652 0 0 0 0.000156391 0.000156391 -0.000521303 0 0 0 0 -1.49755e-18 -1.49755e-18 5.02121e-18 0 0 0 0 0
0.132832 0.000159398 0.000159398 -0.000531328 0 0 0 4.76219e-18 4.76219e-18 -0.265664 0 0 0 0.000159398 0.000159398 -0.000531328 0 0 0 0 -1.52635e-18 -1.52635e-18 5.11777e-18 0 0 0 0 0
0.135338 0.000162406 0.000162406 -0.000541353 0 0 0 4.38658e-18 4.38658e-18 -0.270677 0 0 0 0.000162406 0.000162406 -0.000541353 0 0 0 0 -1.55515e-18 -1.55515e-18 5.21433e-18 0 0 0 0 0
0.137845 0.000165414 0.000165414 -0.000551378 0 0 0 -9.86683e-18 -9.86683e-18 -0.275689 0 0 0 0.000165414 0.000165414 -0.000551378 0 0 0 0 -1.58395e-18 -1.58395e-18 5.3109e-18 0 0 0 0 0
0.140351 0.000168421 0.000168421 -0.000561404 0 0 0 -3.30355e-18 -3.30355e-18 -0.280702 0 0 0 0.000168421 0.000168421 -0.000561404 0 0 0 0 -1.61275e-18 -1.61275e-18 5.40746e-18 0 0 0 0 0
0.142857 0.000171429 0.000171429 -0.000571429 0 0 0 -1.06181e-17 -1.06181e-17 -0.285714 0 0 0 0.000171429 0.000171429 -0.000571429 0 0 0 0 -1.64155e-18 -1.64155e-18 5.50402e-18 0 0 0 0 0
0.145363 0.000174436 0.000174436 -0.000581454 0 0 0 2.91748e-18 2.91748e-18 -0.290727 0 0 0 0.000174436 0.000174436 -0.000581454 0 0 0 0 -1.67035e-18 -1.67035e-18 5.60058e-18 0 0 0 0 0
0.14787 0.000177444 0.000177444 -0.000591479 0 0 0 -4.39703e-18 -4.39703e-18 -0.295739 0 0 0 0.000177444 0.000177444 -0.000591479 0 0 0 0 -1.69915e-18 -1.69915e-18 5.69714e-18 0 0 0 0 0
0.150376 0.000181577 0.000181577 -0.000601504 0 0 0 1.82141e-15 1.82141e-15 -0.297938 0 0 0 0.000178763 0.000178763 -0.000595877 0 0 0 9.74619e-06 2.81348e-06 2.81348e-06 -5.62696e-06 0 0 0 0 0
0.152882 0.000186589 0.000186589 -0.000611529 0 0 0 -5.16799e-15 -5.16799e-15 -0.297938 0 0 0 0.000178763 0.000178763 -0.000595877 0 0 0 2.71101e-05 7.82601e-06 7.82601e-06 -1.5652e-05 0 0 0 0 0
0.155388 0.000191602 0.000191602 -0.000621554 0 0 0 3.88685e-15 3.88685e-15 -0.297938 0 0 0 0.000178763 0.000178763 -0.000595877 0 0 0 4.4474e-05 1.28385e-05 1.28385e-05 -2.56771e-05 0 0 0 0 0
0.157895 0.000196614 0.000196614 -0.000631579 0 0 0 -3.49952e-17 -3.49952e-17 -0.297938 0 0 0 0.000178763 0.000178763 -0.000595877 0 0 0 6.18379e-05 1.78511e-05 1.78511e-05 -3.57022e-05 0 0 0 0 0
0.160401 0.000201627 0.000201627 -0.000641604 0 0 0 -6.38846e-16 -6.38846e-16 -0.297938 0 0 0 0.000178763 0.000178763 -0.000595877 0 0 0 7.92019e-05 2.28636e-05 2.28636e-05 -4.57272e-05 0 0 0 0 0
0.162907 0.000206639 0.000206639 -0.000651629 0 0 0 -3.8448e-17 -3.8448e-17 -0.297938 0 0 0 0.000178763 0.000178763 -0.000595877 0 0 0 9.65658e-05 2.78761e-05 2.78761e-05 -5.57523e-05 0 0 0 0 0
0.165414 0.000211652 0.000211652 -0.000661654 0 0 0 3.98054e-15 3.98054e-15 -0.297938 0 0 0 0.000178763 0.000178763 -0.000595877 0 0 0 0.00011393 3.28887e-05 3.28887e-05 -6.57773e-05 0 0 0 0 0
0.16792 0.000216664 0.000216664 -0.000671679 0 0 0 7.17005e-15 7.17005e-15 -0.297938 0 0 0 0.000178763 0.000178763 -0.000595877 0 0 0 0.000131294 3.79012e-05 3.79012e-05 -7.58024e-05 0 0 0 0 0
0.170426 0.000221677 0.000221677 -0.000681704 0 0 0 5.27509e-15 5.27509e-15 -0.297938 0 0 0 0.000178763 0.000178763 -0.000595877 0 0 0 0.000148658 4.29137e-05 4.29137e-05 -8.58275e-05 0 0 0 0 0
0.172932 0.000226689 0.000226689 -0.000691729 0 0 0 -1.41452e-17 -1.41452e-17 -0.297938 0 0 0 0.000178763 0.000178763 -0.000595877 0 0 0 0.000166021 4.79263e-05 4.79263e-05 -9.58525e-05 0 0 0 0 0
0.175439 0.000231702 0.000231702 -0.000701754 0 0 0 -1.73904e-15 -1.73904e-15 -0.297938 0 0 0 0.000178763 0.000178763 -0.000595877 0 0 0 0.000183385 5.29388e-05 5.29388e-05 -0.000105878 0 0 0 0 0
0.177945 0.000236714 0.000236714 -0.000711779 0 0 0 6.55708e-16 6.55708e-16 -0.297938 0 0 0 0.000178763 0.000178763 -0.000595877 0 0 0 0.000200749 5.79513e-05 5.79513e-05 -0.000115903 0 0 0 0 0
0.180451 0.000241727 0.000241727 -0.000721805 0 0 0 -1.41452e-17 -1.41452e-17 -0.297938 0 0 0 0.000178763 0.000178763 -0.000595877 0 0 0 0.000218113 6.29639e-05 6.29639e-05 -0.000125928 0 0 0 0 0
0.182957 0.000246739 0.000246739 -0.00073183 0 0 0 -1.30525e-15 -1.25312e-15 -0.297938 0 0 0 0.000178763 0.000178763 -0.000595877 0 0 0 0.000235477 6.79764e-05 6.79764e-05 -0.000135953 0 0 0 0 0
0.185464 0.000251752 0.000251752 -0.000741855 0 0 0 -1.7911e-15 -1.80153e-15 -0.297938 0 0 0 0.000178763 0.000178763 -0.000595877 0 0 0 0.000252841 7.29889e-05 7.29889e-05 -0.000145978 0 0 0 0 0
0.18797 0.000256764 0.000256764 -0.00075188 0 0 0 -1.21781e-16 -4.88063e-17 -0.297938 0 0 0 0.000178763 0.000178763 -0.000595877 0 0 0 0.000270205 7.80015e-05 7.80015e-05 -0.000156003 0 0 0 0 0
0.190476 0.000261777 0.000261777 -0.000761905 0 0 0 -1.4947e-16 -1.59895e-16 -0.297938 0 0 0 0.000178763 0.000178763 -0.000595877 0 0 0 0.000287569 8.3014e-05 8.3014e-05 -0.000166028 0 0 0 0 0
0.192982 0.00026679 0.00026679 -0.00077193 0 0 0 -3.72017e-18 -1.41452e-17 -0.297938 0 0 0 0.000178763 0.000178763 -0.000595877 0 0 0 0.000304933 8.80265e-05 8.80265e-05 -0.000176053 0 0 0 0 0
0.195489 0.000271802 0.000271802 -0.000781955 0 0 0 -2.03061e-15 -1.95764e-15 -0.297938 0 0 0 0.000178763 0.000178763 -0.000595877 0 0 0 0.000322297 9.3039e-05 9.3039e-05 -0.000186078 0 0 0 0 0
0.197995 0.000276815 0.000276815 -0.00079198 0 0 0 3.16148e-15 3.15106e-15 -0.297938 0 0 0 0.000178763 0.000178763 -0.000595877 0 0 0 0.000339661 9.80516e-05 9.80516e-05 -0.000196103 0 0 0 0 0
0.200501 0.000281827 0.000281827 -0.000802005 0 0 0 2.6235e-15 2.65478e-15 -0.297938 0 0 0 0.000178763 0.000178763 -0.000595877 0 0 0 0.000357025 0.000103064 0.000103064 -0.000206128 0 0 0 0 0
0.203008 0.00028684 0.00028684 -0.00081203 0 0 0 -1.98891e-15 -2.02019e-15 -0.297938 0 0 0 0.000178763 0.000178763 -0.000595877 0 0 0 0.000374388 0.000108077 0.000108077 -0.000216153 0 0 0 0 0
0.205514 0.000291852 0.000291852 -0.000822055 0 0 0 3.2413e-15 3.23087e-15 -0.297938 0 0 0 0.000178763 0.000178763 -0.000595877 0 0 0 0.000391752 0.000113089 0.000113089 -0.000226178 0 0 0 0 0
0.20802 0.000296865 0.000296865 -0.00083208 0 0 0 1.14274e-16 1.24699e-16 -0.297938 0 0 0 0.000178763 0.000178763 -0.000595877 0 0 0 0.000409116 0.000118102 0.000118102 -0.000236203 0 0 0 0 0
0.210526 0.000301877 0.000301877 -0.000842105 0 0 0 4.49422e-15 4.48379e-15 -0.297938 0 0 0 0.000178763 0.000178763 -0.000595877 0 0 0 0.00042648 0.000123114 0.000123114 -0.000246228 0 0 0 0 0
0.213033 0.00030689 0.00030689 -0.00085213 0 0 0 -1.41452e-17 -3.72017e-18 -0.297938 0 0 0 0.000178763 0.000178763 -0.000595877 0 0 0 0.000443844 0.000128127 0.000128127 -0.000256254 0 0 0 0 0
0.215539 0.000311902 0.000311902 -0.000862155 0 0 0 -1.95764e-15 -2.03061e-15 -0.297938 0 0 0 0.000178763 0.000178763 -0.000595877 0 0 0 0.000461208 0.000133139 0.000133139 -0.000266279 0 0 0 0 0
0.218045 0.000316915 0.000316915 -0.00087218 0 0 0 3.19269e-15 3.22397e-15 -0.297938 0 0 0 0.000178763 0.000178763 -0.000595877 0 0 0 0.000478572 0.000138152 0.000138152 -0.000276304 0 0 0 0 0
0.220551 0.000321927 0.000321927 -0.000882206 0 0 0 -1.41452e-17 -2.45702e-17 -0.297938 0 0 0 0.000178763 0.000178763 -0.000595877 0 0 0 0.000495936 0.000143164 0.000143164 -0.000286329 0 0 0 0 0
0.223058 0.00032694 0.00032694 -0.000892231 0 0 0 -3.71726e-15 -3.76939e-15 -0.297938 0 0 0 0.000178763 0.000178763 -0.000595877 0 0 0 0.0005133 0.000148177 0.000148177 -0.000296354 0 0 0 0 0
0.225564 0.000331952 0.000331952 -0.000902256 0 0 0 2.57848e-15 2.50551e-15 -0.297938 0 0 0 0.000178763 0.000178763 -0.000595877 0 0 0 0.000530664 0.000153189 0.000153189 -0.000306379 0 0 0 0 0
0.22807 0.000336965 0.000336965 -0.000912281 0 0 0 -4.19008e-17 -3.14758e-17 -0.297938 0 0 0 0.000178763 0.000178763 -0.000595877 0 0 0 0.000548028 0.000158202 0.000158202 -0.000316404 0 0 0 0 0
0.230576 0.000341978 0.000341978 -0.000922306 0 0 0 2.59575e-15 2.66872e-15 -0.297938 0 0 0 0.000178763 0.000178763 -0.000595877 0 0 0 0.000565392 0.000163214 0.000163214 -0.000326429 0 0 0 0 0
0.233083 0.00034699 0.00034699 -0.000932331 0 0 0 -2.45702e-17 -1.41452e-17 -0.297938 0 0 0 0.000178763 0.000178763 -0.000595877 0 0 0 0.000582755 0.000168227 0.000168227 -0.000336454 0 0 0 0 0
0.235589 0.000352003 0.000352003 -0.000942356 0 0 0 -3.76939e-15 -3.71726e-15 -0.297938 0 0 0 0.000178763 0.000178763 -0.000595877 0 0 0 0.000600119 0.00017324 0.00017324 -0.000346479 0 0 0 0 0
0.238095 0.000357015 0.000357015 -0.000952381 0 0 0 4.44209e-15 4.49422e-15 -0.297938 0 0 0 0.000178763 0.000178763 -0.000595877 0 0 0 0.000617483 0.000178252 0.000178252 -0.000356504 0 0 0 0 0
0.240602 0.000362028 0.000362028 -0.000962406 0 0 0 2.00232e-15 1.97105e-15 -0.297938 0 0 0 0.000178763 0.000178763 -0.000595877 0 0 0 0.000634847 0.000183265 0.000183265 -0.000366529 0 0 0 0 0
0.243108 0.00036704 0.00036704 -0.000972431 0 0 0 -2.45702e-17 -1.41452e-17 -0.297938 0 0 0 0.000178763 0.000178763 -0.000595877 0 0 0 0.000652211 0.000188277 0.000188277 -0.000376554 0 0 0 0 0
0.245614 0.000372053 0.000372053 -0.000982456 0 0 0 -3.83526e-15 -3.90823e-15 -0.297938 0 0 0 0.000178763 0.000178763 -0.000595877 0 0 0 0.000669575 0.00019329 0.00019329 -0.000386579 0 0 0 0 0
0.24812 0.000377065 0.000377065 -0.000992481 0 0 0 -1.39549e-15 -1.32251e-15 -0.297938 0 0 0 0.000178763 0.000178763 -0.000595877 0 0 0 0.000686939 0.000198302 0.000198302 -0.000396604 0 0 0 0 0
0.250627 0.000379572 0.000379572 -0.000997494 0 0 0 -2.23187e-15 -2.22145e-15 -0.297938 0 0 0 0.000178763 0.000178763 -0.000595877 0 0 0 0.000695621 0.000200808 0.000200808 -0.000401617 0 0 0 0 0
0.253133 0.000376564 0.000376564 -0.000987469 0 0 0 -3.04663e-17 -2.00413e-17 -0.292926 0 0 0 0.000175756 0.000175756 -0.000585852 0 0 0 0.000695621 0.000200808 0.000200808 -0.000401617 0 0 0 0 0
0.255639 0.000373556 0.000373556 -0.000977444 0 0 0 1.1576e-17 2.20011e-17 -0.287913 0 0 0 0.000172748 0.000172748 -0.000575827 0 0 0 0.000695621 0.000200808 0.000200808 -0.000401617 0 0 0 0 0
0.258145 0.000370549 0.000370549 -0.000967419 0 0 0 5.01276e-18 -5.41226e-18 -0.282901 0 0 0 0.00016974 0.00016974 -0.000565802 0 0 0 0.000695621 0.000200808 0.000200808 -0.000401617 0 0 0 0 0
0.260652 0.000367541 0.000367541 -0.000957393 0 0 0 5.35502e-18 1.578e-17 -0.277888 0 0 0 0.000166733 0.000166733 -0.000555777 0 0 0 0.000695621 0.000200808 0.000200808 -0.000401617 0 0 0 0 0
0.263158 0.000364534 0.000364534 -0.000947368 0 0 0 -1.20826e-18 9.21676e-18 -0.272876 0 0 0 0.000163725 0.000163725 -0.000545751 0 0 0 0.000695621 0.000200808 0.000200808 -0.000401617 0 0 0 0 0
0.265664 0.000361526 0.000361526 -0.000937343 0 0 0 1.9984e-17 3.04091e-17 -0.267863 0 0 0 0.000160718 0.000160718 -0.000535726 0 0 0 0.000695621 0.000200808 0.000200808 -0.000401617 0 0 0 0 0
0.26817 0.000358519 0.000358519 -0.000927318 0 0 0 6.48186e-18 -3.94316e-18 -0.262851 0 0 0 0.00015771 0.00015771 -0.000525701 0 0 0 0.000695621 0.000200808 0.000200808 -0.000401617 0 0 0 0 0
0.270677 0.000355511 0.000355511 -0.000917293 0 0 0 6.82412e-18 1.72491e-17 -0.257838 0 0 0 0.000154703 0.000154703 -0.000515676 0 0 0 0.000695621 0.000200808 0.000200808 -0.000401617 0 0 0 0 0
0.273183 0.000352504 0.000352504 -0.000907268 0 0 0 2.60839e-19 1.06859e-17 -0.252826 0 0 0 0.000151695 0.000151695 -0.000505651 0 0 0 0.000695621 0.000200808 0.000200808 -0.000401617 0 0 0 0 0
0.275689 0.000349496 0.000349496 -0.000897243 0 0 0 2.14531e-17 3.18782e-17 -0.247813 0 0 0 0.000148688 0.000148688 -0.000495626 0 0 0 0.000695621 0.000200808 0.000200808 -0.000401617 0 0 0 0 0
0.278195 0.000346489 0.000346489 -0.000887218 0 0 0 7.95096e-18 -2.47406e-18 -0.242801 0 0 0 0.00014568 0.00014568 -0.000485601 0 0 0 0.000695621 0.000200808 0.000200808 -0.000401617 0 0 0 0 0
0.280702 0.000343481 0.000343481 -0.000877193 0 0 0 -5.55121e-18 -1.59762e-17 -0.237788 0 0 0 0.000142673 0.000142673 -0.000475576 0 0 0 0.000695621 0.000200808 0.000200808 -0.000401617 0 0 0 0 0
0.283208 0.000340474 0.000340474 -0.000867168 0 0 0 -5.20896e-18 5.21606e-18 -0.232775 0 0 0 0.000139665 0.000139665 -0.000465551 0 0 0 0.000695621 0.000200808 0.000200808 -0.000401617 0 0 0 0 0
0.285714 0.000337466 0.000337466 -0.000857143 0 0 0 1.59833e-17 2.64084e-17 -0.227763 0 0 0 0.000136658 0.000136658 -0.000455526 0 0 0 0.000695621 0.000200808 0.000200808 -0.000401617 0 0 0 0 0
0.288221 0.000334459 0.000334459 -0.000847118 0 0 0 9.42006e-18 -1.00496e-18 -0.22275 0 0 0 0.00013365 0.00013365 -0.000445501 0 0 0 0.000695621 0.000200808 0.000200808 -0.000401617 0 0 0 0 0
0.290727 0.000331451 0.000331451 -0.000837093 0 0 0 -4.08211e-18 -1.45071e-17 -0.217738 0 0 0 0.000130643 0.000130643 -0.000435476 0 0 0 0.000695621 0.000200808 0.000200808 -0.000401617 0 0 0 0 0
0.293233 0.000328444 0.000328444 -0.000827068 0 0 0 1.71102e-17 6.68516e-18 -0.212725 0 0 0 0.000127635 0.000127635 -0.000425451 0 0 0 0.000695621 0.000200808 0.000200808 -0.000401617 0 0 0 0 0
0.295739 0.000325436 0.000325436 -0.000817043 0 0 0 -1.03031e-17 -2.07282e-17 -0.207713 0 0 0 0.000124628 0.000124628 -0.000415426 0 0 0 0.000695621 0.000200808 0.000200808 -0.000401617 0 0 0 0 0
0.298246 0.000322429 0.000322429 -0.000807018 0 0 0 1.78281e-17 2.82531e-17 -0.2027 0 0 0 0.00012162 0.00012162 -0.000405401 0 0 0 0.000695621 0.000200808 0.000200808 -0.000401617 0 0 0 0 0
0.300752 0.000319421 0.000319421 -0.000796992 0 0 0 4.32588e-18 -6.09914e-18 -0.197688 0 0 0 0.000118613 0.000118613 -0.000395376 0 0 0 0.000695621 0.000200808 0.000200808 -0.000401617 0 0 0 0 0
0.303258 0.000316414 0.000316414 -0.000786967 0 0 0 1.16404e-17 1.21537e-18 -0.192675 0 0 0 0.000115605 0.000115605 -0.00038535 0 0 0 0.000695621 0.000200808 0.000200808 -0.000401617 0 0 0 0 0
0.305764 0.000313406 0.000313406 -0.000776942 0 0 0 1.89549e-17 8.52988e-18 -0.187663 0 0 0 0.000112598 0.000112598 -0.000375325 0 0 0 0.000695621 0.000200808 0.000200808 -0.000401617 0 0 0 0 0
0.308271 0.000310399 0.000310399 -0.000766917 0 0 0 -1.51953e-18 -1.19446e-17 -0.18265 0 0 0 0.00010959 0.00010959 -0.0003653 0 0 0 0.000695621 0.000200808 0.000200808 -0.000401617 0 0 0 0 0
0.310777 0.000307391 0.000307391 -0.000756892 0 0 0 5.79498e-18 -4.63004e-18 -0.177638 0 0 0 0.000106583 0.000106583 -0.000355275 0 0 0 0.000695621 0.000200808 0.000200808 -0.000401617 0 0 0 0 0
0.313283 0.000304384 0.000304384 -0.000746867 0 0 0 1.31095e-17 2.68447e-18 -0.172625 0 0 0 0.000103575 0.000103575 -0.00034525 0 0 0 0.000695621 0.000200808 0.000200808 -0.000401617 0 0 0 0 0
0.315789 0.000301376 0.000301376 -0.000736842 0 0 0 1.34517e-17 2.38768e-17 -0.167613 0 0 0 0.000100568 0.000100568 -0.000335225 0 0 0 0.000695621 0.000200808 0.000200808 -0.000401617 0 0 0 0 0
0.318296 0.000298369 0.000298369 -0.000726817 0 0 0 2.07996e-17 1.03746e-17 -0.1626 0 0 0 9.756e-05 9.756e-05 -0.0003252 0 0 0 0.000695621 0.000200808 0.000200808 -0.000401617 0 0 0 0 0
0.320802 0.000295361 0.000295361 -0.000716792 0 0 0 7.26408e-18 -3.16094e-18 -0.157588 0 0 0 9.45525e-05 9.45525e-05 -0.000315175 0 0 0 0.000695621 0.000200808 0.000200808 -0.000401617 0 0 0 0 0
0.323308 0.000292353 0.000292353 -0.000706767 0 0 0 1.45786e-17 4.15357e-18 -0.152575 0 0 0 9.1545e-05 9.1545e-05 -0.00030515 0 0 0 0.000695621 0.000200808 0.000200808 -0.000401617 0 0 0 0 0
0.325815 0.000289346 0.000289346 -0.000696742 0 0 0 1.49542e-17 4.52918e-18 -0.147562 0 0 0 8.85375e-05 8.85375e-05 -0.000295125 0 0 0 0.000695621 0.000200808 0.000200808 -0.000401617 0 0 0 0 0
0.328321 0.000286338 0.000286338 -0.000686717 0 0 0 1.41867e-18 -9.00635e-18 -0.14255 0 0 0 8.553e-05 8.553e-05 -0.0002851 0 0 0 0.000695621 0.000200808 0.000200808 -0.000401617 0 0 0 0 0
0.330827 0.000283331 0.000283331 -0.000676692 0 0 0 8.73318e-18 -1.69184e-18 -0.137537 0 0 0 8.25224e-05 8.25224e-05 -0.000275075 0 0 0 0.000695621 0.000200808 0.000200808 -0.000401617 0 0 0 0 0
0.333333 0.000280323 0.000280323 -0.000666667 0 0 0 1.25782e-17 2.15322e-18 -0.132525 0 0 0 7.95149e-05 7.95149e-05 -0.00026505 0 0 0 0.000695621 0.000200808 0.000200808 -0.000401617 0 0 0 0 0
0.33584 0.000277316 0.000277316 -0.000656642 0 0 0 1.64233e-17 5.99828e-18 -0.127512 0 0 0 7.65074e-05 7.65074e-05 -0.000255025 0 0 0 0.000695621 0.000200808 0.000200808 -0.000401617 0 0 0 0 0
0.338346 0.000274308 0.000274308 -0.000646617 0 0 0 2.37378e-17 1.33128e-17 -0.1225 0 0 0 7.34999e-05 7.34999e-05 -0.000245 0 0 0 0.000695621 0.000200808 0.000200808 -0.000401617 0 0 0 0 0
0.340852 0.000271301 0.000271301 -0.000636591 0 0 0 6.73283e-18 -3.69219e-18 -0.117487 0 0 0 7.04924e-05 7.04924e-05 -0.000234975 0 0 0 0.000695621 0.000200808 0.000200808 -0.000401617 0 0 0 0 0
0.343358 0.000268293 0.000268293 -0.000626566 0 0 0 1.05779e-17 1.52869e-19 -0.112475 0 0 0 6.74848e-05 6.74848e-05 -0.000224949 0 0 0 0.000695621 0.000200808 0.000200808 -0.000401617 0 0 0 0 0
0.345865 0.000265286 0.000265286 -0.000616541 0 0 0 1.78924e-17 7.46738e-18 -0.107462 0 0 0 6.44773e-05 6.44773e-05 -0.000214924 0 0 0 0.000695621 0.000200808 0.000200808 -0.000401617 0 0 0 0 0
0.348371 0.000262278 0.000262278 -0.000606516 0 0 0 8.87418e-19 -9.5376e-18 -0.10245 0 0 0 6.14698e-05 6.14698e-05 -0.000204899 0 0 0 0.000695621 0.000200808 0.000200808 -0.000401617 0 0 0 0 0
0.350877 0.000259271 0.000259271 -0.000596491 0 0 0 -9.14531e-18 1.27971e-18 -0.0974371 0 0 0 5.84623e-05 5.84623e-05 -0.000194874 0 0 0 0.000695621 0.000200808 0.000200808 -0.000401617 0 0 0 0 0
0.353383 0.000256263 0.000256263 -0.000586466 0 0 0 1.2047e-17 1.62197e-18 -0.0924246 0 0 0 5.54548e-05 5.54548e-05 -0.000184849 0 0 0 0.000695621 0.000200808 0.000200808 -0.000401617 0 0 0 0 0
0.35589 0.000253256 0.000253256 -0.000576441 0 0 0 1.5892e-17 5.46703e-18 -0.0874121 0 0 0 5.24472e-05 5.24472e-05 -0.000174824 0 0 0 0.000695621 0.000200808 0.000200808 -0.000401617 0 0 0 0 0
0.358396 0.000250248 0.000250248 -0.000566416 0 0 0 2.32066e-17 1.27815e-17 -0.0823996 0 0 0 4.94397e-05 4.94397e-05 -0.000164799 0 0 0 0.000695621 0.000200808 0.000200808 -0.000401617 0 0 0 0 0
0.360902 0.000247241 0.000247241 -0.000556391 0 0 0 6.20158e-18 -4.22344e-18 -0.077387 0 0 0 4.64322e-05 4.64322e-05 -0.000154774 0 0 0 0.000695621 0.000200808 0.000200808 -0.000401617 0 0 0 0 0
0.363409 0.000244233 0.000244233 -0.000546366 0 0 0 -3.83115e-18 6.59387e-18 -0.0723745 0 0 0 4.34247e-05 4.34247e-05 -0.000144749 0 0 0 0.000695621 0.000200808 0.000200808 -0.000401617 0 0 0 0 0
0.365915 0.000241226 0.000241226 -0.000536341 0 0 0 -2.76618e-21 -2.76618e-21 -0.067362 0 0 0 4.04172e-05 4.04172e-05 -0.000134724 0 0 0 0.000695621 0.000200808 0.000200808 -0.000401617 0 0 0 0 0
0.368421 0.000238218 0.000238218 -0.000526316 0 0 0 3.8423e-18 3.8423e-18 -0.0623494 0 0 0 3.74097e-05 3.74097e-05 -0.000124699 0 0 0 0.000695621 0.000200808 0.000200808 -0.000401617 0 0 0 0 0
0.370927 0.000235211 0.000235211 -0.000516291 0 0 0 5.95263e-18 5.95263e-18 -0.0573369 0 0 0 3.44021e-05 3.44021e-05 -0.000114674 0 0 0 0.000695621 0.000200808 0.000200808 -0.000401617 0 0 0 0 0
0.373434 0.000232203 0.000232203 -0.000506266 0 0 0 8.06297e-18 8.06297e-18 -0.0523244 0 0 0 3.13946e-05 3.13946e-05 -0.000104649 0 0 0 0.000695621 0.000200808 0.000200808 -0.000401617 0 0 0 0 0
0.37594 0.000229196 0.000229196 -0.000496241 0 0 0 6.68718e-18 -3.73784e-18 -0.0473118 0 0 0 2.83871e-05 2.83871e-05 -9.46237e-05 0 0 0 0.000695621 0.000200808 0.000200808 -0.000401617 0 0 0 0 0
0.378446 0.000226188 0.000226188 -0.000486216 0 0 0 -1.03011e-17 -1.03011e-17 -0.0422993 0 0 0 2.53796e-05 2.53796e-05 -8.45986e-05 0 0 0 0.000695621 0.000200808 0.000200808 -0.000401617 0 0 0 0 0
0.380952 0.000223181 0.000223181 -0.00047619 0 0 0 -9.9255e-18 -9.9255e-18 -0.0372868 0 0 0 2.23721e-05 2.23721e-05 -7.45735e-05 0 0 0 0.000695621 0.000200808 0.000200808 -0.000401617 0 0 0 0 0
0.383459 0.000220173 0.000220173 -0.000466165 0 0 0 -7.81516e-18 -7.81516e-18 -0.0322742 0 0 0 1.93645e-05 1.93645e-05 -6.45485e-05 0 0 0 0.000695621 0.000200808 0.000200808 -0.000401617 0 0 0 0 0
0.385965 0.000217165 0.000217165 -0.00045614 0 0 0 -1.3847e-18 -1.3847e-18 -0.0272617 0 0 0 1.6357e-05 1.6357e-05 -5.45234e-05 0 0 0 0.000695621 0.000200808 0.000200808 -0.000401617 0 0 0 0 0
0.388471 0.000214158 0.000214158 -0.000446115 0 0 0 -1.66065e-18 -1.66065e-18 -0.0222492 0 0 0 1.33495e-05 1.33495e-05 -4.44984e-05 0 0 0 0.000695621 0.000200808 0.000200808 -0.000401617 0 0 0 0 0
0.390977 0.00021115 0.00021115 -0.00043609 0 0 0 -1.9366e-18 -1.9366e-18 -0.0172366 0 0 0 1.0342e-05 1.0342e-05 -3.44733e-05 0 0 0 0.000695621 0.000200808 0.000200808 -0.000401617 0 0 0 0 0
0.393484 0.000208143 0.000208143 -0.000426065 0 0 0 -2.21254e-18 -2.21254e-18 -0.0122241 0 0 0 7.33447e-06 7.33447e-06 -2.44482e-05 0 0 0 0.000695621 0.000200808 0.000200808 -0.000401617 0 0 0 0 0
0.39599 0.000205135 0.000205135 -0.00041604 0 0 0 -2.27165e-18 -2.27165e-18 -0.00721158 0 0 0 4.32695e-06 4.32695e-06 -1.44232e-05 0 0 0 0.000695621 0.000200808 0.000200808 -0.000401617 0 0 0 0 0
0.398496 0.000202128 0.000202128 -0.000406015 0 0 0 3.18199e-18 3.18199e-18 -0.00219905 0 0 0 1.31943e-06 1.31943e-06 -4.3981e-06 0 0 0 0.000695621 0.000200808 0.000200808 -0.000401617 0 0 0 0 0
0.401003 0.00019912 0.00019912 -0.00039599 0 0 0 3.44814e-18 3.44814e-18 0.00281348 0 0 0 -1.68809e-06 -1.68809e-06 5.62696e-06 0 0 0 0.000695621 0.000200808 0.000200808 -0.000401617 0 0 0 0 0
0.403509 0.000196113 0.000196113 -0.000385965 0 0 0 3.60587e-18 3.60587e-18 0.00782601 0 0 0 -4.69561e-06 -4.69561e-06 1.5652e-05 0 0 0 0.000695621 0.000200808 0.000200808 -0.000401617 0 0 0 0 0
0.406015 0.000193105 0.000193105 -0.00037594 0 0 0 3.32992e-18 3.32992e-18 0.0128385 0 0 0 -7.70313e-06 -7.70313e-06 2.56771e-05 0 0 0 0.000695621 0.000200808 0.000200808 -0.000401617 0 0 0 0 0
0.408521 0.000190098 0.000190098 -0.000365915 0 0 0 8.24146e-18 8.24146e-18 0.0178511 0 0 0 -1.07106e-05 -1.07106e-05 3.57022e-05 0 0 0 0.000695621 0.000200808 0.000200808 -0.000401617 0 0 0 0 0
0.411028 0.00018709 0.00018709 -0.00035589 0 0 0 7.96552e-18 7.96552e-18 0.0228636 0 0 0 -1.37182e-05 -1.37182e-05 4.57272e-05 0 0 0 0.000695621 0.000200808 0.000200808 -0.000401617 0 0 0 0 0
0.413534 0.000184083 0.000184083 -0.000345865 0 0 0 6.17064e-18 6.17064e-18 0.0278761 0 0 0 -1.67257e-05 -1.67257e-05 5.57523e-05 0 0 0 0.000695621 0.000200808 0.000200808 -0.000401617 0 0 0 0 0
0.41604 0.000181075 0.000181075 -0.00033584 0 0 0 9.14834e-18 9.14834e-18 0.0328887 0 0 0 -1.97332e-05 -1.97332e-05 6.57773e-05 0 0 0 0.000695621 0.000200808 0.000200808 -0.000401617 0 0 0 0 0
0.418546 0.000178068 0.000178068 -0.000325815 0 0 0 1.03913e-17 1.03913e-17 0.0379012 0 0 0 -2.27407e-05 -2.27407e-05 7.58024e-05 0 0 0 0.000695621 0.000200808 0.000200808 -0.000401617 0 0 0 0 0
0.421053 0.00017506 0.00017506 -0.000315789 0 0 0 -8.34839e-18 -8.34839e-18 0.0429137 0 0 0 -2.57482e-05 -2.57482e-05 8.58275e-05 0 0 0 0.000695621 0.000200808 0.000200808 -0.000401617 0 0 0 0 0
0.423559 0.000172053 0.000172053 -0.000305764 0 0 0 -7.97277e-18 -7.97277e-18 0.0479263 0 0 0 -2.87558e-05 -2.87558e-05 9.58525e-05 0 0 0 0.000695621 0.000200808 0.000200808 -0.000401617 0 0 0 0 0
0.426065 0.000169045 0.000169045 -0.000295739 0 0 0 -5.86243e-18 -5.86243e-18 0.0529388 0 0 0 -3.17633e-05 -3.17633e-05 0.000105878 0 0 0 0.000695621 0.000200808 0.000200808 -0.000401617 0 0 0 0 0
0.428571 0.000166038 0.000166038 -0.000285714 0 0 0 -3.7521e-18 -3.7521e-18 0.0579513 0 0 0 -3.47708e-05 -3.47708e-05 0.000115903 0 0 0 0.000695621 0.000200808 0.000200808 -0.000401617 0 0 0 0 0
0.431078 0.00016303 0.00016303 -0.000275689 0 0 0 -3.37648e-18 -3.37648e-18 0.0629639 0 0 0 -3.77783e-05 -3.77783e-05 0.000125928 0 0 0 0.000695621 0.000200808 0.000200808 -0.000401617 0 0 0 0 0
0.433584 0.000160023 0.000160023 -0.000265664 0 0 0 5.65607e-18 5.65607e-18 0.0679764 0 0 0 -4.07858e-05 -4.07858e-05 0.000135953 0 0 0 0.000695621 0.000200808 0.000200808 -0.000401617 0 0 0 0 0
0.43609 0.000157015 0.000157015 -0.000255639 0 0 0 1.29706e-17 1.29706e-17 0.0729889 0 0 0 -4.37934e-05 -4.37934e-05 0.000145978 0 0 0 0.000695621 0.000200808 0.000200808 -0.000401617 0 0 0 0 0
0.438596 0.000154008 0.000154008 -0.000245614 0 0 0 1.68156e-17 1.68156e-17 0.0780015 0 0 0 -4.68009e-05 -4.68009e-05 0.000156003 0 0 0 0.000695621 0.000200808 0.000200808 -0.000401617 0 0 0 0 0
0.441103 0.000151 0.000151 -0.000235589 0 0 0 -3.64211e-18 -3.64211e-18 0.083014 0 0 0 -4.98084e-05 -4.98084e-05 0.000166028 0 0 0 0.000695621 0.000200808 0.000200808 -0.000401617 0 0 0 0 0
0.443609 0.000147993 0.000147993 -0.000225564 0 0 0 7.12517e-18 7.12517e-18 0.0880265 0 0 0 -5.28159e-05 -5.28159e-05 0.000176053 0 0 0 0.000695621 0.000200808 0.000200808 -0.000401617 0 0 0 0 0
0.446115 0.000144985 0.000144985 -0.000215539 0 0 0 1.44397e-17 1.44397e-17 0.093039 0 0 0 -5.58234e-05 -5.58234e-05 0.000186078 0 0 0 0.000695621 0.000200808 0.000200808 -0.000401617 0 0 0 0 0
0.448622 0.000141978 0.000141978 -0.000205514 0 0 0 -9.48752e-18 -9.48752e-18 0.0980516 0 0 0 -5.88309e-05 -5.88309e-05 0.000196103 0 0 0 0.000695621 0.000200808 0.000200808 -0.000401617 0 0 0 0 0
0.451128 0.00013897 0.00013897 -0.000195489 0 0 0 -8.24871e-18 -8.24871e-18 0.103064 0 0 0 -6.18385e-05 -6.18385e-05 0.000206128 0 0 0 0.000695621 0.000200808 0.000200808 -0.000401617 0 0 0 0 0
0.453634 0.000135962 0.000135962 -0.000185464 0 0 0 -4.40365e-18 -4.40365e-18 0.108077 0 0 0 -6.4846e-05 -6.4846e-05 0.000216153 0 0 0 0.000695621 0.000200808 0.000200808 -0.000401617 0 0 0 0 0
0.45614 0.000132955 0.000132955 -0.000175439 0 0 0 6.36363e-18 6.36363e-18 0.113089 0 0 0 -6.78535e-05 -6.78535e-05 0.000226178 0 0 0 0.000695621 0.000200808 0.000200808 -0.000401617 0 0 0 0 0
0.458647 0.000129947 0.000129947 -0.000165414 0 0 0 1.02087e-17 1.02087e-17 0.118102 0 0 0 -7.0861e-05 -7.0861e-05 0.000236203 0 0 0 0.000695621 0.000200808 0.000200808 -0.000401617 0 0 0 0 0
0.461153 0.00012694 0.00012694 -0.000155388 0 0 0 1.75232e-17 1.75232e-17 0.123114 0 0 0 -7.38685e-05 -7.38685e-05 0.000246228 0 0 0 0.000695621 0.000200808 0.000200808 -0.000401617 0 0 0 0 0
0.463659 0.000123932 0.000123932 -0.000145363 0 0 0 -2.93455e-18 -2.93455e-18 0.128127 0 0 0 -7.68761e-05 -7.68761e-05 0.000256254 0 0 0 0.000695621 0.000200808 0.000200808 -0.000401617 0 0 0 0 0
0.466165 0.000120925 0.000120925 -0.000135338 0 0 0 7.83273e-18 7.83273e-18 0.133139 0 0 0 -7.98836e-05 -7.98836e-05 0.000266279 0 0 0 0.000695621 0.000200808 0.000200808 -0.000401617 0 0 0 0 0
0.468672 0.000117917 0.000117917 -0.000125313 0 0 0 -3.94306e-18 -3.94306e-18 0.138152 0 0 0 -8.28911e-05 -8.28911e-05 0.000276304 0 0 0 0.000695621 0.000200808 0.000200808 -0.000401617 0 0 0 0 0
0.471178 0.00011491 0.00011491 -0.000115288 0 0 0 3.37145e-18 3.37145e-18 0.143164 0 0 0 -8.58986e-05 -8.58986e-05 0.000286329 0 0 0 0.000695621 0.000200808 0.000200808 -0.000401617 0 0 0 0 0
0.473684 0.000111902 0.000111902 -0.000105263 0 0 0 1.0686e-17 1.0686e-17 0.148177 0 0 0 -8.89061e-05 -8.89061e-05 0.000296354 0 0 0 0.000695621 0.000200808 0.000200808 -0.000401617 0 0 0 0 0
0.47619 0.000108895 0.000108895 -9.52381e-05 0 0 0 -1.08984e-18 -1.08984e-18 0.153189 0 0 0 -9.19137e-05 -9.19137e-05 0.000306379 0 0 0 0.000695621 0.000200808 0.000200808 -0.000401617 0 0 0 0 0
0.478697 0.000105887 0.000105887 -8.5213e-05 0 0 0 9.67744e-18 9.67744e-18 0.158202 0 0 0 -9.49212e-05 -9.49212e-05 0.000316404 0 0 0 0.000695621 0.000200808 0.000200808 -0.000401617 0 0 0 0 0
0.481203 0.00010288 0.00010288 -7.5188e-05 0 0 0 4.84054e-18 4.84054e-18 0.163214 0 0 0 -9.79287e-05 -9.79287e-05 0.000326429 0 0 0 0.000695621 0.000200808 0.000200808 -0.000401617 0 0 0 0 0
0.483709 9.98723e-05 9.98723e-05 -6.51629e-05 0 0 0 1.21551e-17 1.21551e-17 0.168227 0 0 0 -0.000100936 -0.000100936 0.000336454 0 0 0 0.000695621 0.000200808 0.000200808 -0.000401617 0 0 0 0 0
0.486216 9.68647e-05 9.68647e-05 -5.51378e-05 0 0 0 3.79263e-19 3.79263e-19 0.17324 0 0 0 -0.000103944 -0.000103944 0.000346479 0 0 0 0.000695621 0.000200808 0.000200808 -0.000401617 0 0 0 0 0
0.488722 9.38572e-05 9.38572e-05 -4.51128e-05 0 0 0 7.69377e-18 7.69377e-18 0.178252 0 0 0 -0.000106951 -0.000106951 0.000356504 0 0 0 0.000695621 0.000200808 0.000200808 -0.000401617 0 0 0 0 0
0.491228 9.08497e-05 9.08497e-05 -3.50877e-05 0 0 0 6.30964e-18 6.30964e-18 0.183265 0 0 0 -0.000109959 -0.000109959 0.000366529 0 0 0 0.000695621 0.000200808 0.000200808 -0.000401617 0 0 0 0 0
0.493734 8.78422e-05 8.78422e-05 -2.50627e-05 0 0 0 6.68526e-18 6.68526e-18 0.188277 0 0 0 -0.000112966 -0.000112966 0.000376554 0 0 0 0.000695621 0.000200808 0.000200808 -0.000401617 0 0 0 0 0
0.496241 8.48347e-05 8.48347e-05 -1.50376e-05 0 0 0 5.30113e-18 5.30113e-18 0.19329 0 0 0 -0.000115974 -0.000115974 0.000386579 0 0 0 0.000695621 0.000200808 0.000200808 -0.000401617 0 0 0 0 0
0.498747 8.18271e-05 8.18271e-05 -5.01253e-06 0 0 0 9.16287e-18 9.16287e-18 0.198302 0 0 0 -0.000118981 -0.000118981 0.000396604 0 0 0 0.000695621 0.000200808 0.000200808 -0.000401617 0 0 0 0 0
0.501253 7.88196e-05 7.88196e-05 5.01253e-06 0 0 0 -8.86535e-19 -8.86535e-19 0.203315 0 0 0 -0.000121989 -0.000121989 0.000406629 0 0 0 0.000695621 0.000200808 0.000200808 -0.000401617 0 0 0 0 0
0.503759 7.58121e-05 7.58121e-05 1.50376e-05 0 0 0 -4.77561e-19 -4.77561e-19 0.208327 0 0 0 -0.000124996 -0.000124996 0.000416655 0 0 0 0.000695621 0.000200808 0.000200808 -0.000401617 0 0 0 0 0
0.506266 7.28046e-05 7.28046e-05 2.50627e-05 0 0 0 -1.05603e-17 -1.05603e-17 0.21334 0 0 0 -0.000128004 -0.000128004 0.00042668 0 0 0 0.000695621 0.000200808 0.000200808 -0.000401617 0 0 0 0 0
0.508772 6.97971e-05 6.97971e-05 3.50877e-05 0 0 0 -2.06431e-17 -2.06431e-17 0.218352 0 0 0 -0.000131011 -0.000131011 0.000436705 0 0 0 0.000695621 0.000200808 0.000200808 -0.000401617 0 0 0 0 0
0.511278 6.67896e-05 6.67896e-05 4.51128e-05 0 0 0 -2.8702e-18 -2.8702e-18 0.223365 0 0 0 -0.000134019 -0.000134019 0.00044673 0 0 0 0.000695621 0.000200808 0.000200808 -0.000401617 0 0 0 0 0
0.513784 6.3782e-05 6.3782e-05 5.51378e-05 0 0 0 -9.40012e-18 -9.40012e-18 0.228377 0 0 0 -0.000137026 -0.000137026 0.000456755 0 0 0 0.000695621 0.000200808 0.000200808 -0.000401617 0 0 0 0 0
0.516291 6.05109e-05 6.05109e-05 6.51629e-05 0 0 0 4.91548e-16 4.91548e-16 0.232731 0 0 0 -0.000139639 -0.000139639 0.000465462 0 0 0 0.000697904 0.000200149 0.000200149 -0.000400299 0 0 0 0 0
0.518797 5.54984e-05 5.54984e-05 7.5188e-05 0 0 0 4.23415e-14 4.23415e-14 0.232731 0 0 0 -0.000139639 -0.000139639 0.000465462 0 0 0 0.000715268 0.000195137 0.000195137 -0.000390274 0 0 0 0 0
0.521303 5.04858e-05 5.04858e-05 8.5213e-05 0 0 0 9.14462e-18 9.14462e-18 0.232731 0 0 0 -0.000139639 -0.000139639 0.000465462 0 0 0 0.000732632 0.000190124 0.000190124 -0.000380249 0 0 0 0 0
0.52381 4.54733e-05 4.54733e-05 9.52381e-05 0 0 0 -8.11277e-17 -8.11277e-17 0.232731 0 0 0 -0.000139639 -0.000139639 0.000465462 0 0 0 0.000749996 0.000185112 0.000185112 -0.000370224 0 0 0 0 0
0.526316 4.04608e-05 4.04608e-05 0.000105263 0 0 0 3.34474e-17 3.34474e-17 0.232731 0 0 0 -0.000139639 -0.000139639 0.000465462 0 0 0 0.00076736 0.000180099 0.000180099 -0.000360199 0 0 0 0 0
0.528822 3.54482e-05 3.54482e-05 0.000115288 0 0 0 -2.65125e-16 -2.65125e-16 0.232731 0 0 0 -0.000139639 -0.000139639 0.000465462 0 0 0 0.000784724 0.000175087 0.000175087 -0.000350173 0 0 0 0 0
0.531328 3.04357e-05 3.04357e-05 0.000125313 0 0 0 9.14462e-18 9.14462e-18 0.232731 0 0 0 -0.000139639 -0.000139639 0.000465462 0 0 0 0.000802088 0.000170074 0.000170074 -0.000340148 0 0 0 0 0
0.533835 2.54232e-05 2.54232e-05 0.000135338 0 0 0 -8.11277e-17 -8.11277e-17 0.232731 0 0 0 -0.000139639 -0.000139639 0.000465462 0 0 0 0.000819451 0.000165062 0.000165062 -0.000330123 0 0 0 0 0
0.536341 2.04106e-05 2.04106e-05 0.000145363 0 0 0 3.34474e-17 3.34474e-17 0.232731 0 0 0 -0.000139639 -0.000139639 0.000465462 0 0 0 0.000836815 0.000160049 0.000160049 -0.000320098 0 0 0 0 0
0.538847 1.53981e-05 1.53981e-05 0.000155388 0 0 0 -2.65125e-16 -2.65125e-16 0.232731 0 0 0 -0.000139639 -0.000139639 0.000465462 0 0 0 0.000854179 0.000155037 0.000155037 -0.000310073 0 0 0 0 0
0.541353 1.03856e-05 1.03856e-05 0.000165414 0 0 0 9.14462e-18 9.14462e-18 0.232731 0 0 0 -0.000139639 -0.000139639 0.000465462 0 0 0 0.000871543 0.000150024 0.000150024 -0.000300048 0 0 0 0 0
0.54386 5.37304e-06 5.37304e-06 0.000175439 0 0 0 -2.33883e-16 -2.33883e-16 0.232731 0 0 0 -0.000139639 -0.000139639 0.000465462 0 0 0 0.000888907 0.000145012 0.000145012 -0.000290023 0 0 0 0 0
0.546366 3.60507e-07 3.60507e-07 0.000185464 0 0 0 9.14462e-18 9.14462e-18 0.232731 0 0 0 -0.000139639 -0.000139639 0.000465462 0 0 0 0.000906271 0.000139999 0.000139999 -0.000279998 0 0 0 0 0
0.548872 -4.65202e-06 -4.65202e-06 0.000195489 0 0 0 -2.65125e-16 -2.65125e-16 0.232731 0 0 0 -0.000139639 -0.000139639 0.000465462 0 0 0 0.000923635 0.000134986 0.000134986 -0.000269973 0 0 0 0 0
0.551378 -9.66456e-06 -9.66456e-06 0.000205514 0 0 0 9.14462e-18 9.14462e-18 0.232731 0 0 0 -0.000139639 -0.000139639 0.000465462 0 0 0 0.000940999 0.000129974 0.000129974 -0.000259948 0 0 0 0 0
0.553885 -1.46771e-05 -1.46771e-05 0.000215539 0 0 0 -8.11277e-17 -8.11277e-17 0.232731 0 0 0 -0.000139639 -0.000139639 0.000465462 0 0 0 0.000958363 0.000124961 0.000124961 -0.000249923 0 0 0 0 0
0.556391 -1.96896e-05 -1.96896e-05 0.000225564 0 0 0 9.14462e-18 1.95696e-17 0.232731 0 0 0 -0.000139639 -0.000139639 0.000465462 0 0 0 0.000975727 0.000119949 0.000119949 -0.000239898 0 0 0 0 0
0.558897 -2.47021e-05 -2.47021e-05 0.000235589 0 0 0 -2.19185e-15 -2.19185e-15 0.232731 0 0 0 -0.000139639 -0.000139639 0.000465462 0 0 0 0.000993091 0.000114936 0.000114936 -0.000229873 0 0 0 0 0
0.561404 -2.97147e-05 -2.97147e-05 0.000245614 0 0 0 -5.9724e-15 -5.9724e-15 0.232731 0 0 0 -0.000139639 -0.000139639 0.000465462 0 0 0 0.00101045 0.000109924 0.000109924 -0.000219848 0 0 0 0 0
0.56391 -3.47272e-05 -3.47272e-05 0.000255639 0 0 0 9.14462e-18 9.14462e-18 0.232731 0 0 0 -0.000139639 -0.000139639 0.000465462 0 0 0 0.00102782 0.000104911 0.000104911 -0.000209823 0 0 0 0 0
0.566416 -3.97397e-05 -3.97397e-05 0.000265664 0 0 0 -4.63e-16 -4.63e-16 0.232731 0 0 0 -0.000139639 -0.000139639 0.000465462 0 0 0 0.00104518 9.98988e-05 9.98988e-05 -0.000199798 0 0 0 0 0
0.568922 -4.47523e-05 -4.47523e-05 0.000275689 0 0 0 -2.99853e-16 -2.99853e-16 0.232731 0 0 0 -0.000139639 -0.000139639 0.000465462 0 0 0 0.00106255 9.48862e-05 9.48862e-05 -0.000189772 0 0 0 0 0
0.571429 -4.97648e-05 -4.97648e-05 0.000285714 0 0 0 2.90095e-15 2.90095e-15 0.232731 0 0 0 -0.000139639 -0.000139639 0.000465462 0 0 0 0.00107991 8.98737e-05 8.98737e-05 -0.000179747 0 0 0 0 0
0.573935 -5.47773e-05 -5.47773e-05 0.000295739 0 0 0 -6.26055e-15 -6.26055e-15 0.232731 0 0 0 -0.000139639 -0.000139639 0.000465462 0 0 0 0.00109727 8.48612e-05 8.48612e-05 -0.000169722 0 0 0 0 0
0.576441 -5.97899e-05 -5.97899e-05 0.000305764 0 0 0 2.30224e-17 2.30224e-17 0.232731 0 0 0 -0.000139639 -0.000139639 0.000465462 0 0 0 0.00111464 7.98486e-05 7.98486e-05 -0.000159697 0 0 0 0 0
0.578947 -6.48024e-05 -6.48024e-05 0.000315789 0 0 0 -9.62798e-15 -9.62798e-15 0.232731 0 0 0 -0.000139639 -0.000139639 0.000465462 0 0 0 0.001132 7.48361e-05 7.48361e-05 -0.000149672 0 0 0 0 0
0.581454 -6.98149e-05 -6.98149e-05 0.000325815 0 0 0 1.95696e-17 1.95696e-17 0.232731 0 0 0 -0.000139639 -0.000139639 0.000465462 0 0 0 0.00114937 6.98236e-05 6.98236e-05 -0.000139647 0 0 0 0 0
0.58396 -7.48275e-05 -7.48275e-05 0.00033584 0 0 0 -3.49023e-15 -3.50065e-15 0.232731 0 0 0 -0.000139639 -0.000139639 0.000465462 0 0 0 0.00116673 6.4811e-05 6.4811e-05 -0.000129622 0 0 0 0 0
0.586466 -7.984e-05 -7.984e-05 0.000345865 0 0 0 2.30224e-17 2.30224e-17 0.232731 0 0 0 -0.000139639 -0.000139639 0.000465462 0 0 0 0.00118409 5.97985e-05 5.97985e-05 -0.000119597 0 0 0 0 0
0.588972 -8.48525e-05 -8.48525e-05 0.00035589 0 0 0 -9.62798e-15 -9.62798e-15 0.232731 0 0 0 -0.000139639 -0.000139639 0.000465462 0 0 0 0.00120146 5.4786e-05 5.4786e-05 -0.000109572 0 0 0 0 0
0.591479 -8.98651e-05 -8.98651e-05 0.000365915 0 0 0 1.95696e-17 1.95696e-17 0.232731 0 0 0 -0.000139639 -0.000139639 0.000465462 0 0 0 0.00121882 4.97734e-05 4.97734e-05 -9.95469e-05 0 0 0 0 0
0.593985 -9.48776e-05 -9.48776e-05 0.00037594 0 0 0 -3.51453e-15 -3.51453e-15 0.232731 0 0 0 -0.000139639 -0.000139639 0.000465462 0 0 0 0.00123619 4.47609e-05 4.47609e-05 -8.95218e-05 0 0 0 0 0
0.596491 -9.98901e-05 -9.98901e-05 0.000385965 0 0 0 2.30224e-17 2.30224e-17 0.232731 0 0 0 -0.000139639 -0.000139639 0.000465462 0 0 0 0.00125355 3.97484e-05 3.97484e-05 -7.94968e-05 0 0 0 0 0
0.598997 -0.000104903 -0.000104903 0.00039599 0 0 0 -9.60022e-15 -9.55852e-15 0.232731 0 0 0 -0.000139639 -0.000139639 0.000465462 0 0 0 0.00127091 3.47359e-05 3.47359e-05 -6.94717e-05 0 0 0 0 0
0.601504 -0.000109915 -0.000109915 0.000406015 0 0 0 2.30224e-17 2.30224e-17 0.232731 0 0 0 -0.000139639 -0.000139639 0.000465462 0 0 0 0.00128828 2.97233e-05 2.97233e-05 -5.94466e-05 0 0 0 0 0
0.60401 -0.000114928 -0.000114928 0.00041604 0 0 0 -6.3647e-15 -6.3647e-15 0.232731 0 0 0 -0.000139639 -0.000139639 0.000465462 0 0 0 0.00130564 2.47108e-05 2.47108e-05 -4.94216e-05 0 0 0 0 0
0.606516 -0.00011994 -0.00011994 0.000426065 0 0 0 2.30224e-17 2.30224e-17 0.232731 0 0 0 -0.000139639 -0.000139639 0.000465462 0 0 0 0.00132301 1.96983e-05 1.96983e-05 -3.93965e-05 0 0 0 0 0
0.609023 -0.000124953 -0.000124953 0.00043609 0 0 0 -9.56895e-15 -9.60022e-15 0.232731 0 0 0 -0.000139639 -0.000139639 0.000465462 0 0 0 0.00134037 1.46857e-05 1.46857e-05 -2.93715e-05 0 0 0 0 0
0.611529 -0.000129965 -0.000129965 0.000446115 0 0 0 -1.2804e-18 -1.2804e-18 0.232731 0 0 0 -0.000139639 -0.000139639 0.000465462 0 0 0 0.00135773 9.6732e-06 9.6732e-06 -1.93464e-05 0 0 0 0 0
0.614035 -0.000134978 -0.000134978 0.00045614 0 0 0 4.08348e-16 4.08348e-16 0.232731 0 0 0 -0.000139639 -0.000139639 0.000465462 0 0 0 0.0013751 4.66067e-06 4.66067e-06 -9.32133e-06 0 0 0 0 0
0.616541 -0.00013999 -0.00013999 0.000466165 0 0 0 2.30224e-17 2.30224e-17 0.232731 0 0 0 -0.000139639 -0.000139639 0.000465462 0 0 0 0.00139246 -3.51864e-07 -3.51864e-07 7.03728e-07 0 0 0 0 0
0.619048 -0.000145003 -0.000145003 0.00047619 0 0 0 -9.62798e-15 -9.62798e-15 0.232731 0 0 0 -0.000139639 -0.000139639 0.000465462 0 0 0 0.00140982 -5.3644e-06 -5.3644e-06 1.07288e-05 0 0 0 0 0
0.621554 -0.000150015 -0.000150015 0.000486216 0 0 0 4.38725e-17 4.38725e-17 0.232731 0 0 0 -0.000139639 -0.000139639 0.000465462 0 0 0 0.00142719 -1.03769e-05 -1.03769e-05 2.07539e-05 0 0 0 0 0
0.62406 -0.000155028 -0.000155028 0.000496241 0 0 0 3.08494e-15 3.08494e-15 0.232731 0 0 0 -0.000139639 -0.000139639 0.000465462 0 0 0 0.00144455 -1.53895e-05 -1.53895e-05 3.07789e-05 0 0 0 0 0
0.626566 -0.00016004 -0.00016004 0.000506266 0 0 0 2.75168e-15 2.75168e-15 0.232731 0 0 0 -0.000139639 -0.000139639 0.000465462 0 0 0 0.00146192 -2.0402e-05 -2.0402e-05 4.0804e-05 0 0 0 0 0
0.629073 -0.000165053 -0.000165053 0.000516291 0 0 0 3.34474e-17 3.34474e-17 0.232731 0 0 0 -0.000139639 -0.000139639 0.000465462 0 0 0 0.00147928 -2.54145e-05 -2.54145e-05 5.0829e-05 0 0 0 0 0
0.631579 -0.000170066 -0.000170066 0.000526316 0 0 0 -5.68249e-17 -5.68249e-17 0.232731 0 0 0 -0.000139639 -0.000139639 0.000465462 0 0 0 0.00149664 -3.04271e-05 -3.04271e-05 6.08541e-05 0 0 0 0 0
0.634085 -0.000175078 -0.000175078 0.000536341 0 0 0 9.14462e-18 9.14462e-18 0.232731 0 0 0 -0.000139639 -0.000139639 0.000465462 0 0 0 0.00151401 -3.54396e-05 -3.54396e-05 7.08792e-05 0 0 0 0 0
0.636591 -0.000180091 -0.000180091 0.000546366 0 0 0 -2.09581e-16 -2.09581e-16 0.232731 0 0 0 -0.000139639 -0.000139639 0.000465462 0 0 0 0.00153137 -4.04521e-05 -4.04521e-05 8.09042e-05 0 0 0 0 0
0.639098 -0.000185103 -0.000185103 0.000556391 0 0 0 9.14462e-18 9.14462e-18 0.232731 0 0 0 -0.000139639 -0.000139639 0.000465462 0 0 0 0.00154874 -4.54646e-05 -4.54646e-05 9.09293e-05 0 0 0 0 0
0.641604 -0.000190116 -0.000190116 0.000566416 0 0 0 -8.11277e-17 -8.11277e-17 0.232731 0 0 0 -0.000139639 -0.000139639 0.000465462 0 0 0 0.0015661 -5.04772e-05 -5.04772e-05 0.000100954 0 0 0 0 0
0.64411 -0.000195128 -0.000195128 0.000576441 0 0 0 9.14462e-18 9.14462e-18 0.232731 0 0 0 -0.000139639 -0.000139639 0.000465462 0 0 0 0.00158346 -5.54897e-05 -5.54897e-05 0.000110979 0 0 0 0 0
0.646617 -0.000200141 -0.000200141 0.000586466 0 0 0 -2.09581e-16 -2.09581e-16 0.232731 0 0 0 -0.000139639 -0.000139639 0.000465462 0 0 0 0.00160083 -6.05022e-05 -6.05022e-05 0.000121004 0 0 0 0 0
0.649123 -0.000205153 -0.000205153 0.000596491 0 0 0 9.14462e-18 9.14462e-18 0.232731 0 0 0 -0.000139639 -0.000139639 0.000465462 0 0 0 0.00161819 -6.55148e-05 -6.55148e-05 0.00013103 0 0 0 0 0
0.651629 -0.000210166 -0.000210166 0.000606516 0 0 0 2.95998e-15 2.95998e-15 0.232731 0 0 0 -0.000139639 -0.000139639 0.000465462 0 0 0 0.00163556 -7.05273e-05 -7.05273e-05 0.000141055 0 0 0 0 0
0.654135 -0.000215178 -0.000215178 0.000616541 0 0 0 -2.86187e-15 -2.86187e-15 0.232731 0 0 0 -0.000139639 -0.000139639 0.000465462 0 0 0 0.00165292 -7.55398e-05 -7.55398e-05 0.00015108 0 0 0 0 0
0.656642 -0.000220191 -0.000220191 0.000626566 0 0 0 2.30224e-17 2.30224e-17 0.232731 0 0 0 -0.000139639 -0.000139639 0.000465462 0 0 0 0.00167028 -8.05524e-05 -8.05524e-05 0.000161105 0 0 0 0 0
0.659148 -0.000225203 -0.000225203 0.000636591 0 0 0 -9.62798e-15 -9.62798e-15 0.232731 0 0 0 -0.000139639 -0.000139639 0.000465462 0 0 0 0.00168765 -8.55649e-05 -8.55649e-05 0.00017113 0 0 0 0 0
0.661654 -0.000230216 -0.000230216 0.000646617 0 0 0 4.38725e-17 4.38725e-17 0.232731 0 0 0 -0.000139639 -0.000139639 0.000465462 0 0 0 0.00170501 -9.05774e-05 -9.05774e-05 0.000181155 0 0 0 0 0
0.66416 -0.000235228 -0.000235228 0.000656642 0 0 0 3.08494e-15 3.08494e-15 0.232731 0 0 0 -0.000139639 -0.000139639 0.000465462 0 0 0 0.00172238 -9.559e-05 -9.559e-05 0.00019118 0 0 0 0 0
0.666667 -0.000240241 -0.000240241 0.000666667 0 0 0 2.75168e-15 2.75168e-15 0.232731 0 0 0 -0.000139639 -0.000139639 0.000465462 0 0 0 0.00173974 -0.000100602 -0.000100602 0.000201205 0 0 0 0 0
0.669173 -0.000245254 -0.000245254 0.000676692 0 0 0 9.14462e-18 9.14462e-18 0.232731 0 0 0 -0.000139639 -0.000139639 0.000465462 0 0 0 0.0017571 -0.000105615 -0.000105615 0.00021123 0 0 0 0 0
0.671679 -0.000250266 -0.000250266 0.000686717 0 0 0 -1.05431e-16 -1.05431e-16 0.232731 0 0 0 -0.000139639 -0.000139639 0.000465462 0 0 0 0.00177447 -0.000110628 -0.000110628 0.000221255 0 0 0 0 0
0.674185 -0.000255279 -0.000255279 0.000696742 0 0 0 9.14462e-18 9.14462e-18 0.232731 0 0 0 -0.000139639 -0.000139639 0.000465462 0 0 0 0.00179183 -0.00011564 -0.00011564 0.00023128 0 0 0 0 0
0.676692 -0.000260291 -0.000260291 0.000706767 0 0 0 -4.63e-16 -4.63e-16 0.232731 0 0 0 -0.000139639 -0.000139639 0.000465462 0 0 0 0.00180919 -0.000120653 -0.000120653 0.000241305 0 0 0 0 0
0.679198 -0.000265304 -0.000265304 0.000716792 0 0 0 -4.28306e-16 -4.28306e-16 0.232731 0 0 0 -0.000139639 -0.000139639 0.000465462 0 0 0 0.00182656 -0.000125665 -0.000125665 0.00025133 0 0 0 0 0
0.681704 -0.000270316 -0.000270316 0.000726817 0 0 0 9.14462e-18 9.14462e-18 0.232731 0 0 0 -0.000139639 -0.000139639 0.000465462 0 0 0 0.00184392 -0.000130678 -0.000130678 0.000261355 0 0 0 0 0
0.684211 -0.000275329 -0.000275329 0.000736842 0 0 0 -1.05431e-16 -1.05431e-16 0.232731 0 0 0 -0.000139639 -0.000139639 0.000465462 0 0 0 0.00186129 -0.00013569 -0.00013569 0.00027138 0 0 0 0 0
0.686717 -0.000280341 -0.000280341 0.000746867 0 0 0 9.14462e-18 9.14462e-18 0.232731 0 0 0 -0.000139639 -0.000139639 0.000465462 0 0 0 0.00187865 -0.000140703 -0.000140703 0.000281405 0 0 0 0 0
0.689223 -0.000285354 -0.000285354 0.000756892 0 0 0 -4.63e-16 -4.63e-16 0.232731 0 0 0 -0.000139639 -0.000139639 0.000465462 0 0 0 0.00189601 -0.000145715 -0.000145715 0.000291431 0 0 0 0 0
0.691729 -0.000290366 -0.000290366 0.000766917 0 0 0 2.64752e-17 2.64752e-17 0.232731 0 0 0 -0.000139639 -0.000139639 0.000465462 0 0 0 0.00191338 -0.000150728 -0.000150728 0.000301456 0 0 0 0 0
0.694236 -0.000295379 -0.000295379 0.000776942 0 0 0 9.14462e-18 9.14462e-18 0.232731 0 0 0 -0.000139639 -0.000139639 0.000465462 0 0 0 0.00193074 -0.00015574 -0.00015574 0.000311481 0 0 0 0 0
0.696742 -0.000300391 -0.000300391 0.000786967 0 0 0 -4.63e-16 -4.63e-16 0.232731 0 0 0 -0.000139639 -0.000139639 0.000465462 0 0 0 0.00194811 -0.000160753 -0.000160753 0.000321506 0 0 0 0 0
0.699248 -0.000305404 -0.000305404 0.000796992 0 0 0 -4.28306e-16 -4.28306e-16 0.232731 0 0 0 -0.000139639 -0.000139639 0.000465462 0 0 0 0.00196547 -0.000165765 -0.000165765 0.000331531 0 0 0 0 0
0.701754 -0.000310416 -0.000310416 0.000807018 0 0 0 9.14462e-18 9.14462e-18 0.232731 0 0 0 -0.000139639 -0.000139639 0.000465462 0 0 0 0.00198283 -0.000170778 -0.000170778 0.000341556 0 0 0 0 0
0.704261 -0.000315429 -0.000315429 0.000817043 0 0 0 -1.05431e-16 -1.05431e-16 0.232731 0 0 0 -0.000139639 -0.000139639 0.000465462 0 0 0 0.0020002 -0.00017579 -0.00017579 0.000351581 0 0 0 0 0
0.706767 -0.000320441 -0.000320441 0.000827068 0 0 0 9.14462e-18 9.14462e-18 0.232731 0 0 0 -0.000139639 -0.000139639 0.000465462 0 0 0 0.00201756 -0.000180803 -0.000180803 0.000361606 0 0 0 0 0
0.709273 -0.000325454 -0.000325454 0.000837093 0 0 0 -4.63e-16 -4.63e-16 0.232731 0 0 0 -0.000139639 -0.000139639 0.000465462 0 0 0 0.00203493 -0.000185816 -0.000185816 0.000371631 0 0 0 0 0
0.711779 -0.000330467 -0.000330467 0.000847118 0 0 0 2.64752e-17 2.64752e-17 0.232731 0 0 0 -0.000139639 -0.000139639 0.000465462 0 0 0 0.00205229 -0.000190828 -0.000190828 0.000381656 0 0 0 0 0
0.714286 -0.000335479 -0.000335479 0.000857143 0 0 0 2.30224e-17 4.38725e-17 0.232731 0 0 0 -0.000139639 -0.000139639 0.000465462 0 0 0 0.00206965 -0.000195841 -0.000195841 0.000391681 0 0 0 0 0
0.716792 -0.000340492 -0.000340492 0.000867168 0 0 0 -4.63e-16 -4.63e-16 0.232731 0 0 0 -0.000139639 -0.000139639 0.000465462 0 0 0 0.00208702 -0.000200853 -0.000200853 0.000401706 0 0 0 0 0
0.719298 -0.000345504 -0.000345504 0.000877193 0 0 0 -4.28306e-16 -4.28306e-16 0.232731 0 0 0 -0.000139639 -0.000139639 0.000465462 0 0 0 0.00210438 -0.000205866 -0.000205866 0.000411731 0 0 0 0 0
0.721805 -0.000350517 -0.000350517 0.000887218 0 0 0 9.14462e-18 9.14462e-18 0.232731 0 0 0 -0.000139639 -0.000139639 0.000465462 0 0 0 0.00212175 -0.000210878 -0.000210878 0.000421756 0 0 0 0 0
0.724311 -0.000355529 -0.000355529 0.000897243 0 0 0 -1.05431e-16 -1.05431e-16 0.232731 0 0 0 -0.000139639 -0.000139639 0.000465462 0 0 0 0.00213911 -0.000215891 -0.000215891 0.000431781 0 0 0 0 0
0.726817 -0.000360542 -0.000360542 0.000907268 0 0 0 9.14462e-18 9.14462e-18 0.232731 0 0 0 -0.000139639 -0.000139639 0.000465462 0 0 0 0.00215647 -0.000220903 -0.000220903 0.000441806 0 0 0 0 0
0.729323 -0.000365554 -0.000365554 0.000917293 0 0 0 -4.63e-16 -4.63e-16 0.232731 0 0 0 -0.000139639 -0.000139639 0.000465462 0 0 0 0.00217384 -0.000225916 -0.000225916 0.000451832 0 0 0 0 0
0.73183 -0.000370567 -0.000370567 0.000927318 0 0 0 2.64752e-17 2.64752e-17 0.232731 0 0 0 -0.000139639 -0.000139639 0.000465462 0 0 0 0.0021912 -0.000230928 -0.000230928 0.000461857 0 0 0 0 0
0.734336 -0.000375579 -0.000375579 0.000937343 0 0 0 2.30224e-17 4.38725e-17 0.232731 0 0 0 -0.000139639 -0.000139639 0.000465462 0 0 0 0.00220856 -0.000235941 -0.000235941 0.000471882 0 0 0 0 0
0.736842 -0.000380592 -0.000380592 0.000947368 0 0 0 -4.63e-16 -4.63e-16 0.232731 0 0 0 -0.000139639 -0.000139639 0.000465462 0 0 0 0.00222593 -0.000240953 -0.000240953 0.000481907 0 0 0 0 0
0.739348 -0.000385604 -0.000385604 0.000957393 0 0 0 -4.28306e-16 -4.28306e-16 0.232731 0 0 0 -0.000139639 -0.000139639 0.000465462 0 0 0 0.00224329 -0.000245966 -0.000245966 0.000491932 0 0 0 0 0
0.741855 -0.000390617 -0.000390617 0.000967419 0 0 0 9.14462e-18 9.14462e-18 0.232731 0 0 0 -0.000139639 -0.000139639 0.000465462 0 0 0 0.00226066 -0.000250978 -0.000250978 0.000501957 0 0 0 0 0
0.744361 -0.000395629 -0.000395629 0.000977444 0 0 0 -1.05431e-16 -1.05431e-16 0.232731 0 0 0 -0.000139639 -0.000139639 0.000465462 0 0 0 0.00227802 -0.000255991 -0.000255991 0.000511982 0 0 0 0 0
0.746867 -0.000400642 -0.000400642 0.000987469 0 0 0 9.14462e-18 9.14462e-18 0.232731 0 0 0 -0.000139639 -0.000139639 0.000465462 0 0 0 0.00229538 -0.000261003 -0.000261003 0.000522007 0 0 0 0 0
0.749373 -0.000405655 -0.000405655 0.000997494 0 0 0 -4.63e-16 -4.63e-16 0.232731 0 0 0 -0.000139639 -0.000139639 0.000465462 0 0 0 0.00231275 -0.000266016 -0.000266016 0.000532032 0 0 0 0 0
0.75188 -0.000401895 -0.000401895 0.000984962 0 0 0 1.64188e-17 1.64188e-17 0.226465 0 0 0 -0.000135879 -0.000135879 0.00045293 0 0 0 0.00231275 -0.000266016 -0.000266016 0.000532032 0 0 0 0 0
0.754386 -0.00039588 -0.00039588 0.000964912 0 0 0 9.80107e-16 9.80107e-16 0.21644 0 0 0 -0.000129864 -0.000129864 0.00043288 0 0 0 0.00231275 -0.000266016 -0.000266016 0.000532032 0 0 0 0 0
0.756892 -0.000389865 -0.000389865 0.000944862 0 0 0 9.58005e-16 9.58005e-16 0.206415 0 0 0 -0.000123849 -0.000123849 0.00041283 0 0 0 0.00231275 -0.000266016 -0.000266016 0.000532032 0 0 0 0 0
0.759398 -0.00038385 -0.00038385 0.000924812 0 0 0 9.77537e-16 9.77537e-16 0.19639 0 0 0 -0.000117834 -0.000117834 0.00039278 0 0 0 0.00231275 -0.000266016 -0.000266016 0.000532032 0 0 0 0 0
0.761905 -0.000377835 -0.000377835 0.000904762 0 0 0 9.83024e-16 9.83024e-16 0.186365 0 0 0 -0.000111819 -0.000111819 0.00037273 0 0 0 0.00231275 -0.000266016 -0.000266016 0.000532032 0 0 0 0 0
0.764411 -0.00037182 -0.00037182 0.000884712 0 0 0 9.53817e-16 9.53817e-16 0.17634 0 0 0 -0.000105804 -0.000105804 0.00035268 0 0 0 0.00231275 -0.000266016 -0.000266016 0.000532032 0 0 0 0 0
0.766917 -0.000365805 -0.000365805 0.000864662 0 0 0 9.73349e-16 9.73349e-16 0.166315 0 0 0 -9.97889e-05 -9.97889e-05 0.00033263 0 0 0 0.00231275 -0.000266016 -0.000266016 0.000532032 0 0 0 0 0
0.769424 -0.00035979 -0.00035979 0.000844612 0 0 0 9.58186e-16 9.58186e-16 0.15629 0 0 0 -9.37738e-05 -9.37738e-05 0.000312579 0 0 0 0.00231275 -0.000266016 -0.000266016 0.000532032 0 0 0 0 0
0.77193 -0.000353775 -0.000353775 0.000824561 0 0 0 9.63673e-16 9.63673e-16 0.146265 0 0 0 -8.77588e-05 -8.77588e-05 0.000292529 0 0 0 0.00231275 -0.000266016 -0.000266016 0.000532032 0 0 0 0 0
0.774436 -0.00034776 -0.00034776 0.000804511 0 0 0 9.6916e-16 9.6916e-16 0.13624 0 0 0 -8.17438e-05 -8.17438e-05 0.000272479 0 0 0 0.00231275 -0.000266016 -0.000266016 0.000532032 0 0 0 0 0
0.776942 -0.000341745 -0.000341745 0.000784461 0 0 0 9.50528e-16 9.50528e-16 0.126215 0 0 0 -7.57287e-05 -7.57287e-05 0.000252429 0 0 0 0.00231275 -0.000266016 -0.000266016 0.000532032 0 0 0 0 0
0.779449 -0.00033573 -0.00033573 0.000764411 0 0 0 9.8744e-16 9.8744e-16 0.116189 0 0 0 -6.97137e-05 -6.97137e-05 0.000232379 0 0 0 0.00231275 -0.000266016 -0.000266016 0.000532032 0 0 0 0 0
0.781955 -0.000329715 -0.000329715 0.000744361 0 0 0 9.92927e-16 9.92927e-16 0.106164 0 0 0 -6.36987e-05 -6.36987e-05 0.000212329 0 0 0 0.00231275 -0.000266016 -0.000266016 0.000532032 0 0 0 0 0
0.784461 -0.0003237 -0.0003237 0.000724311 0 0 0 9.98414e-16 9.98414e-16 0.0961394 0 0 0 -5.76836e-05 -5.76836e-05 0.000192279 0 0 0 0.00231275 -0.000266016 -0.000266016 0.000532032 0 0 0 0 0
0.786967 -0.000317685 -0.000317685 0.000704261 0 0 0 9.79782e-16 9.79782e-16 0.0861143 0 0 0 -5.16686e-05 -5.16686e-05 0.000172229 0 0 0 0.00231275 -0.000266016 -0.000266016 0.000532032 0 0 0 0 0
0.789474 -0.00031167 -0.00031167 0.000684211 0 0 0 9.64619e-16 9.64619e-16 0.0760892 0 0 0 -4.56535e-05 -4.56535e-05 0.000152178 0 0 0 0.00231275 -0.000266016 -0.000266016 0.000532032 0 0 0 0 0
0.79198 -0.000305655 -0.000305655 0.00066416 0 0 0 9.70106e-16 9.70106e-16 0.0660642 0 0 0 -3.96385e-05 -3.96385e-05 0.000132128 0 0 0 0.00231275 -0.000266016 -0.000266016 0.000532032 0 0 0 0 0
0.794486 -0.000299639 -0.000299639 0.00064411 0 0 0 9.75593e-16 9.75593e-16 0.0560391 0 0 0 -3.36235e-05 -3.36235e-05 0.000112078 0 0 0 0.00231275 -0.000266016 -0.000266016 0.000532032 0 0 0 0 0
0.796992 -0.000293624 -0.000293624 0.00062406 0 0 0 9.94694e-16 9.94694e-16 0.0460141 0 0 0 -2.76084e-05 -2.76084e-05 9.20281e-05 0 0 0 0.00231275 -0.000266016 -0.000266016 0.000532032 0 0 0 0 0
0.799499 -0.000287609 -0.000287609 0.00060401 0 0 0 9.80834e-16 9.80834e-16 0.035989 0 0 0 -2.15934e-05 -2.15934e-05 7.1978e-05 0 0 0 0.00231275 -0.000266016 -0.000266016 0.000532032 0 0 0 0 0
0.802005 -0.000281594 -0.000281594 0.00058396 0 0 0 9.60736e-16 9.60736e-16 0.0259639 0 0 0 -1.55784e-05 -1.55784e-05 5.19279e-05 0 0 0 0.00231275 -0.000266016 -0.000266016 0.000532032 0 0 0 0 0
0.804511 -0.000275579 -0.000275579 0.00056391 0 0 0 9.70996e-16 9.70996e-16 0.0159389 0 0 0 -9.56332e-06 -9.56332e-06 3.18777e-05 0 0 0 0.00231275 -0.000266016 -0.000266016 0.000532032 0 0 0 0 0
0.807018 -0.000269564 -0.000269564 0.00054386 0 0 0 9.9183e-16 9.9183e-16 0.0059138 0 0 0 -3.54828e-06 -3.54828e-06 1.18276e-05 0 0 0 0.00231275 -0.000266016 -0.000266016 0.000532032 0 0 0 0 0
0.809524 -0.000263549 -0.000263549 0.00052381 0 0 0 9.81223e-16 9.81223e-16 -0.00411126 0 0 0 2.46676e-06 2.46676e-06 -8.22253e-06 0 0 0 0.00231275 -0.000266016 -0.000266016 0.000532032 0 0 0 0 0
0.81203 -0.000257534 -0.000257534 0.000503759 0 0 0 9.917e-16 9.917e-16 -0.0141363 0 0 0 8.4818e-06 8.4818e-06 -2.82727e-05 0 0 0 0.00231275 -0.000266016 -0.000266016 0.000532032 0 0 0 0 0
0.814536 -0.000251519 -0.000251519 0.000483709 0 0 0 9.70735e-16 9.70735e-16 -0.0241614 0 0 0 1.44968e-05 1.44968e-05 -4.83228e-05 0 0 0 0.00231275 -0.000266016 -0.000266016 0.000532032 0 0 0 0 0
0.817043 -0.000245504 -0.000245504 0.000463659 0 0 0 9.92437e-16 9.92437e-16 -0.0341865 0 0 0 2.05119e-05 2.05119e-05 -6.83729e-05 0 0 0 0.00231275 -0.000266016 -0.000266016 0.000532032 0 0 0 0 0
0.819549 -0.000239489 -0.000239489 0.000443609 0 0 0 9.80312e-16 9.80312e-16 -0.0442115 0 0 0 2.65269e-05 2.65269e-05 -8.8423e-05 0 0 0 0.00231275 -0.000266016 -0.000266016 0.000532032 0 0 0 0 0
0.822055 -0.000233474 -0.000233474 0.000423559 0 0 0 9.91875e-16 9.91875e-16 -0.0542366 0 0 0 3.25419e-05 3.25419e-05 -0.000108473 0 0 0 0.00231275 -0.000266016 -0.000266016 0.000532032 0 0 0 0 0
0.824561 -0.000227459 -0.000227459 0.000403509 0 0 0 9.71324e-16 9.71324e-16 -0.0642616 0 0 0 3.8557e-05 3.8557e-05 -0.000128523 0 0 0 0.00231275 -0.000266016 -0.000266016 0.000532032 0 0 0 0 0
0.827068 -0.000221444 -0.000221444 0.000383459 0 0 0 9.80464e-16 9.80464e-16 -0.0742867 0 0 0 4.4572e-05 4.4572e-05 -0.000148573 0 0 0 0.00231275 -0.000266016 -0.000266016 0.000532032 0 0 0 0 0
0.829574 -0.000215429 -0.000215429 0.000363409 0 0 0 9.72224e-16 9.72224e-16 -0.0843118 0 0 0 5.05871e-05 5.05871e-05 -0.000168624 0 0 0 0.00231275 -0.000266016 -0.000266016 0.000532032 0 0 0 0 0
0.83208 -0.000209414 -0.000209414 0.000343358 0 0 0 9.70789e-16 9.70789e-16 -0.0943368 0 0 0 5.66021e-05 5.66021e-05 -0.000188674 0 0 0 0.00231275 -0.000266016 -0.000266016 0.000532032 0 0 0 0 0
0.834586 -0.000203399 -0.000203399 0.000323308 0 0 0 9.76276e-16 9.76276e-16 -0.104362 0 0 0 6.26171e-05 6.26171e-05 -0.000208724 0 0 0 0.00231275 -0.000266016 -0.000266016 0.000532032 0 0 0 0 0
0.837093 -0.000197384 -0.000197384 0.000303258 0 0 0 9.68052e-16 9.78477e-16 -0.114387 0 0 0 6.86322e-05 6.86322e-05 -0.000228774 0 0 0 0.00231275 -0.000266016 -0.000266016 0.000532032 0 0 0 0 0
0.839599 -0.000191369 -0.000191369 0.000283208 0 0 0 9.77175e-16 9.77175e-16 -0.124412 0 0 0 7.46472e-05 7.46472e-05 -0.000248824 0 0 0 0.00231275 -0.000266016 -0.000266016 0.000532032 0 0 0 0 0
0.842105 -0.000185354 -0.000185354 0.000263158 0 0 0 9.82662e-16 9.82662e-16 -0.134437 0 0 0 8.06622e-05 8.06622e-05 -0.000268874 0 0 0 0.00231275 -0.000266016 -0.000266016 0.000532032 0 0 0 0 0
0.844612 -0.000179339 -0.000179339 0.000243108 0 0 0 9.77758e-16 9.77758e-16 -0.144462 0 0 0 8.66773e-05 8.66773e-05 -0.000288924 0 0 0 0.00231275 -0.000266016 -0.000266016 0.000532032 0 0 0 0 0
0.847118 -0.000173324 -0.000173324 0.000223058 0 0 0 9.72987e-16 9.72987e-16 -0.154487 0 0 0 9.26923e-05 9.26923e-05 -0.000308974 0 0 0 0.00231275 -0.000266016 -0.000266016 0.000532032 0 0 0 0 0
0.849624 -0.000167309 -0.000167309 0.000203008 0 0 0 9.82127e-16 9.82127e-16 -0.164512 0 0 0 9.87074e-05 9.87074e-05 -0.000329025 0 0 0 0.00231275 -0.000266016 -0.000266016 0.000532032 0 0 0 0 0
0.85213 -0.000161294 -0.000161294 0.000182957 0 0 0 9.87614e-16 9.87614e-16 -0.174537 0 0 0 0.000104722 0.000104722 -0.000349075 0 0 0 0.00231275 -0.000266016 -0.000266016 0.000532032 0 0 0 0 0
0.854637 -0.000155279 -0.000155279 0.000162907 0 0 0 9.65345e-16 9.7577e-16 -0.184562 0 0 0 0.000110737 0.000110737 -0.000369125 0 0 0 0.00231275 -0.000266016 -0.000266016 0.000532032 0 0 0 0 0
0.857143 -0.000149264 -0.000149264 0.000142857 0 0 0 9.77938e-16 9.77938e-16 -0.194587 0 0 0 0.000116752 0.000116752 -0.000389175 0 0 0 0.00231275 -0.000266016 -0.000266016 0.000532032 0 0 0 0 0
0.859649 -0.000143249 -0.000143249 0.000122807 0 0 0 9.74927e-16 9.74927e-16 -0.204613 0 0 0 0.000122768 0.000122768 -0.000409225 0 0 0 0.00231275 -0.000266016 -0.000266016 0.000532032 0 0 0 0 0
0.862155 -0.000137233 -0.000137233 0.000102757 0 0 0 9.80414e-16 9.80414e-16 -0.214638 0 0 0 0.000128783 0.000128783 -0.000429275 0 0 0 0.00231275 -0.000266016 -0.000266016 0.000532032 0 0 0 0 0
0.864662 -0.000131218 -0.000131218 8.27068e-05 0 0 0 9.85901e-16 9.85901e-16 -0.224663 0 0 0 0.000134798 0.000134798 -0.000449325 0 0 0 0.00231275 -0.000266016 -0.000266016 0.000532032 0 0 0 0 0
0.867168 -0.000125203 -0.000125203 6.26566e-05 0 0 0 9.63799e-16 9.63799e-16 -0.234688 0 0 0 0.000140813 0.000140813 -0.000469375 0 0 0 0.00231275 -0.000266016 -0.000266016 0.000532032 0 0 0 0 0
0.869674 -0.000119188 -0.000119188 4.26065e-05 0 0 0 9.97209e-16 9.97209e-16 -0.244713 0 0 0 0.000146828 0.000146828 -0.000489426 0 0 0 0.00231275 -0.000266016 -0.000266016 0.000532032 0 0 0 0 0
0.87218 -0.000113173 -0.000113173 2.25564e-05 0 0 0 9.88818e-16 9.88818e-16 -0.254738 0 0 0 0.000152843 0.000152843 -0.000509476 0 0 0 0.00231275 -0.000266016 -0.000266016 0.000532032 0 0 0 0 0
0.874687 -0.000107158 -0.000107158 2.50627e-06 0 0 0 9.97758e-16 1.00818e-15 -0.264763 0 0 0 0.000158858 0.000158858 -0.000529526 0 0 0 0.00231275 -0.000266016 -0.000266016 0.000532032 0 0 0 0 0
0.877193 -0.000101143 -0.000101143 -1.75439e-05 0 0 0 9.92987e-16 9.92987e-16 -0.274788 0 0 0 0.000164873 0.000164873 -0.000549576 0 0 0 0.00231275 -0.000266016 -0.000266016 0.000532032 0 0 0 0 0
0.879699 -9.51282e-05 -9.51282e-05 -3.7594e-05 0 0 0 9.88249e-16 9.88249e-16 -0.284813 0 0 0 0.000170888 0.000170888 -0.000569626 0 0 0 0.00231275 -0.000266016 -0.000266016 0.000532032 0 0 0 0 0
0.882206 -8.91132e-05 -8.91132e-05 -5.76441e-05 0 0 0 9.83311e-16 9.93736e-16 -0.294838 0 0 0 0.000176903 0.000176903 -0.000589676 0 0 0 0.00231275 -0.000266016 -0.000266016 0.000532032 0 0 0 0 0
0.884712 -8.03282e-05 -8.03282e-05 -7.76942e-05 0 0 0 2.98958e-15 2.98958e-15 -0.297938 0 0 0 0.000178763 0.000178763 -0.000595877 0 0 0 0.00233674 -0.000259091 -0.000259091 0.000518183 0 0 0 0 0
0.887218 -7.03032e-05 -7.03032e-05 -9.77444e-05 0 0 0 -1.23001e-14 -1.23001e-14 -0.297938 0 0 0 0.000178763 0.000178763 -0.000595877 0 0 0 0.00237146 -0.000249066 -0.000249066 0.000498132 0 0 0 0 0
0.889724 -6.02781e-05 -6.02781e-05 -0.000117794 0 0 0 7.00345e-15 7.00345e-15 -0.297938 0 0 0 0.000178763 0.000178763 -0.000595877 0 0 0 0.00240619 -0.000239041 -0.000239041 0.000478082 0 0 0 0 0
0.892231 -5.02531e-05 -5.02531e-05 -0.000137845 0 0 0 -8.44774e-15 -8.44774e-15 -0.297938 0 0 0 0.000178763 0.000178763 -0.000595877 0 0 0 0.00244092 -0.000229016 -0.000229016 0.000458032 0 0 0 0 0
0.894737 -4.0228e-05 -4.0228e-05 -0.000157895 0 0 0 2.3077e-15 2.3077e-15 -0.297938 0 0 0 0.000178763 0.000178763 -0.000595877 0 0 0 0.00247565 -0.000218991 -0.000218991 0.000437982 0 0 0 0 0
0.897243 -3.02029e-05 -3.02029e-05 -0.000177945 0 0 0 -1.06924e-17 -1.06924e-17 -0.297938 0 0 0 0.000178763 0.000178763 -0.000595877 0 0 0 0.00251038 -0.000208966 -0.000208966 0.000417932 0 0 0 0 0
0.899749 -2.01779e-05 -2.01779e-05 -0.000197995 0 0 0 -1.47875e-15 -1.47875e-15 -0.297938 0 0 0 0.000178763 0.000178763 -0.000595877 0 0 0 0.0025451 -0.000198941 -0.000198941 0.000397882 0 0 0 0 0
0.902256 -1.01528e-05 -1.01528e-05 -0.000218045 0 0 0 5.7818e-15 5.7818e-15 -0.297938 0 0 0 0.000178763 0.000178763 -0.000595877 0 0 0 0.00257983 -0.000188916 -0.000188916 0.000377832 0 0 0 0 0
0.904762 -1.2774e-07 -1.2774e-07 -0.000238095 0 0 0 -1.41452e-17 -1.41452e-17 -0.297938 0 0 0 0.000178763 0.000178763 -0.000595877 0 0 0 0.00261456 -0.000178891 -0.000178891 0.000357782 0 0 0 0 0
0.907268 9.89732e-06 9.89732e-06 -0.000258145 0 0 0 -2.10345e-15 -2.10345e-15 -0.297938 0 0 0 0.000178763 0.000178763 -0.000595877 0 0 0 0.00264929 -0.000168866 -0.000168866 0.000337731 0 0 0 0 0
0.909774 1.99224e-05 1.99224e-05 -0.000278195 0 0 0 -4.56759e-15 -4.56759e-15 -0.297938 0 0 0 0.000178763 0.000178763 -0.000595877 0 0 0 0.00268401 -0.000158841 -0.000158841 0.000317681 0 0 0 0 0
0.912281 2.99474e-05 2.99474e-05 -0.000298246 0 0 0 -1.06924e-17 -1.06924e-17 -0.297938 0 0 0 0.000178763 0.000178763 -0.000595877 0 0 0 0.00271874 -0.000148816 -0.000148816 0.000297631 0 0 0 0 0
0.914787 3.99725e-05 3.99725e-05 -0.000318296 0 0 0 -9.01693e-15 -9.01693e-15 -0.297938 0 0 0 0.000178763 0.000178763 -0.000595877 0 0 0 0.00275347 -0.000138791 -0.000138791 0.000277581 0 0 0 0 0
0.917293 4.99976e-05 4.99976e-05 -0.000338346 0 0 0 6.55708e-16 6.55708e-16 -0.297938 0 0 0 0.000178763 0.000178763 -0.000595877 0 0 0 0.0027882 -0.000128765 -0.000128765 0.000257531 0 0 0 0 0
0.919799 6.00226e-05 6.00226e-05 -0.000358396 0 0 0 -1.41452e-17 -1.41452e-17 -0.297938 0 0 0 0.000178763 0.000178763 -0.000595877 0 0 0 0.00282293 -0.00011874 -0.00011874 0.000237481 0 0 0 0 0
0.922306 7.00477e-05 7.00477e-05 -0.000378446 0 0 0 -2.90518e-15 -2.89475e-15 -0.297938 0 0 0 0.000178763 0.000178763 -0.000595877 0 0 0 0.00285765 -0.000108715 -0.000108715 0.000217431 0 0 0 0 0
0.924812 8.00728e-05 8.00728e-05 -0.000398496 0 0 0 1.92941e-15 1.92941e-15 -0.297938 0 0 0 0.000178763 0.000178763 -0.000595877 0 0 0 0.00289238 -9.86903e-05 -9.86903e-05 0.000197381 0 0 0 0 0
0.927318 9.00978e-05 9.00978e-05 -0.000418546 0 0 0 -1.06924e-17 -1.06924e-17 -0.297938 0 0 0 0.000178763 0.000178763 -0.000595877 0 0 0 0.00292711 -8.86652e-05 -8.86652e-05 0.00017733 0 0 0 0 0
0.929825 0.000100123 0.000100123 -0.000438596 0 0 0 -1.45445e-15 -1.45445e-15 -0.297938 0 0 0 0.000178763 0.000178763 -0.000595877 0 0 0 0.00296184 -7.86402e-05 -7.86402e-05 0.00015728 0 0 0 0 0
0.932331 0.000110148 0.000110148 -0.000458647 0 0 0 -4.51554e-15 -4.51554e-15 -0.297938 0 0 0 0.000178763 0.000178763 -0.000595877 0 0 0 0.00299657 -6.86151e-05 -6.86151e-05 0.00013723 0 0 0 0 0
0.934837 0.000120173 0.000120173 -0.000478697 0 0 0 -4.70989e-15 -4.70989e-15 -0.297938 0 0 0 0.000178763 0.000178763 -0.000595877 0 0 0 0.00303129 -5.859e-05 -5.859e-05 0.00011718 0 0 0 0 0
0.937343 0.000130198 0.000130198 -0.000498747 0 0 0 -4.51899e-15 -4.51899e-15 -0.297938 0 0 0 0.000178763 0.000178763 -0.000595877 0 0 0 0.00306602 -4.8565e-05 -4.8565e-05 9.71299e-05 0 0 0 0 0
0.93985 0.000140223 0.000140223 -0.000518797 0 0 0 -1.41452e-17 -1.41452e-17 -0.297938 0 0 0 0.000178763 0.000178763 -0.000595877 0 0 0 0.00310075 -3.85399e-05 -3.85399e-05 7.70798e-05 0 0 0 0 0
0.942356 0.000150248 0.000150248 -0.000538847 0 0 0 -1.7911e-15 -1.7911e-15 -0.297938 0 0 0 0.000178763 0.000178763 -0.000595877 0 0 0 0.00313548 -2.85148e-05 -2.85148e-05 5.70297e-05 0 0 0 0 0
0.944862 0.000160273 0.000160273 -0.000558897 0 0 0 -5.11248e-15 -5.11248e-15 -0.297938 0 0 0 0.000178763 0.000178763 -0.000595877 0 0 0 0.0031702 -1.84898e-05 -1.84898e-05 3.69796e-05 0 0 0 0 0
0.947368 0.000170298 0.000170298 -0.000578947 0 0 0 -8.59349e-15 -8.59349e-15 -0.297938 0 0 0 0.000178763 0.000178763 -0.000595877 0 0 0 0.00320493 -8.46471e-06 -8.46471e-06 1.69294e-05 0 0 0 0 0
0.949875 0.000180323 0.000180323 -0.000598997 0 0 0 6.45511e-15 6.45511e-15 -0.297938 0 0 0 0.000178763 0.000178763 -0.000595877 0 0 0 0.00323966 1.56035e-06 1.56035e-06 -3.1207e-06 0 0 0 0 0
0.952381 0.000190348 0.000190348 -0.000619048 0 0 0 -1.41452e-17 -1.41452e-17 -0.297938 0 0 0 0.000178763 0.000178763 -0.000595877 0 0 0 0.00327439 1.15854e-05 1.15854e-05 -2.31708e-05 0 0 0 0 0
0.954887 0.000200374 0.000200374 -0.000639098 0 0 0 -1.7911e-15 -1.7911e-15 -0.297938 0 0 0 0.000178763 0.000178763 -0.000595877 0 0 0 0.00330912 2.16105e-05 2.16105e-05 -4.32209e-05 0 0 0 0 0
0.957393 0.000210399 0.000210399 -0.000659148 0 0 0 4.40502e-16 4.40502e-16 -0.297938 0 0 0 0.000178763 0.000178763 -0.000595877 0 0 0 0.00334384 3.16355e-05 3.16355e-05 -6.32711e-05 0 0 0 0 0
0.9599 0.000220424 0.000220424 -0.000679198 0 0 0 8.39169e-15 8.39169e-15 -0.297938 0 0 0 0.000178763 0.000178763 -0.000595877 0 0 0 0.00337857 4.16606e-05 4.16606e-05 -8.33212e-05 0 0 0 0 0
0.962406 0.000230449 0.000230449 -0.000699248 0 0 0 1.34289e-15 1.34289e-15 -0.297938 0 0 0 0.000178763 0.000178763 -0.000595877 0 0 0 0.0034133 5.16857e-05 5.16857e-05 -0.000103371 0 0 0 0 0
0.964912 0.000240474 0.000240474 -0.000719298 0 0 0 -4.19008e-17 -4.19008e-17 -0.297938 0 0 0 0.000178763 0.000178763 -0.000595877 0 0 0 0.00344803 6.17107e-05 6.17107e-05 -0.000123421 0 0 0 0 0
0.967419 0.000250499 0.000250499 -0.000739348 0 0 0 -1.77025e-15 -1.77025e-15 -0.297938 0 0 0 0.000178763 0.000178763 -0.000595877 0 0 0 0.00348276 7.17358e-05 7.17358e-05 -0.000143472 0 0 0 0 0
0.969925 0.000260524 0.000260524 -0.000759398 0 0 0 3.50856e-15 3.50856e-15 -0.297938 0 0 0 0.000178763 0.000178763 -0.000595877 0 0 0 0.00351748 8.17608e-05 8.17608e-05 -0.000163522 0 0 0 0 0
0.972431 0.000270549 0.000270549 -0.000779449 0 0 0 -7.01089e-15 -7.01089e-15 -0.297938 0 0 0 0.000178763 0.000178763 -0.000595877 0 0 0 0.00355221 9.17859e-05 9.17859e-05 -0.000183572 0 0 0 0 0
0.974937 0.000280574 0.000280574 -0.000799499 0 0 0 -1.41452e-17 -1.41452e-17 -0.297938 0 0 0 0.000178763 0.000178763 -0.000595877 0 0 0 0.00358694 0.000101811 0.000101811 -0.000203622 0 0 0 0 0
0.977444 0.000290599 0.000290599 -0.000819549 0 0 0 -2.05139e-15 -2.05139e-15 -0.297938 0 0 0 0.000178763 0.000178763 -0.000595877 0 0 0 0.00362167 0.000111836 0.000111836 -0.000223672 0 0 0 0 0
0.97995 0.000300624 0.000300624 -0.000839599 0 0 0 1.6587e-15 1.6587e-15 -0.297938 0 0 0 0.000178763 0.000178763 -0.000595877 0 0 0 0.00365639 0.000121861 0.000121861 -0.000243722 0 0 0 0 0
0.982456 0.000310649 0.000310649 -0.000859649 0 0 0 -8.27768e-15 -8.27768e-15 -0.297938 0 0 0 0.000178763 0.000178763 -0.000595877 0 0 0 0.00369112 0.000131886 0.000131886 -0.000263772 0 0 0 0 0
0.984962 0.000320674 0.000320674 -0.000879699 0 0 0 -2.27005e-15 -2.27005e-15 -0.297938 0 0 0 0.000178763 0.000178763 -0.000595877 0 0 0 0.00372585 0.000141911 0.000141911 -0.000283822 0 0 0 0 0
0.987469 0.000330699 0.000330699 -0.000899749 0 0 0 5.78525e-15 5.78525e-15 -0.297938 0 0 0 0.000178763 0.000178763 -0.000595877 0 0 0 0.00376058 0.000151936 0.000151936 -0.000303873 0 0 0 0 0
0.989975 0.000340724 0.000340724 -0.000919799 0 0 0 -1.06924e-17 -1.06924e-17 -0.297938 0 0 0 0.000178763 0.000178763 -0.000595877 0 0 0 0.00379531 0.000161961 0.000161961 -0.000323923 0 0 0 0 0
0.992481 0.000350749 0.000350749 -0.00093985 0 0 0 -9.43339e-15 -9.43339e-15 -0.297938 0 0 0 0.000178763 0.000178763 -0.000595877 0 0 0 0.00383003 0.000171986 0.000171986 -0.000343973 0 0 0 0 0
0.994987 0.000360775 0.000360775 -0.0009599 0 0 0 7.25097e-16 7.25097e-16 -0.297938 0 0 0 0.000178763 0.000178763 -0.000595877 0 0 0 0.00386476 0.000182011 0.000182011 -0.000364023 0 0 0 0 0
0.997494 0.0003708 0.0003708 -0.00097995 0 0 0 9.46413e-15 9.46413e-15 -0.297938 0 0 0 0.000178763 0.000178763 -0.000595877 0 0 0 0.00389949 0.000192037 0.000192037 -0.000384073 0 0 0 0 0
1 0.000380825 0.000380825 -0.001 0 0 0 -4.19008e-17 -4.19008e-17 -0.297938 0 0 0 0.000178763 0.000178763 -0.000595877 0 0 0 0.00393422 0.000202062 0.000202062 -0.000404123 0 0 0 0 0
