# first column: time
# 2 column: 1th component of the strain (EXX)
# 3 column: 2th component of the strain (EYY)
# 4 column: 3th component of the strain (EZZ)
# 5 column: 4th component of the strain (EXY)
# 6 column: 5th component of the strain (EXZ)
# 7 column: 6th component of the strain (EYZ)
# 8 column: 1th component of the stress (SXX)
# 9 column: 2th component of the stress (SYY)
# 10 column: 3th component of the stress (SZZ)
# 11 column: 4th component of the stress (SXY)
# 12 column: 5th component of the stress (SXZ)
# 13 column: 6th component of the stress (SYZ)
# 14 column: first  component of internal variable 'ElasticStrain'
# 15 column: second component of internal variable 'ElasticStrain'
# 16 column: third  component of internal variable 'ElasticStrain'
# 17 column: fourth  component of internal variable 'ElasticStrain'
# 18 column: fifth   component of internal variable 'ElasticStrain'
# 19 column: sixth   component of internal variable 'ElasticStrain'
# 20 column: EquivalentPlasticStrain
# 21 column: first  component of internal variable 'PlasticStrain'
# 22 column: second component of internal variable 'PlasticStrain'
# 23 column: third  component of internal variable 'PlasticStrain'
# 24 column: fourth  component of internal variable 'PlasticStrain'
# 25 column: fifth   component of internal variable 'PlasticStrain'
# 26 column: sixth   component of internal variable 'PlasticStrain'
# 27 column: stored energy
# 28 column: disspated energy
0 0 0 0 0 0 0 0 0 0 0 0 0 0 0 0 0 0 0 0 0 0 0 0 0 0 0 0
0.0526316 6.31579e-05 6.31579e-05 -0.000210526 0 0 0 -7.11229e-18 -1.89978e-18 -0.105263 0 0 0 6.31579e-05 6.31579e-05 -0.000210526 0 0 0 0 -3.27022e-17 -3.27022e-17 1.09017e-16 0 0 0 0 0
0.105263 0.000126316 0.000126316 -0.000421053 0 0 0 -3.79955e-18 -3.79955e-18 -0.210526 0 0 0 0.000126316 0.000126316 -0.000421053 0 0 0 0 -6.54045e-17 -6.54045e-17 2.18033e-16 0 0 0 0 0
0.157895 0.000196614 0.000196614 -0.000631579 0 0 0 -1.42506e-14 -1.42506e-14 -0.297938 0 0 0 0.000178763 0.000178763 -0.000595877 0 0 0 6.18379e-05 1.78511e-05 1.78511e-05 -3.57022e-05 0 0 0 0 0
0.210526 0.000301877 0.000301877 -0.000842105 0 0 0 2.05826e-17 -2.67408e-19 -0.297938 0 0 0 0.000178763 0.000178763 -0.000595877 0 0 0 0.00042648 0.000123114 0.000123114 -0.000246228 0 0 0 0 0
0.263158 0.000354509 0.000354509 -0.000947368 0 0 0 -4.71334e-15 -4.71334e-15 -0.297938 0 0 0 0.000178763 0.000178763 -0.000595877 0 0 0 0.000608801 0.000175746 0.000175746 -0.000351492 0 0 0 0 0
0.315789 0.000291351 0.000291351 -0.000736842 0 0 0 1.52349e-17 -5.61511e-18 -0.192675 0 0 0 0.000115605 0.000115605 -0.00038535 0 0 0 0.000608801 0.000175746 0.000175746 -0.000351492 0 0 0 0 0
0.368421 0.000228193 0.000228193 -0.000526316 0 0 0 4.98331e-18 4.98331e-18 -0.0874121 0 0 0 5.24472e-05 5.24472e-05 -0.000174824 0 0 0 0.000608801 0.000175746 0.000175746 -0.000351492 0 0 0 0 0
0.421053 0.000165035 0.000165035 -0.000315789 0 0 0 7.74211e-18 7.74211e-18 0.0178511 0 0 0 -1.07106e-05 -1.07106e-05 3.57022e-05 0 0 0 0.000608801 0.000175746 0.000175746 -0.000351492 0 0 0 0 0
0.473684 0.000101877 0.000101877 -0.000105263 0 0 0 2.61468e-17 1.57218e-17 0.123114 0 0 0 -7.38685e-05 -7.38685e-05 0.000246228 0 0 0 0.000608801 0.000175746 0.000175746 -0.000351492 0 0 0 0 0
0.526316 3.87194e-05 3.87194e-05 0.000105263 0 0 0 -1.0134e-17 -2.05591e-17 0.228377 0 0 0 -0.000137026 -0.000137026 0.000456755 0 0 0 0.000608801 0.000175746 0.000175746 -0.000351492 0 0 0 0 0
0.578947 -6.48024e-05 -6.48024e-05 0.000315789 0 0 0 4.08182e-13 3.88562e-13 0.232731 0 0 0 -0.000139639 -0.000139639 0.000465462 0 0 0 0.000958363 7.48361e-05 7.48361e-05 -0.000149672 0 0 0 0 0
0.631579 -0.000170066 -0.000170066 0.000526316 0 0 0 4.48114e-14 3.45845e-14 0.232731 0 0 0 -0.000139639 -0.000139639 0.000465462 0 0 0 0.00132301 -3.04271e-05 -3.04271e-05 6.08541e-05 0 0 0 0 0
0.684211 -0.000275329 -0.000275329 0.000736842 0 0 0 5.41467e-13 5.91684e-13 0.232731 0 0 0 -0.000139639 -0.000139639 0.000465462 0 0 0 0.00168765 -0.00013569 -0.00013569 0.00027138 0 0 0 0 0
0.736842 -0.000380592 -0.000380592 0.000947368 0 0 0 -1.49264e-13 -3.13104e-13 0.232731 0 0 0 -0.000139639 -0.000139639 0.000465462 0 0 0 0.00205229 -0.000240953 -0.000240953 0.000481907 0 0 0 0 0
0.789474 -0.000301645 -0.000301645 0.000684211 0 0 0 -3.1369e-17 -3.1369e-17 0.101152 0 0 0 -6.06911e-05 -6.06911e-05 0.000202304 0 0 0 0.00205229 -0.000240953 -0.000240953 0.000481907 0 0 0 0 0
0.842105 -0.000175329 -0.000175329 0.000263158 0 0 0 2.91197e-18 -7.51305e-18 -0.109374 0 0 0 6.56247e-05 6.56247e-05 -0.000218749 0 0 0 0.00205229 -0.000240953 -0.000240953 0.000481907 0 0 0 0 0
0.894737 -4.0228e-05 -4.0228e-05 -0.000157895 0 0 0 -4.06129e-14 -4.14052e-14 -0.297938 0 0 0 0.000178763 0.000178763 -0.000595877 0 0 0 0.00212837 -0.000218991 -0.000218991 0.000437982 0 0 0 0 0
0.947368 0.000170298 0.000170298 -0.000578947 0 0 0 -2.59651e-13 -2.59651e-13 -0.297938 0 0 0 0.000178763 0.000178763 -0.000595877 0 0 0 0.00285765 -8.46471e-06 -8.46471e-06 1.69294e-05 0 0 0 0 0
1 0.000380825 0.000380825 -0.001 0 0 0 -5.40469e-13 -5.40469e-13 -0.297938 0 0 0 0.000178763 0.000178763 -0.000595877 0 0 0 0.00358694 0.000202062 0.000202062 -0.000404123 0 0 0 0 0
