# first column: time
# 2 column: 1th component of the strain (EXX)
# 3 column: 2th component of the strain (EYY)
# 4 column: 3th component of the strain (EZZ)
# 5 column: 4th component of the strain (EXY)
# 6 column: 5th component of the strain (EXZ)
# 7 column: 6th component of the strain (EYZ)
# 8 column: 1th component of the stress (SXX)
# 9 column: 2th component of the stress (SYY)
# 10 column: 3th component of the stress (SZZ)
# 11 column: 4th component of the stress (SXY)
# 12 column: 5th component of the stress (SXZ)
# 13 column: 6th component of the stress (SYZ)
# 14 column: first  component of internal variable 'ElasticStrain'
# 15 column: second component of internal variable 'ElasticStrain'
# 16 column: third  component of internal variable 'ElasticStrain'
# 17 column: fourth  component of internal variable 'ElasticStrain'
# 18 column: fifth   component of internal variable 'ElasticStrain'
# 19 column: sixth   component of internal variable 'ElasticStrain'
# 20 column: EquivalentPlasticStrain
# 21 column: first  component of internal variable 'PlasticStrain'
# 22 column: second component of internal variable 'PlasticStrain'
# 23 column: third  component of internal variable 'PlasticStrain'
# 24 column: fourth  component of internal variable 'PlasticStrain'
# 25 column: fifth   component of internal variable 'PlasticStrain'
# 26 column: sixth   component of internal variable 'PlasticStrain'
# 27 column: stored energy
# 28 column: disspated energy
0 0 0 0 0 0 0 0 0 0 0 0 0 0 0 0 0 0 0 0 0 0 0 0 0 0 0 0
0.0526316 6.31579e-05 6.31579e-05 -0.000210526 0 0 0 -7.11229e-18 -1.89978e-18 -0.105263 0 0 0 6.31579e-05 6.31579e-05 -0.000210526 0 0 0 0 -3.27022e-17 -3.27022e-17 1.09017e-16 0 0 0 0 0
0.105263 0.000126316 0.000126316 -0.000421053 0 0 0 -3.79955e-18 -3.79955e-18 -0.210526 0 0 0 0.000126316 0.000126316 -0.000421053 0 0 0 0 -6.54045e-17 -6.54045e-17 2.18033e-16 0 0 0 0 0
0.157895 0.000204138 0.000204138 -0.000631579 0 0 0 1.80144e-17 1.80144e-17 -0.297912 0 0 0 0.000178747 0.000178747 -0.000595825 0 0 0 7.06098e-05 2.53911e-05 2.53911e-05 -3.57542e-05 0 0 0 0 0
0.210526 0.000353645 0.000353645 -0.000842105 0 0 0 -3.62389e-13 -3.62389e-13 -0.297912 0 0 0 0.000178747 0.000178747 -0.000595825 0 0 0 0.000486372 0.000174898 0.000174898 -0.00024628 0 0 0 0 0
0.263158 0.000428398 0.000428398 -0.000947368 0 0 0 1.01018e-13 1.01018e-13 -0.297912 0 0 0 0.000178747 0.000178747 -0.000595825 0 0 0 0.000694253 0.000249651 0.000249651 -0.000351544 0 0 0 0 0
0.315789 0.000365241 0.000365241 -0.000736842 0 0 0 -1.01371e-20 -1.01371e-20 -0.192649 0 0 0 0.00011559 0.00011559 -0.000385298 0 0 0 0.000694253 0.000249651 0.000249651 -0.000351544 0 0 0 0 0
0.368421 0.000302083 0.000302083 -0.000526316 0 0 0 2.44661e-17 2.44661e-17 -0.0873861 0 0 0 5.24316e-05 5.24316e-05 -0.000174772 0 0 0 0.000694253 0.000249651 0.000249651 -0.000351544 0 0 0 0 0
0.421053 0.000238925 0.000238925 -0.000315789 0 0 0 2.89596e-17 2.89596e-17 0.0178771 0 0 0 -1.07262e-05 -1.07262e-05 3.57542e-05 0 0 0 0.000694253 0.000249651 0.000249651 -0.000351544 0 0 0 0 0
0.473684 0.000175767 0.000175767 -0.000105263 0 0 0 2.82656e-17 2.82656e-17 0.12314 0 0 0 -7.38841e-05 -7.38841e-05 0.00024628 0 0 0 0.000694253 0.000249651 0.000249651 -0.000351544 0 0 0 0 0
0.526316 0.000112609 0.000112609 0.000105263 0 0 0 5.86259e-18 5.86259e-18 0.228403 0 0 0 -0.000137042 -0.000137042 0.000456807 0 0 0 0.000694253 0.000249651 0.000249651 -0.000351544 0 0 0 0 0
0.578947 4.22152e-05 4.22152e-05 0.000315789 0 0 0 -5.17352e-10 -5.17353e-10 0.232705 0 0 0 -0.000139623 -0.000139623 0.00046541 0 0 0 0.00100576 0.000181838 0.000181838 -0.00014962 0 0 0 0 0
0.631579 -2.84868e-05 -2.84868e-05 0.000526316 0 0 0 7.41525e-14 7.35687e-14 0.232705 0 0 0 -0.000139623 -0.000139623 0.00046541 0 0 0 0.00133053 0.000111136 0.000111136 6.09061e-05 0 0 0 0 0
0.684211 -9.91889e-05 -9.91889e-05 0.000736842 0 0 0 -6.11217e-10 -6.11217e-10 0.232705 0 0 0 -0.000139623 -0.000139623 0.00046541 0 0 0 0.00165531 4.0434e-05 4.0434e-05 0.000271432 0 0 0 0 0
0.736842 -0.000169891 -0.000169891 0.000947368 0 0 0 -6.11243e-10 -6.11243e-10 0.232705 0 0 0 -0.000139623 -0.000139623 0.00046541 0 0 0 0.00198008 -3.0268e-05 -3.0268e-05 0.000481959 0 0 0 0 0
0.789474 -9.09435e-05 -9.09435e-05 0.000684211 0 0 0 -1.55902e-17 -1.55902e-17 0.101126 0 0 0 -6.06755e-05 -6.06755e-05 0.000202252 0 0 0 0.00198008 -3.0268e-05 -3.0268e-05 0.000481959 0 0 0 0 0
0.842105 3.53722e-05 3.53722e-05 0.000263158 0 0 0 -2.14256e-18 -2.14256e-18 -0.1094 0 0 0 6.56403e-05 6.56403e-05 -0.000218801 0 0 0 0.00198008 -3.0268e-05 -3.0268e-05 0.000481959 0 0 0 0 0
0.894737 0.000179747 0.000179747 -0.000157895 0 0 0 -7.84011e-19 -7.84011e-19 -0.297912 0 0 0 0.000178747 0.000178747 -0.000595825 0 0 0 0.00206703 9.99247e-07 9.99247e-07 0.00043793 0 0 0 0 0
0.947368 0.00047876 0.00047876 -0.000578947 0 0 0 4.43688e-17 1.30938e-17 -0.297912 0 0 0 0.000178747 0.000178747 -0.000595825 0 0 0 0.00289856 0.000300013 0.000300013 1.68774e-05 0 0 0 0 0
1 0.000777773 0.000777773 -0.001 0 0 0 -2.16341e-17 -2.16341e-17 -0.297912 0 0 0 0.000178747 0.000178747 -0.000595825 0 0 0 0.00373008 0.000599026 0.000599026 -0.000404175 0 0 0 0 0
