# first column: time
# 2 column: 1th component of the strain (EXX)
# 3 column: 2th component of the strain (EYY)
# 4 column: 3th component of the strain (EZZ)
# 5 column: 4th component of the strain (EXY)
# 6 column: 5th component of the strain (EXZ)
# 7 column: 6th component of the strain (EYZ)
# 8 column: 1th component of the stress (SXX)
# 9 column: 2th component of the stress (SYY)
# 10 column: 3th component of the stress (SZZ)
# 11 column: 4th component of the stress (SXY)
# 12 column: 5th component of the stress (SXZ)
# 13 column: 6th component of the stress (SYZ)
# 14 column: first  component of internal variable 'ElasticStrain'
# 15 column: second component of internal variable 'ElasticStrain'
# 16 column: third  component of internal variable 'ElasticStrain'
# 17 column: fourth  component of internal variable 'ElasticStrain'
# 18 column: fifth   component of internal variable 'ElasticStrain'
# 19 column: sixth   component of internal variable 'ElasticStrain'
# 20 column: EquivalentPlasticStrain
# 21 column: first  component of internal variable 'PlasticStrain'
# 22 column: second component of internal variable 'PlasticStrain'
# 23 column: third  component of internal variable 'PlasticStrain'
# 24 column: fourth  component of internal variable 'PlasticStrain'
# 25 column: fifth   component of internal variable 'PlasticStrain'
# 26 column: sixth   component of internal variable 'PlasticStrain'
# 27 column: stored energy
# 28 column: disspated energy
0 0 0 0 0 0 0 0 0 0 0 0 0 0 0 0 0 0 0 0 0 0 0 0 0 0 0 0
0.00502513 6.03015e-06 6.03015e-06 -2.01005e-05 0 0 0 9.81992e-16 9.81666e-16 -0.0100503 0 0 0 6.03015e-06 6.03015e-06 -2.01005e-05 0 0 0 0 -5.75982e-20 -5.75982e-20 -3.21195e-18 0 0 0 0 0
0.0100503 1.20603e-05 1.20603e-05 -4.0201e-05 0 0 0 9.82368e-16 9.82368e-16 -0.0201005 0 0 0 1.20603e-05 1.20603e-05 -4.0201e-05 0 0 0 0 -1.15196e-19 -1.15196e-19 -6.4239e-18 0 0 0 0 0
0.0150754 1.80905e-05 1.80905e-05 -6.03015e-05 0 0 0 9.80141e-16 9.81444e-16 -0.0301508 0 0 0 1.80905e-05 1.80905e-05 -6.03015e-05 0 0 0 0 -1.72795e-19 -1.72795e-19 -9.63585e-18 0 0 0 0 0
0.0201005 2.41206e-05 2.41206e-05 -8.0402e-05 0 0 0 9.84424e-16 9.84424e-16 -0.040201 0 0 0 2.41206e-05 2.41206e-05 -8.0402e-05 0 0 0 0 -2.30393e-19 -2.30393e-19 -1.28478e-17 0 0 0 0 0
0.0251256 3.01508e-05 3.01508e-05 -0.000100503 0 0 0 9.80462e-16 9.80462e-16 -0.0502513 0 0 0 3.01508e-05 3.01508e-05 -0.000100503 0 0 0 0 -2.87991e-19 -2.87991e-19 -1.60597e-17 0 0 0 0 0
0.0301508 3.61809e-05 3.61809e-05 -0.000120603 0 0 0 9.79537e-16 9.79537e-16 -0.0603015 0 0 0 3.61809e-05 3.61809e-05 -0.000120603 0 0 0 0 -3.45589e-19 -3.45589e-19 -1.92717e-17 0 0 0 0 0
0.0351759 4.22111e-05 4.22111e-05 -0.000140704 0 0 0 9.85991e-16 9.85991e-16 -0.0703518 0 0 0 4.22111e-05 4.22111e-05 -0.000140704 0 0 0 0 -4.03188e-19 -4.03188e-19 -2.24836e-17 0 0 0 0 0
0.040201 4.82412e-05 4.82412e-05 -0.000160804 0 0 0 9.85498e-16 9.85498e-16 -0.080402 0 0 0 4.82412e-05 4.82412e-05 -0.000160804 0 0 0 0 -4.60786e-19 -4.60786e-19 -2.56956e-17 0 0 0 0 0
0.0452261 5.42714e-05 5.42714e-05 -0.000180905 0 0 0 9.74596e-16 9.74596e-16 -0.0904523 0 0 0 5.42714e-05 5.42714e-05 -0.000180905 0 0 0 0 -5.18384e-19 -5.18384e-19 -2.89075e-17 0 0 0 0 0
0.0502513 6.03015e-05 6.03015e-05 -0.000201005 0 0 0 9.82785e-16 9.82785e-16 -0.100503 0 0 0 6.03015e-05 6.03015e-05 -0.000201005 0 0 0 0 -5.75982e-19 -5.75982e-19 -3.21195e-17 0 0 0 0 0
0.0552764 6.63317e-05 6.63317e-05 -0.000221106 0 0 0 9.87504e-16 9.87504e-16 -0.110553 0 0 0 6.63317e-05 6.63317e-05 -0.000221106 0 0 0 0 -6.33581e-19 -6.33581e-19 -3.53314e-17 0 0 0 0 0
0.0603015 7.23618e-05 7.23618e-05 -0.000241206 0 0 0 9.81799e-16 9.81799e-16 -0.120603 0 0 0 7.23618e-05 7.23618e-05 -0.000241206 0 0 0 0 -6.91179e-19 -6.91179e-19 -3.85434e-17 0 0 0 0 0
0.0653266 7.8392e-05 7.8392e-05 -0.000261307 0 0 0 9.86518e-16 9.86518e-16 -0.130653 0 0 0 7.8392e-05 7.8392e-05 -0.000261307 0 0 0 0 -7.48777e-19 -7.48777e-19 -4.17553e-17 0 0 0 0 0
0.0703518 8.44221e-05 8.44221e-05 -0.000281407 0 0 0 9.79086e-16 9.79086e-16 -0.140704 0 0 0 8.44221e-05 8.44221e-05 -0.000281407 0 0 0 0 -8.06375e-19 -8.06375e-19 -4.49673e-17 0 0 0 0 0
0.0753769 9.04523e-05 9.04523e-05 -0.000301508 0 0 0 9.71654e-16 9.71654e-16 -0.150754 0 0 0 9.04523e-05 9.04523e-05 -0.000301508 0 0 0 0 -8.63974e-19 -8.63974e-19 -4.81792e-17 0 0 0 0 0
0.080402 9.64824e-05 9.64824e-05 -0.000321608 0 0 0 9.76373e-16 9.76373e-16 -0.160804 0 0 0 9.64824e-05 9.64824e-05 -0.000321608 0 0 0 0 -9.21572e-19 -9.21572e-19 -5.13912e-17 0 0 0 0 0
0.0854271 0.000102513 0.000102513 -0.000341709 0 0 0 9.70668e-16 9.70668e-16 -0.170854 0 0 0 0.000102513 0.000102513 -0.000341709 0 0 0 0 -9.7917e-19 -9.7917e-19 -5.46031e-17 0 0 0 0 0
0.0904523 0.000108543 0.000108543 -0.000361809 0 0 0 9.73661e-16 9.73661e-16 -0.180905 0 0 0 0.000108543 0.000108543 -0.000361809 0 0 0 0 -1.03677e-18 -1.03677e-18 -5.78151e-17 0 0 0 0 0
0.0954774 0.000114573 0.000114573 -0.00038191 0 0 0 9.7838e-16 9.7838e-16 -0.190955 0 0 0 0.000114573 0.000114573 -0.00038191 0 0 0 0 -1.09437e-18 -1.09437e-18 -6.1027e-17 0 0 0 0 0
0.100503 0.000120603 0.000120603 -0.00040201 0 0 0 9.70948e-16 9.70948e-16 -0.201005 0 0 0 0.000120603 0.000120603 -0.00040201 0 0 0 0 -1.15196e-18 -1.15196e-18 -6.4239e-17 0 0 0 0 0
0.105528 0.000126633 0.000126633 -0.000422111 0 0 0 9.77394e-16 9.87819e-16 -0.211055 0 0 0 0.000126633 0.000126633 -0.000422111 0 0 0 0 -1.20956e-18 -1.20956e-18 -6.74509e-17 0 0 0 0 0
0.110553 0.000132663 0.000132663 -0.000442211 0 0 0 9.7866e-16 9.7866e-16 -0.221106 0 0 0 0.000132663 0.000132663 -0.000442211 0 0 0 0 -1.26716e-18 -1.26716e-18 -7.06629e-17 0 0 0 0 0
0.115578 0.000138693 0.000138693 -0.000462312 0 0 0 9.72955e-16 9.72955e-16 -0.231156 0 0 0 0.000138693 0.000138693 -0.000462312 0 0 0 0 -1.32476e-18 -1.32476e-18 -7.38748e-17 0 0 0 0 0
0.120603 0.000144724 0.000144724 -0.000482412 0 0 0 9.77674e-16 9.77674e-16 -0.241206 0 0 0 0.000144724 0.000144724 -0.000482412 0 0 0 0 -1.38236e-18 -1.38236e-18 -7.70868e-17 0 0 0 0 0
0.125628 0.000150754 0.000150754 -0.000502513 0 0 0 9.85846e-16 9.85846e-16 -0.251256 0 0 0 0.000150754 0.000150754 -0.000502513 0 0 0 0 -1.43996e-18 -1.43996e-18 -8.02987e-17 0 0 0 0 0
0.130653 0.000156784 0.000156784 -0.000522613 0 0 0 1.00099e-15 1.00099e-15 -0.261307 0 0 0 0.000156784 0.000156784 -0.000522613 0 0 0 0 -1.49755e-18 -1.49755e-18 -8.35107e-17 0 0 0 0 0
0.135678 0.000162814 0.000162814 -0.000542714 0 0 0 9.95285e-16 9.95285e-16 -0.271357 0 0 0 0.000162814 0.000162814 -0.000542714 0 0 0 0 -1.55515e-18 -1.55515e-18 -8.67226e-17 0 0 0 0 0
0.140704 0.000168844 0.000168844 -0.000562814 0 0 0 9.89579e-16 9.89579e-16 -0.281407 0 0 0 0.000168844 0.000168844 -0.000562814 0 0 0 0 -1.61275e-18 -1.61275e-18 -8.99346e-17 0 0 0 0 0
0.145729 0.000174874 0.000174874 -0.000582915 0 0 0 9.87326e-16 9.87326e-16 -0.291457 0 0 0 0.000174874 0.000174874 -0.000582915 0 0 0 0 -1.67035e-18 -1.67035e-18 -9.31465e-17 0 0 0 0 0
0.150754 0.000182332 0.000182332 -0.000603015 0 0 0 -4.32066e-18 3.73794e-17 -0.297938 0 0 0 0.000178763 0.000178763 -0.000595877 0 0 0 1.23639e-05 3.56914e-06 3.56914e-06 -7.13828e-06 0 0 0 0 0
0.155779 0.000192382 0.000192382 -0.000623116 0 0 0 -2.1525e-14 -2.1525e-14 -0.297938 0 0 0 0.000178763 0.000178763 -0.000595877 0 0 0 4.7179e-05 1.36194e-05 1.36194e-05 -2.72388e-05 0 0 0 0 0
0.160804 0.000202433 0.000202433 -0.000643216 0 0 0 -5.59834e-15 -5.59834e-15 -0.297938 0 0 0 0.000178763 0.000178763 -0.000595877 0 0 0 8.1994e-05 2.36696e-05 2.36696e-05 -4.73393e-05 0 0 0 0 0
0.165829 0.000212483 0.000212483 -0.000663317 0 0 0 1.01576e-17 1.01576e-17 -0.297938 0 0 0 0.000178763 0.000178763 -0.000595877 0 0 0 0.000116809 3.37199e-05 3.37199e-05 -6.74398e-05 0 0 0 0 0
0.170854 0.000222533 0.000222533 -0.000683417 0 0 0 1.20358e-14 1.20358e-14 -0.297938 0 0 0 0.000178763 0.000178763 -0.000595877 0 0 0 0.000151624 4.37701e-05 4.37701e-05 -8.75403e-05 0 0 0 0 0
0.175879 0.000232583 0.000232583 -0.000703518 0 0 0 1.25148e-14 1.25148e-14 -0.297938 0 0 0 0.000178763 0.000178763 -0.000595877 0 0 0 0.000186439 5.38204e-05 5.38204e-05 -0.000107641 0 0 0 0 0
0.180905 0.000242634 0.000242634 -0.000723618 0 0 0 1.03399e-15 1.03399e-15 -0.297938 0 0 0 0.000178763 0.000178763 -0.000595877 0 0 0 0.000221254 6.38706e-05 6.38706e-05 -0.000127741 0 0 0 0 0
0.18593 0.000252684 0.000252684 -0.000743719 0 0 0 -3.8448e-17 -3.8448e-17 -0.297938 0 0 0 0.000178763 0.000178763 -0.000595877 0 0 0 0.00025607 7.39209e-05 7.39209e-05 -0.000147842 0 0 0 0 0
0.190955 0.000262734 0.000262734 -0.000763819 0 0 0 -4.19008e-17 -4.19008e-17 -0.297938 0 0 0 0.000178763 0.000178763 -0.000595877 0 0 0 0.000290885 8.39711e-05 8.39711e-05 -0.000167942 0 0 0 0 0
0.19598 0.000272784 0.000272784 -0.00078392 0 0 0 -1.96806e-15 -1.98891e-15 -0.297938 0 0 0 0.000178763 0.000178763 -0.000595877 0 0 0 0.0003257 9.40214e-05 9.40214e-05 -0.000188043 0 0 0 0 0
0.201005 0.000282835 0.000282835 -0.00080402 0 0 0 -4.19008e-17 -4.19008e-17 -0.297938 0 0 0 0.000178763 0.000178763 -0.000595877 0 0 0 0.000360515 0.000104072 0.000104072 -0.000208143 0 0 0 0 0
0.20603 0.000292885 0.000292885 -0.000824121 0 0 0 -1.98891e-15 -1.96806e-15 -0.297938 0 0 0 0.000178763 0.000178763 -0.000595877 0 0 0 0.00039533 0.000114122 0.000114122 -0.000228244 0 0 0 0 0
0.211055 0.000302935 0.000302935 -0.000844221 0 0 0 -4.19008e-17 -4.19008e-17 -0.297938 0 0 0 0.000178763 0.000178763 -0.000595877 0 0 0 0.000430145 0.000124172 0.000124172 -0.000248344 0 0 0 0 0
0.21608 0.000312985 0.000312985 -0.000864322 0 0 0 -1.97849e-15 -1.97849e-15 -0.297938 0 0 0 0.000178763 0.000178763 -0.000595877 0 0 0 0.00046496 0.000134222 0.000134222 -0.000268445 0 0 0 0 0
0.221106 0.000323036 0.000323036 -0.000884422 0 0 0 -1.41452e-17 -1.41452e-17 -0.297938 0 0 0 0.000178763 0.000178763 -0.000595877 0 0 0 0.000499775 0.000144273 0.000144273 -0.000288545 0 0 0 0 0
0.226131 0.000333086 0.000333086 -0.000904523 0 0 0 -1.71474e-15 -1.71474e-15 -0.297938 0 0 0 0.000178763 0.000178763 -0.000595877 0 0 0 0.00053459 0.000154323 0.000154323 -0.000308646 0 0 0 0 0
0.231156 0.000343136 0.000343136 -0.000924623 0 0 0 -6.79216e-15 -6.93811e-15 -0.297938 0 0 0 0.000178763 0.000178763 -0.000595877 0 0 0 0.000569405 0.000164373 0.000164373 -0.000328746 0 0 0 0 0
0.236181 0.000353186 0.000353186 -0.000944724 0 0 0 -1.52039e-15 -1.52039e-15 -0.297938 0 0 0 0.000178763 0.000178763 -0.000595877 0 0 0 0.00060422 0.000174423 0.000174423 -0.000348847 0 0 0 0 0
0.241206 0.000363237 0.000363237 -0.000964824 0 0 0 -4.87994e-15 -4.87994e-15 -0.297938 0 0 0 0.000178763 0.000178763 -0.000595877 0 0 0 0.000639036 0.000184474 0.000184474 -0.000368947 0 0 0 0 0
0.246231 0.000373287 0.000373287 -0.000984925 0 0 0 -1.71659e-14 -1.71659e-14 -0.297938 0 0 0 0.000178763 0.000178763 -0.000595877 0 0 0 0.000673851 0.000194524 0.000194524 -0.000389048 0 0 0 0 0
0.251256 0.000378312 0.000378312 -0.000994975 0 0 0 -1.83274e-15 -1.83274e-15 -0.297938 0 0 0 0.000178763 0.000178763 -0.000595877 0 0 0 0.000691258 0.000199549 0.000199549 -0.000399098 0 0 0 0 0
0.256281 0.000372282 0.000372282 -0.000974874 0 0 0 -9.76499e-16 -9.76499e-16 -0.287888 0 0 0 0.000172733 0.000172733 -0.000575776 0 0 0 0.000691258 0.000199549 0.000199549 -0.000399098 0 0 0 0 0
0.261307 0.000366252 0.000366252 -0.000954774 0 0 0 -9.6734e-16 -9.6734e-16 -0.277838 0 0 0 0.000166703 0.000166703 -0.000555676 0 0 0 0.000691258 0.000199549 0.000199549 -0.000399098 0 0 0 0 0
0.266332 0.000360222 0.000360222 -0.000934673 0 0 0 -9.72026e-16 -9.72026e-16 -0.267788 0 0 0 0.000160673 0.000160673 -0.000535575 0 0 0 0.000691258 0.000199549 0.000199549 -0.000399098 0 0 0 0 0
0.271357 0.000354191 0.000354191 -0.000914573 0 0 0 -1.01147e-15 -1.01147e-15 -0.257737 0 0 0 0.000154642 0.000154642 -0.000515475 0 0 0 0.000691258 0.000199549 0.000199549 -0.000399098 0 0 0 0 0
0.276382 0.000348161 0.000348161 -0.000894472 0 0 0 -1.00231e-15 -1.00231e-15 -0.247687 0 0 0 0.000148612 0.000148612 -0.000495374 0 0 0 0.000691258 0.000199549 0.000199549 -0.000399098 0 0 0 0 0
0.281407 0.000342131 0.000342131 -0.000874372 0 0 0 -9.65334e-16 -9.65334e-16 -0.237637 0 0 0 0.000142582 0.000142582 -0.000475274 0 0 0 0.000691258 0.000199549 0.000199549 -0.000399098 0 0 0 0 0
0.286432 0.000336101 0.000336101 -0.000854271 0 0 0 -9.90904e-16 -9.90904e-16 -0.227587 0 0 0 0.000136552 0.000136552 -0.000455173 0 0 0 0.000691258 0.000199549 0.000199549 -0.000399098 0 0 0 0 0
0.291457 0.000330071 0.000330071 -0.000834171 0 0 0 -9.74773e-16 -9.74773e-16 -0.217536 0 0 0 0.000130522 0.000130522 -0.000435073 0 0 0 0.000691258 0.000199549 0.000199549 -0.000399098 0 0 0 0 0
0.296482 0.000324041 0.000324041 -0.00081407 0 0 0 -9.51737e-16 -9.51737e-16 -0.207486 0 0 0 0.000124492 0.000124492 -0.000414972 0 0 0 0.000691258 0.000199549 0.000199549 -0.000399098 0 0 0 0 0
0.301508 0.000318011 0.000318011 -0.00079397 0 0 0 -9.56456e-16 -9.56456e-16 -0.197436 0 0 0 0.000118462 0.000118462 -0.000394872 0 0 0 0.000691258 0.000199549 0.000199549 -0.000399098 0 0 0 0 0
0.306533 0.00031198 0.00031198 -0.000773869 0 0 0 -9.9587e-16 -9.9587e-16 -0.187386 0 0 0 0.000112431 0.000112431 -0.000374771 0 0 0 0.000691258 0.000199549 0.000199549 -0.000399098 0 0 0 0 0
0.311558 0.00030595 0.00030595 -0.000753769 0 0 0 -9.65895e-16 -9.65895e-16 -0.177335 0 0 0 0.000106401 0.000106401 -0.000354671 0 0 0 0.000691258 0.000199549 0.000199549 -0.000399098 0 0 0 0 0
0.316583 0.00029992 0.00029992 -0.000733668 0 0 0 -9.49764e-16 -9.49764e-16 -0.167285 0 0 0 0.000100371 0.000100371 -0.00033457 0 0 0 0.000691258 0.000199549 0.000199549 -0.000399098 0 0 0 0 0
0.321608 0.00029389 0.00029389 -0.000713568 0 0 0 -9.75334e-16 -9.75334e-16 -0.157235 0 0 0 9.43409e-05 9.43409e-05 -0.00031447 0 0 0 0.000691258 0.000199549 0.000199549 -0.000399098 0 0 0 0 0
0.326633 0.00028786 0.00028786 -0.000693467 0 0 0 -9.52297e-16 -9.52297e-16 -0.147185 0 0 0 8.83108e-05 8.83108e-05 -0.000294369 0 0 0 0.000691258 0.000199549 0.000199549 -0.000399098 0 0 0 0 0
0.331658 0.00028183 0.00028183 -0.000673367 0 0 0 -9.84772e-16 -9.84772e-16 -0.137134 0 0 0 8.22806e-05 8.22806e-05 -0.000274269 0 0 0 0.000691258 0.000199549 0.000199549 -0.000399098 0 0 0 0 0
0.336683 0.0002758 0.0002758 -0.000653266 0 0 0 -9.92961e-16 -9.92961e-16 -0.127084 0 0 0 7.62505e-05 7.62505e-05 -0.000254168 0 0 0 0.000691258 0.000199549 0.000199549 -0.000399098 0 0 0 0 0
0.341709 0.000269769 0.000269769 -0.000633166 0 0 0 -9.7683e-16 -9.7683e-16 -0.117034 0 0 0 7.02203e-05 7.02203e-05 -0.000234068 0 0 0 0.000691258 0.000199549 0.000199549 -0.000399098 0 0 0 0 0
0.346734 0.000263739 0.000263739 -0.000613065 0 0 0 -9.50325e-16 -9.50325e-16 -0.106984 0 0 0 6.41902e-05 6.41902e-05 -0.000213967 0 0 0 0.000691258 0.000199549 0.000199549 -0.000399098 0 0 0 0 0
0.351759 0.000257709 0.000257709 -0.000592965 0 0 0 -9.55044e-16 -9.55044e-16 -0.0969334 0 0 0 5.816e-05 5.816e-05 -0.000193867 0 0 0 0.000691258 0.000199549 0.000199549 -0.000399098 0 0 0 0 0
0.356784 0.000251679 0.000251679 -0.000572864 0 0 0 -9.90988e-16 -9.90988e-16 -0.0868831 0 0 0 5.21299e-05 5.21299e-05 -0.000173766 0 0 0 0.000691258 0.000199549 0.000199549 -0.000399098 0 0 0 0 0
0.361809 0.000245649 0.000245649 -0.000552764 0 0 0 -9.64483e-16 -9.64483e-16 -0.0768329 0 0 0 4.60997e-05 4.60997e-05 -0.000153666 0 0 0 0.000691258 0.000199549 0.000199549 -0.000399098 0 0 0 0 0
0.366834 0.000239619 0.000239619 -0.000532663 0 0 0 -9.76124e-16 -9.76124e-16 -0.0667826 0 0 0 4.00696e-05 4.00696e-05 -0.000133565 0 0 0 0.000691258 0.000199549 0.000199549 -0.000399098 0 0 0 0 0
0.371859 0.000233588 0.000233588 -0.000512563 0 0 0 -9.79126e-16 -9.79126e-16 -0.0567324 0 0 0 3.40394e-05 3.40394e-05 -0.000113465 0 0 0 0.000691258 0.000199549 0.000199549 -0.000399098 0 0 0 0 0
0.376884 0.000227558 0.000227558 -0.000492462 0 0 0 -9.869e-16 -9.869e-16 -0.0466821 0 0 0 2.80093e-05 2.80093e-05 -9.33642e-05 0 0 0 0.000691258 0.000199549 0.000199549 -0.000399098 0 0 0 0 0
0.38191 0.000221528 0.000221528 -0.000472362 0 0 0 -9.82464e-16 -9.82464e-16 -0.0366319 0 0 0 2.19791e-05 2.19791e-05 -7.32637e-05 0 0 0 0.000691258 0.000199549 0.000199549 -0.000399098 0 0 0 0 0
0.386935 0.000215498 0.000215498 -0.000452261 0 0 0 -9.90238e-16 -9.90238e-16 -0.0265816 0 0 0 1.5949e-05 1.5949e-05 -5.31632e-05 0 0 0 0.000691258 0.000199549 0.000199549 -0.000399098 0 0 0 0 0
0.39196 0.000209468 0.000209468 -0.000432161 0 0 0 -9.71107e-16 -9.71107e-16 -0.0165314 0 0 0 9.91882e-06 9.91882e-06 -3.30627e-05 0 0 0 0.000691258 0.000199549 0.000199549 -0.000399098 0 0 0 0 0
0.396985 0.000203438 0.000203438 -0.00041206 0 0 0 -9.88388e-16 -9.88388e-16 -0.00648111 0 0 0 3.88867e-06 3.88867e-06 -1.29622e-05 0 0 0 0.000691258 0.000199549 0.000199549 -0.000399098 0 0 0 0 0
0.40201 0.000197408 0.000197408 -0.00039196 0 0 0 -9.69474e-16 -9.69474e-16 0.00356914 0 0 0 -2.14148e-06 -2.14148e-06 7.13828e-06 0 0 0 0.000691258 0.000199549 0.000199549 -0.000399098 0 0 0 0 0
0.407035 0.000191377 0.000191377 -0.000371859 0 0 0 -9.86972e-16 -9.86972e-16 0.0136194 0 0 0 -8.17163e-06 -8.17163e-06 2.72388e-05 0 0 0 0.000691258 0.000199549 0.000199549 -0.000399098 0 0 0 0 0
0.41206 0.000185347 0.000185347 -0.000351759 0 0 0 -9.73462e-16 -9.73462e-16 0.0236696 0 0 0 -1.42018e-05 -1.42018e-05 4.73393e-05 0 0 0 0.000691258 0.000199549 0.000199549 -0.000399098 0 0 0 0 0
0.417085 0.000179317 0.000179317 -0.000331658 0 0 0 -9.80369e-16 -9.80369e-16 0.0337199 0 0 0 -2.02319e-05 -2.02319e-05 6.74398e-05 0 0 0 0.000691258 0.000199549 0.000199549 -0.000399098 0 0 0 0 0
0.422111 0.000173287 0.000173287 -0.000311558 0 0 0 -9.71613e-16 -9.71613e-16 0.0437701 0 0 0 -2.62621e-05 -2.62621e-05 8.75403e-05 0 0 0 0.000691258 0.000199549 0.000199549 -0.000399098 0 0 0 0 0
0.427136 0.000167257 0.000167257 -0.000291457 0 0 0 -9.82425e-16 -9.82425e-16 0.0538204 0 0 0 -3.22922e-05 -3.22922e-05 0.000107641 0 0 0 0.000691258 0.000199549 0.000199549 -0.000399098 0 0 0 0 0
0.432161 0.000161227 0.000161227 -0.000271357 0 0 0 -9.66294e-16 -9.66294e-16 0.0638706 0 0 0 -3.83224e-05 -3.83224e-05 0.000127741 0 0 0 0.000691258 0.000199549 0.000199549 -0.000399098 0 0 0 0 0
0.437186 0.000155197 0.000155197 -0.000251256 0 0 0 -9.71013e-16 -9.71013e-16 0.0739209 0 0 0 -4.43525e-05 -4.43525e-05 0.000147842 0 0 0 0.000691258 0.000199549 0.000199549 -0.000399098 0 0 0 0 0
0.442211 0.000149166 0.000149166 -0.000231156 0 0 0 -9.7228e-16 -9.7228e-16 0.0839711 0 0 0 -5.03827e-05 -5.03827e-05 0.000167942 0 0 0 0.000691258 0.000199549 0.000199549 -0.000399098 0 0 0 0 0
0.447236 0.000143136 0.000143136 -0.000211055 0 0 0 -9.80452e-16 -9.80452e-16 0.0940214 0 0 0 -5.64128e-05 -5.64128e-05 0.000188043 0 0 0 0.000691258 0.000199549 0.000199549 -0.000399098 0 0 0 0 0
0.452261 0.000137106 0.000137106 -0.000190955 0 0 0 -9.81719e-16 -9.81719e-16 0.104072 0 0 0 -6.2443e-05 -6.2443e-05 0.000208143 0 0 0 0.000691258 0.000199549 0.000199549 -0.000399098 0 0 0 0 0
0.457286 0.000131076 0.000131076 -0.000170854 0 0 0 -9.65588e-16 -9.65588e-16 0.114122 0 0 0 -6.84731e-05 -6.84731e-05 0.000228244 0 0 0 0.000691258 0.000199549 0.000199549 -0.000399098 0 0 0 0 0
0.462312 0.000125046 0.000125046 -0.000150754 0 0 0 -9.70307e-16 -9.70307e-16 0.124172 0 0 0 -7.45033e-05 -7.45033e-05 0.000248344 0 0 0 0.000691258 0.000199549 0.000199549 -0.000399098 0 0 0 0 0
0.467337 0.000119016 0.000119016 -0.000130653 0 0 0 -9.71574e-16 -9.71574e-16 0.134222 0 0 0 -8.05334e-05 -8.05334e-05 0.000268445 0 0 0 0.000691258 0.000199549 0.000199549 -0.000399098 0 0 0 0 0
0.472362 0.000112985 0.000112985 -0.000110553 0 0 0 -9.71064e-16 -9.71064e-16 0.144273 0 0 0 -8.65636e-05 -8.65636e-05 0.000288545 0 0 0 0.000691258 0.000199549 0.000199549 -0.000399098 0 0 0 0 0
0.477387 0.000106955 0.000106955 -9.04523e-05 0 0 0 -9.65392e-16 -9.65392e-16 0.154323 0 0 0 -9.25937e-05 -9.25937e-05 0.000308646 0 0 0 0.000691258 0.000199549 0.000199549 -0.000399098 0 0 0 0 0
0.482412 0.000100925 0.000100925 -7.03518e-05 0 0 0 -9.80503e-16 -9.80503e-16 0.164373 0 0 0 -9.86239e-05 -9.86239e-05 0.000328746 0 0 0 0.000691258 0.000199549 0.000199549 -0.000399098 0 0 0 0 0
0.487437 9.4895e-05 9.4895e-05 -5.02513e-05 0 0 0 -9.73071e-16 -9.73071e-16 0.174423 0 0 0 -0.000104654 -0.000104654 0.000348847 0 0 0 0.000691258 0.000199549 0.000199549 -0.000399098 0 0 0 0 0
0.492462 8.88648e-05 8.88648e-05 -3.01508e-05 0 0 0 -9.67398e-16 -9.67398e-16 0.184474 0 0 0 -0.000110684 -0.000110684 0.000368947 0 0 0 0.000691258 0.000199549 0.000199549 -0.000399098 0 0 0 0 0
0.497487 8.28347e-05 8.28347e-05 -1.00503e-05 0 0 0 -9.72118e-16 -9.72118e-16 0.194524 0 0 0 -0.000116714 -0.000116714 0.000389048 0 0 0 0.000691258 0.000199549 0.000199549 -0.000399098 0 0 0 0 0
0.502513 7.68045e-05 7.68045e-05 1.00503e-05 0 0 0 -9.7853e-16 -9.7853e-16 0.204574 0 0 0 -0.000122744 -0.000122744 0.000409148 0 0 0 0.000691258 0.000199549 0.000199549 -0.000399098 0 0 0 0 0
0.507538 7.07744e-05 7.07744e-05 3.01508e-05 0 0 0 -9.93675e-16 -9.93675e-16 0.214624 0 0 0 -0.000128775 -0.000128775 0.000429249 0 0 0 0.000691258 0.000199549 0.000199549 -0.000399098 0 0 0 0 0
0.512563 6.47442e-05 6.47442e-05 5.02513e-05 0 0 0 -9.84516e-16 -9.84516e-16 0.224675 0 0 0 -0.000134805 -0.000134805 0.000449349 0 0 0 0.000691258 0.000199549 0.000199549 -0.000399098 0 0 0 0 0
0.517588 5.79165e-05 5.79165e-05 7.03518e-05 0 0 0 5.00672e-16 5.00672e-16 0.232731 0 0 0 -0.000139639 -0.000139639 0.000465462 0 0 0 0.000698166 0.000197555 0.000197555 -0.00039511 0 0 0 0 0
0.522613 4.78662e-05 4.78662e-05 9.04523e-05 0 0 0 4.36399e-14 4.36503e-14 0.232731 0 0 0 -0.000139639 -0.000139639 0.000465462 0 0 0 0.000732981 0.000187505 0.000187505 -0.000375009 0 0 0 0 0
0.527638 3.7816e-05 3.7816e-05 0.000110553 0 0 0 3.34185e-15 3.34185e-15 0.232731 0 0 0 -0.000139639 -0.000139639 0.000465462 0 0 0 0.000767796 0.000177454 0.000177454 -0.000354909 0 0 0 0 0
0.532663 2.77657e-05 2.77657e-05 0.000130653 0 0 0 8.14523e-16 8.14523e-16 0.232731 0 0 0 -0.000139639 -0.000139639 0.000465462 0 0 0 0.000802611 0.000167404 0.000167404 -0.000334808 0 0 0 0 0
0.537688 1.77155e-05 1.77155e-05 0.000150754 0 0 0 2.30224e-17 2.30224e-17 0.232731 0 0 0 -0.000139639 -0.000139639 0.000465462 0 0 0 0.000837426 0.000157354 0.000157354 -0.000314708 0 0 0 0 0
0.542714 7.6652e-06 7.6652e-06 0.000170854 0 0 0 -1.33426e-14 -1.32175e-14 0.232731 0 0 0 -0.000139639 -0.000139639 0.000465462 0 0 0 0.000872241 0.000147304 0.000147304 -0.000294607 0 0 0 0 0
0.547739 -2.38505e-06 -2.38505e-06 0.000190955 0 0 0 2.30224e-17 2.30224e-17 0.232731 0 0 0 -0.000139639 -0.000139639 0.000465462 0 0 0 0.000907056 0.000137253 0.000137253 -0.000274507 0 0 0 0 0
0.552764 -1.24353e-05 -1.24353e-05 0.000211055 0 0 0 -1.37731e-14 -1.3648e-14 0.232731 0 0 0 -0.000139639 -0.000139639 0.000465462 0 0 0 0.000941871 0.000127203 0.000127203 -0.000254406 0 0 0 0 0
0.557789 -2.24856e-05 -2.24856e-05 0.000231156 0 0 0 2.30224e-17 2.30224e-17 0.232731 0 0 0 -0.000139639 -0.000139639 0.000465462 0 0 0 0.000976687 0.000117153 0.000117153 -0.000234306 0 0 0 0 0
0.562814 -3.25358e-05 -3.25358e-05 0.000251256 0 0 0 -1.37835e-14 -1.3648e-14 0.232731 0 0 0 -0.000139639 -0.000139639 0.000465462 0 0 0 0.0010115 0.000107103 0.000107103 -0.000214205 0 0 0 0 0
0.567839 -4.25861e-05 -4.25861e-05 0.000271357 0 0 0 1.25974e-17 2.30224e-17 0.232731 0 0 0 -0.000139639 -0.000139639 0.000465462 0 0 0 0.00104632 9.70525e-05 9.70525e-05 -0.000194105 0 0 0 0 0
0.572864 -5.26363e-05 -5.26363e-05 0.000291457 0 0 0 -3.83043e-15 -3.82001e-15 0.232731 0 0 0 -0.000139639 -0.000139639 0.000465462 0 0 0 0.00108113 8.70022e-05 8.70022e-05 -0.000174004 0 0 0 0 0
0.577889 -6.26866e-05 -6.26866e-05 0.000311558 0 0 0 -4.30603e-15 -4.31646e-15 0.232731 0 0 0 -0.000139639 -0.000139639 0.000465462 0 0 0 0.00111595 7.69519e-05 7.69519e-05 -0.000153904 0 0 0 0 0
0.582915 -7.27368e-05 -7.27368e-05 0.000331658 0 0 0 6.79607e-15 6.79607e-15 0.232731 0 0 0 -0.000139639 -0.000139639 0.000465462 0 0 0 0.00115076 6.69017e-05 6.69017e-05 -0.000133803 0 0 0 0 0
0.58794 -8.27871e-05 -8.27871e-05 0.000351759 0 0 0 6.74052e-15 6.74052e-15 0.232731 0 0 0 -0.000139639 -0.000139639 0.000465462 0 0 0 0.00118558 5.68514e-05 5.68514e-05 -0.000113703 0 0 0 0 0
0.592965 -9.28373e-05 -9.28373e-05 0.000371859 0 0 0 3.34474e-17 3.34474e-17 0.232731 0 0 0 -0.000139639 -0.000139639 0.000465462 0 0 0 0.00122039 4.68012e-05 4.68012e-05 -9.36024e-05 0 0 0 0 0
0.59799 -0.000102888 -0.000102888 0.00039196 0 0 0 -4.26785e-15 -4.26785e-15 0.232731 0 0 0 -0.000139639 -0.000139639 0.000465462 0 0 0 0.00125521 3.67509e-05 3.67509e-05 -7.35019e-05 0 0 0 0 0
0.603015 -0.000112938 -0.000112938 0.00041206 0 0 0 9.43099e-15 9.43099e-15 0.232731 0 0 0 -0.000139639 -0.000139639 0.000465462 0 0 0 0.00129002 2.67007e-05 2.67007e-05 -5.34014e-05 0 0 0 0 0
0.60804 -0.000122988 -0.000122988 0.000432161 0 0 0 1.5902e-14 1.5902e-14 0.232731 0 0 0 -0.000139639 -0.000139639 0.000465462 0 0 0 0.00132484 1.66504e-05 1.66504e-05 -3.33009e-05 0 0 0 0 0
0.613065 -0.000133038 -0.000133038 0.000452261 0 0 0 6.11217e-15 6.11217e-15 0.232731 0 0 0 -0.000139639 -0.000139639 0.000465462 0 0 0 0.00135965 6.60019e-06 6.60019e-06 -1.32004e-05 0 0 0 0 0
0.61809 -0.000143089 -0.000143089 0.000472362 0 0 0 1.54715e-14 1.54715e-14 0.232731 0 0 0 -0.000139639 -0.000139639 0.000465462 0 0 0 0.00139447 -3.45006e-06 -3.45006e-06 6.90012e-06 0 0 0 0 0
0.623116 -0.000153139 -0.000153139 0.000492462 0 0 0 1.15868e-14 1.15868e-14 0.232731 0 0 0 -0.000139639 -0.000139639 0.000465462 0 0 0 0.00142928 -1.35003e-05 -1.35003e-05 2.70006e-05 0 0 0 0 0
0.628141 -0.000163189 -0.000163189 0.000512563 0 0 0 3.67857e-15 3.67857e-15 0.232731 0 0 0 -0.000139639 -0.000139639 0.000465462 0 0 0 0.0014641 -2.35506e-05 -2.35506e-05 4.71011e-05 0 0 0 0 0
0.633166 -0.000173239 -0.000173239 0.000532663 0 0 0 3.34474e-17 3.34474e-17 0.232731 0 0 0 -0.000139639 -0.000139639 0.000465462 0 0 0 0.00149891 -3.36008e-05 -3.36008e-05 6.72016e-05 0 0 0 0 0
0.638191 -0.00018329 -0.00018329 0.000552764 0 0 0 -9.49023e-16 -9.49023e-16 0.232731 0 0 0 -0.000139639 -0.000139639 0.000465462 0 0 0 0.00153373 -4.36511e-05 -4.36511e-05 8.73021e-05 0 0 0 0 0
0.643216 -0.00019334 -0.00019334 0.000572864 0 0 0 8.64295e-15 8.64295e-15 0.232731 0 0 0 -0.000139639 -0.000139639 0.000465462 0 0 0 0.00156854 -5.37013e-05 -5.37013e-05 0.000107403 0 0 0 0 0
0.648241 -0.00020339 -0.00020339 0.000592965 0 0 0 1.36652e-15 1.36652e-15 0.232731 0 0 0 -0.000139639 -0.000139639 0.000465462 0 0 0 0.00160336 -6.37516e-05 -6.37516e-05 0.000127503 0 0 0 0 0
0.653266 -0.00021344 -0.00021344 0.000613065 0 0 0 2.70307e-15 2.70307e-15 0.232731 0 0 0 -0.000139639 -0.000139639 0.000465462 0 0 0 0.00163817 -7.38018e-05 -7.38018e-05 0.000147604 0 0 0 0 0
0.658291 -0.000223491 -0.000223491 0.000633166 0 0 0 9.14462e-18 1.95696e-17 0.232731 0 0 0 -0.000139639 -0.000139639 0.000465462 0 0 0 0.00167299 -8.38521e-05 -8.38521e-05 0.000167704 0 0 0 0 0
0.663317 -0.000233541 -0.000233541 0.000653266 0 0 0 -3.24033e-15 -3.1048e-15 0.232731 0 0 0 -0.000139639 -0.000139639 0.000465462 0 0 0 0.0017078 -9.39023e-05 -9.39023e-05 0.000187805 0 0 0 0 0
0.668342 -0.000243591 -0.000243591 0.000673367 0 0 0 3.01552e-15 3.01552e-15 0.232731 0 0 0 -0.000139639 -0.000139639 0.000465462 0 0 0 0.00174262 -0.000103953 -0.000103953 0.000207905 0 0 0 0 0
0.673367 -0.000253641 -0.000253641 0.000693467 0 0 0 8.34092e-15 8.34092e-15 0.232731 0 0 0 -0.000139639 -0.000139639 0.000465462 0 0 0 0.00177743 -0.000114003 -0.000114003 0.000228006 0 0 0 0 0
0.678392 -0.000263692 -0.000263692 0.000713568 0 0 0 3.4217e-15 3.4217e-15 0.232731 0 0 0 -0.000139639 -0.000139639 0.000465462 0 0 0 0.00181225 -0.000124053 -0.000124053 0.000248106 0 0 0 0 0
0.683417 -0.000273742 -0.000273742 0.000733668 0 0 0 4.1299e-15 4.1299e-15 0.232731 0 0 0 -0.000139639 -0.000139639 0.000465462 0 0 0 0.00184706 -0.000134103 -0.000134103 0.000268207 0 0 0 0 0
0.688442 -0.000283792 -0.000283792 0.000753769 0 0 0 -6.85178e-16 -6.85178e-16 0.232731 0 0 0 -0.000139639 -0.000139639 0.000465462 0 0 0 0.00188188 -0.000144154 -0.000144154 0.000288307 0 0 0 0 0
0.693467 -0.000293842 -0.000293842 0.000773869 0 0 0 4.38725e-17 4.38725e-17 0.232731 0 0 0 -0.000139639 -0.000139639 0.000465462 0 0 0 0.00191669 -0.000154204 -0.000154204 0.000308408 0 0 0 0 0
0.698492 -0.000303893 -0.000303893 0.00079397 0 0 0 -2.21616e-15 -2.21616e-15 0.232731 0 0 0 -0.000139639 -0.000139639 0.000465462 0 0 0 0.00195151 -0.000164254 -0.000164254 0.000328508 0 0 0 0 0
0.703518 -0.000313943 -0.000313943 0.00081407 0 0 0 1.48258e-14 1.48258e-14 0.232731 0 0 0 -0.000139639 -0.000139639 0.000465462 0 0 0 0.00198632 -0.000174304 -0.000174304 0.000348609 0 0 0 0 0
0.708543 -0.000323993 -0.000323993 0.000834171 0 0 0 3.34474e-17 3.34474e-17 0.232731 0 0 0 -0.000139639 -0.000139639 0.000465462 0 0 0 0.00202114 -0.000184355 -0.000184355 0.000368709 0 0 0 0 0
0.713568 -0.000334043 -0.000334043 0.000854271 0 0 0 -9.49023e-16 -9.49023e-16 0.232731 0 0 0 -0.000139639 -0.000139639 0.000465462 0 0 0 0.00205595 -0.000194405 -0.000194405 0.00038881 0 0 0 0 0
0.718593 -0.000344094 -0.000344094 0.000874372 0 0 0 8.64295e-15 8.64295e-15 0.232731 0 0 0 -0.000139639 -0.000139639 0.000465462 0 0 0 0.00209077 -0.000204455 -0.000204455 0.00040891 0 0 0 0 0
0.723618 -0.000354144 -0.000354144 0.000894472 0 0 0 -3.93458e-15 -3.93458e-15 0.232731 0 0 0 -0.000139639 -0.000139639 0.000465462 0 0 0 0.00212558 -0.000214505 -0.000214505 0.000429011 0 0 0 0 0
0.728643 -0.000364194 -0.000364194 0.000914573 0 0 0 -3.05975e-15 -3.0389e-15 0.232731 0 0 0 -0.000139639 -0.000139639 0.000465462 0 0 0 0.0021604 -0.000224556 -0.000224556 0.000449111 0 0 0 0 0
0.733668 -0.000374244 -0.000374244 0.000934673 0 0 0 3.34474e-17 3.34474e-17 0.232731 0 0 0 -0.000139639 -0.000139639 0.000465462 0 0 0 0.00219521 -0.000234606 -0.000234606 0.000469212 0 0 0 0 0
0.738693 -0.000384295 -0.000384295 0.000954774 0 0 0 -9.49023e-16 -9.49023e-16 0.232731 0 0 0 -0.000139639 -0.000139639 0.000465462 0 0 0 0.00223003 -0.000244656 -0.000244656 0.000489312 0 0 0 0 0
0.743719 -0.000394345 -0.000394345 0.000974874 0 0 0 8.64295e-15 8.64295e-15 0.232731 0 0 0 -0.000139639 -0.000139639 0.000465462 0 0 0 0.00226484 -0.000254706 -0.000254706 0.000509413 0 0 0 0 0
0.748744 -0.000404395 -0.000404395 0.000994975 0 0 0 -3.93458e-15 -3.93458e-15 0.232731 0 0 0 -0.000139639 -0.000139639 0.000465462 0 0 0 0.00229966 -0.000264757 -0.000264757 0.000529513 0 0 0 0 0
0.753769 -0.000396857 -0.000396857 0.000969849 0 0 0 1.22511e-15 1.22511e-15 0.220168 0 0 0 -0.000132101 -0.000132101 0.000440336 0 0 0 0.00229966 -0.000264757 -0.000264757 0.000529513 0 0 0 0 0
0.758794 -0.000384797 -0.000384797 0.000929648 0 0 0 1.93584e-15 1.93584e-15 0.200068 0 0 0 -0.000120041 -0.000120041 0.000400135 0 0 0 0.00229966 -0.000264757 -0.000264757 0.000529513 0 0 0 0 0
0.763819 -0.000372737 -0.000372737 0.000889447 0 0 0 1.92433e-15 1.92433e-15 0.179967 0 0 0 -0.00010798 -0.00010798 0.000359934 0 0 0 0.00229966 -0.000264757 -0.000264757 0.000529513 0 0 0 0 0
0.768844 -0.000360677 -0.000360677 0.000849246 0 0 0 1.92686e-15 1.92686e-15 0.159867 0 0 0 -9.59199e-05 -9.59199e-05 0.000319733 0 0 0 0.00229966 -0.000264757 -0.000264757 0.000529513 0 0 0 0 0
0.773869 -0.000348616 -0.000348616 0.000809045 0 0 0 1.95715e-15 1.95715e-15 0.139766 0 0 0 -8.38596e-05 -8.38596e-05 0.000279532 0 0 0 0.00229966 -0.000264757 -0.000264757 0.000529513 0 0 0 0 0
0.778894 -0.000336556 -0.000336556 0.000768844 0 0 0 1.96315e-15 1.96315e-15 0.119666 0 0 0 -7.17993e-05 -7.17993e-05 0.000239331 0 0 0 0.00229966 -0.000264757 -0.000264757 0.000529513 0 0 0 0 0
0.78392 -0.000324496 -0.000324496 0.000728643 0 0 0 1.95785e-15 1.95785e-15 0.099565 0 0 0 -5.9739e-05 -5.9739e-05 0.00019913 0 0 0 0.00229966 -0.000264757 -0.000264757 0.000529513 0 0 0 0 0
0.788945 -0.000312435 -0.000312435 0.000688442 0 0 0 1.95935e-15 1.95935e-15 0.0794645 0 0 0 -4.76787e-05 -4.76787e-05 0.000158929 0 0 0 0.00229966 -0.000264757 -0.000264757 0.000529513 0 0 0 0 0
0.79397 -0.000300375 -0.000300375 0.000648241 0 0 0 1.9749e-15 1.9749e-15 0.059364 0 0 0 -3.56184e-05 -3.56184e-05 0.000118728 0 0 0 0.00229966 -0.000264757 -0.000264757 0.000529513 0 0 0 0 0
0.798995 -0.000288315 -0.000288315 0.00060804 0 0 0 1.93664e-15 1.93664e-15 0.0392635 0 0 0 -2.35581e-05 -2.35581e-05 7.8527e-05 0 0 0 0.00229966 -0.000264757 -0.000264757 0.000529513 0 0 0 0 0
0.80402 -0.000276254 -0.000276254 0.000567839 0 0 0 1.98254e-15 1.98254e-15 0.019163 0 0 0 -1.14978e-05 -1.14978e-05 3.8326e-05 0 0 0 0.00229966 -0.000264757 -0.000264757 0.000529513 0 0 0 0 0
0.809045 -0.000264194 -0.000264194 0.000527638 0 0 0 1.97553e-15 1.97553e-15 -0.000937499 0 0 0 5.62499e-07 5.62499e-07 -1.875e-06 0 0 0 0.00229966 -0.000264757 -0.000264757 0.000529513 0 0 0 0 0
0.81407 -0.000252134 -0.000252134 0.000487437 0 0 0 1.97961e-15 1.97961e-15 -0.021038 0 0 0 1.26228e-05 1.26228e-05 -4.2076e-05 0 0 0 0.00229966 -0.000264757 -0.000264757 0.000529513 0 0 0 0 0
0.819095 -0.000240073 -0.000240073 0.000447236 0 0 0 1.96739e-15 1.96739e-15 -0.0411385 0 0 0 2.46831e-05 2.46831e-05 -8.2277e-05 0 0 0 0.00229966 -0.000264757 -0.000264757 0.000529513 0 0 0 0 0
0.824121 -0.000228013 -0.000228013 0.000407035 0 0 0 1.96035e-15 1.96035e-15 -0.061239 0 0 0 3.67434e-05 3.67434e-05 -0.000122478 0 0 0 0.00229966 -0.000264757 -0.000264757 0.000529513 0 0 0 0 0
0.829146 -0.000215953 -0.000215953 0.000366834 0 0 0 1.95507e-15 1.96549e-15 -0.0813395 0 0 0 4.88037e-05 4.88037e-05 -0.000162679 0 0 0 0.00229966 -0.000264757 -0.000264757 0.000529513 0 0 0 0 0
0.834171 -0.000203893 -0.000203893 0.000326633 0 0 0 1.96367e-15 1.96367e-15 -0.10144 0 0 0 6.0864e-05 6.0864e-05 -0.00020288 0 0 0 0.00229966 -0.000264757 -0.000264757 0.000529513 0 0 0 0 0
0.839196 -0.000191832 -0.000191832 0.000286432 0 0 0 1.9721e-15 1.9721e-15 -0.121541 0 0 0 7.29243e-05 7.29243e-05 -0.000243081 0 0 0 0.00229966 -0.000264757 -0.000264757 0.000529513 0 0 0 0 0
0.844221 -0.000179772 -0.000179772 0.000246231 0 0 0 1.9538e-15 1.9538e-15 -0.141641 0 0 0 8.49846e-05 8.49846e-05 -0.000283282 0 0 0 0.00229966 -0.000264757 -0.000264757 0.000529513 0 0 0 0 0
0.849246 -0.000167712 -0.000167712 0.00020603 0 0 0 1.97366e-15 1.97366e-15 -0.161742 0 0 0 9.70449e-05 9.70449e-05 -0.000323483 0 0 0 0.00229966 -0.000264757 -0.000264757 0.000529513 0 0 0 0 0
0.854271 -0.000155651 -0.000155651 0.000165829 0 0 0 1.94496e-15 1.94496e-15 -0.181842 0 0 0 0.000109105 0.000109105 -0.000363684 0 0 0 0.00229966 -0.000264757 -0.000264757 0.000529513 0 0 0 0 0
0.859296 -0.000143591 -0.000143591 0.000125628 0 0 0 1.94749e-15 1.94749e-15 -0.201943 0 0 0 0.000121166 0.000121166 -0.000403885 0 0 0 0.00229966 -0.000264757 -0.000264757 0.000529513 0 0 0 0 0
0.864322 -0.000131531 -0.000131531 8.54271e-05 0 0 0 1.93943e-15 1.93943e-15 -0.222043 0 0 0 0.000133226 0.000133226 -0.000444086 0 0 0 0.00229966 -0.000264757 -0.000264757 0.000529513 0 0 0 0 0
0.869347 -0.00011947 -0.00011947 4.52261e-05 0 0 0 1.95584e-15 1.95584e-15 -0.242144 0 0 0 0.000145286 0.000145286 -0.000484287 0 0 0 0.00229966 -0.000264757 -0.000264757 0.000529513 0 0 0 0 0
0.874372 -0.00010741 -0.00010741 5.02513e-06 0 0 0 1.97225e-15 1.97225e-15 -0.262244 0 0 0 0.000157346 0.000157346 -0.000524488 0 0 0 0.00229966 -0.000264757 -0.000264757 0.000529513 0 0 0 0 0
0.879397 -9.53499e-05 -9.53499e-05 -3.51759e-05 0 0 0 1.94354e-15 1.94354e-15 -0.282345 0 0 0 0.000169407 0.000169407 -0.000564689 0 0 0 0.00229966 -0.000264757 -0.000264757 0.000529513 0 0 0 0 0
0.884422 -8.14869e-05 -8.14869e-05 -7.53769e-05 0 0 0 1.82868e-15 1.82868e-15 -0.297938 0 0 0 0.000178763 0.000178763 -0.000595877 0 0 0 0.00231527 -0.00026025 -0.00026025 0.0005205 0 0 0 0 0
0.889447 -6.13864e-05 -6.13864e-05 -0.000115578 0 0 0 -4.39244e-14 -4.39244e-14 -0.297938 0 0 0 0.000178763 0.000178763 -0.000595877 0 0 0 0.0023849 -0.000240149 -0.000240149 0.000480299 0 0 0 0 0
0.894472 -4.12859e-05 -4.12859e-05 -0.000155779 0 0 0 1.98482e-14 1.98482e-14 -0.297938 0 0 0 0.000178763 0.000178763 -0.000595877 0 0 0 0.00245453 -0.000220049 -0.000220049 0.000440098 0 0 0 0 0
0.899497 -2.11854e-05 -2.11854e-05 -0.00019598 0 0 0 1.28306e-14 1.28306e-14 -0.297938 0 0 0 0.000178763 0.000178763 -0.000595877 0 0 0 0.00252416 -0.000199948 -0.000199948 0.000399897 0 0 0 0 0
0.904523 -1.08491e-06 -1.08491e-06 -0.000236181 0 0 0 6.31405e-16 6.31405e-16 -0.297938 0 0 0 0.000178763 0.000178763 -0.000595877 0 0 0 0.00259379 -0.000179848 -0.000179848 0.000359696 0 0 0 0 0
0.909548 1.90156e-05 1.90156e-05 -0.000276382 0 0 0 1.74951e-14 1.74951e-14 -0.297938 0 0 0 0.000178763 0.000178763 -0.000595877 0 0 0 0.00266342 -0.000159747 -0.000159747 0.000319495 0 0 0 0 0
0.914573 3.91161e-05 3.91161e-05 -0.000316583 0 0 0 1.01131e-14 1.01131e-14 -0.297938 0 0 0 0.000178763 0.000178763 -0.000595877 0 0 0 0.00273305 -0.000139647 -0.000139647 0.000279294 0 0 0 0 0
0.919598 5.92166e-05 5.92166e-05 -0.000356784 0 0 0 -1.41452e-17 -1.41452e-17 -0.297938 0 0 0 0.000178763 0.000178763 -0.000595877 0 0 0 0.00280268 -0.000119546 -0.000119546 0.000239093 0 0 0 0 0
0.924623 7.93171e-05 7.93171e-05 -0.000396985 0 0 0 1.76281e-15 1.77324e-15 -0.297938 0 0 0 0.000178763 0.000178763 -0.000595877 0 0 0 0.00287231 -9.94459e-05 -9.94459e-05 0.000198892 0 0 0 0 0
0.929648 9.94176e-05 9.94176e-05 -0.000437186 0 0 0 1.31638e-14 1.31638e-14 -0.297938 0 0 0 0.000178763 0.000178763 -0.000595877 0 0 0 0.00294194 -7.93454e-05 -7.93454e-05 0.000158691 0 0 0 0 0
0.934673 0.000119518 0.000119518 -0.000477387 0 0 0 3.57795e-15 3.57795e-15 -0.297938 0 0 0 0.000178763 0.000178763 -0.000595877 0 0 0 0.00301157 -5.92449e-05 -5.92449e-05 0.00011849 0 0 0 0 0
0.939698 0.000139619 0.000139619 -0.000517588 0 0 0 2.98506e-15 2.06766e-15 -0.297938 0 0 0 0.000178763 0.000178763 -0.000595877 0 0 0 0.0030812 -3.91444e-05 -3.91444e-05 7.82889e-05 0 0 0 0 0
0.944724 0.000159719 0.000159719 -0.000557789 0 0 0 4.48854e-17 -2.80897e-17 -0.297938 0 0 0 0.000178763 0.000178763 -0.000595877 0 0 0 0.00315083 -1.90439e-05 -1.90439e-05 3.80879e-05 0 0 0 0 0
0.949749 0.00017982 0.00017982 -0.00059799 0 0 0 -2.64834e-15 -2.64834e-15 -0.297938 0 0 0 0.000178763 0.000178763 -0.000595877 0 0 0 0.00322046 1.05658e-06 1.05658e-06 -2.11315e-06 0 0 0 0 0
0.954774 0.00019992 0.00019992 -0.000638191 0 0 0 1.72765e-14 1.72765e-14 -0.297938 0 0 0 0.000178763 0.000178763 -0.000595877 0 0 0 0.00329009 2.11571e-05 2.11571e-05 -4.23142e-05 0 0 0 0 0
0.959799 0.000220021 0.000220021 -0.000678392 0 0 0 1.76652e-14 1.76652e-14 -0.297938 0 0 0 0.000178763 0.000178763 -0.000595877 0 0 0 0.00335972 4.12576e-05 4.12576e-05 -8.25152e-05 0 0 0 0 0
0.964824 0.000240121 0.000240121 -0.000718593 0 0 0 -3.8448e-17 -3.8448e-17 -0.297938 0 0 0 0.000178763 0.000178763 -0.000595877 0 0 0 0.00342935 6.13581e-05 6.13581e-05 -0.000122716 0 0 0 0 0
0.969849 0.000260222 0.000260222 -0.000758794 0 0 0 1.17235e-14 1.17235e-14 -0.297938 0 0 0 0.000178763 0.000178763 -0.000595877 0 0 0 0.00349898 8.14586e-05 8.14586e-05 -0.000162917 0 0 0 0 0
0.974874 0.000280322 0.000280322 -0.000798995 0 0 0 5.73333e-15 5.54568e-15 -0.297938 0 0 0 0.000178763 0.000178763 -0.000595877 0 0 0 0.00356861 0.000101559 0.000101559 -0.000203118 0 0 0 0 0
0.979899 0.000300423 0.000300423 -0.000839196 0 0 0 2.40354e-17 3.18536e-18 -0.297938 0 0 0 0.000178763 0.000178763 -0.000595877 0 0 0 0.00363824 0.00012166 0.00012166 -0.000243319 0 0 0 0 0
0.984925 0.000320523 0.000320523 -0.000879397 0 0 0 -2.62404e-15 -2.62404e-15 -0.297938 0 0 0 0.000178763 0.000178763 -0.000595877 0 0 0 0.00370788 0.00014176 0.00014176 -0.00028352 0 0 0 0 0
0.98995 0.000340624 0.000340624 -0.000919598 0 0 0 1.43265e-14 1.43265e-14 -0.297938 0 0 0 0.000178763 0.000178763 -0.000595877 0 0 0 0.00377751 0.000161861 0.000161861 -0.000323721 0 0 0 0 0
0.994975 0.000360724 0.000360724 -0.000959799 0 0 0 -6.62036e-17 -6.62036e-17 -0.297938 0 0 0 0.000178763 0.000178763 -0.000595877 0 0 0 0.00384714 0.000181961 0.000181961 -0.000363922 0 0 0 0 0
1 0.000380825 0.000380825 -0.001 0 0 0 5.42084e-15 5.42084e-15 -0.297938 0 0 0 0.000178763 0.000178763 -0.000595877 0 0 0 0.00391677 0.000202062 0.000202062 -0.000404123 0 0 0 0 0
