# first column: time
# 2 column: 1th component of the strain (EXX)
# 3 column: 2th component of the strain (EYY)
# 4 column: 3th component of the strain (EZZ)
# 5 column: 4th component of the strain (EXY)
# 6 column: 5th component of the strain (EXZ)
# 7 column: 6th component of the strain (EYZ)
# 8 column: 1th component of the stress (SXX)
# 9 column: 2th component of the stress (SYY)
# 10 column: 3th component of the stress (SZZ)
# 11 column: 4th component of the stress (SXY)
# 12 column: 5th component of the stress (SXZ)
# 13 column: 6th component of the stress (SYZ)
# 14 column: first  component of internal variable 'ElasticStrain'
# 15 column: second component of internal variable 'ElasticStrain'
# 16 column: third  component of internal variable 'ElasticStrain'
# 17 column: fourth  component of internal variable 'ElasticStrain'
# 18 column: fifth   component of internal variable 'ElasticStrain'
# 19 column: sixth   component of internal variable 'ElasticStrain'
# 20 column: EquivalentPlasticStrain
# 21 column: first  component of internal variable 'PlasticStrain'
# 22 column: second component of internal variable 'PlasticStrain'
# 23 column: third  component of internal variable 'PlasticStrain'
# 24 column: fourth  component of internal variable 'PlasticStrain'
# 25 column: fifth   component of internal variable 'PlasticStrain'
# 26 column: sixth   component of internal variable 'PlasticStrain'
# 27 column: stored energy
# 28 column: disspated energy
0 0 0 0 0 0 0 0 0 0 0 0 0 0 0 0 0 0 0 0 0 0 0 0 0 0 0 0
0.025641 3.07692e-05 3.07692e-05 -0.000102564 0 0 0 -2.00473e-14 -2.00499e-14 -0.0512821 0 0 0 3.07692e-05 3.07692e-05 -0.000102564 0 0 0 0 4.91957e-18 4.91957e-18 5.31124e-17 0 0 0 0 0
0.0512821 6.15385e-05 6.15385e-05 -0.000205128 0 0 0 -2.00527e-14 -2.00527e-14 -0.102564 0 0 0 6.15385e-05 6.15385e-05 -0.000205128 0 0 0 0 9.83913e-18 9.83913e-18 1.06225e-16 0 0 0 0 0
0.0769231 9.23077e-05 9.23077e-05 -0.000307692 0 0 0 -2.00633e-14 -2.00633e-14 -0.153846 0 0 0 9.23077e-05 9.23077e-05 -0.000307692 0 0 0 0 1.47587e-17 1.47587e-17 1.59337e-16 0 0 0 0 0
0.102564 0.000123077 0.000123077 -0.000410256 0 0 0 -2.0053e-14 -2.0053e-14 -0.205128 0 0 0 0.000123077 0.000123077 -0.000410256 0 0 0 0 1.96783e-17 1.96783e-17 2.12449e-16 0 0 0 0 0
0.128205 0.000153846 0.000153846 -0.000512821 0 0 0 -2.00619e-14 -2.00619e-14 -0.25641 0 0 0 0.000153846 0.000153846 -0.000512821 0 0 0 0 2.45978e-17 2.45978e-17 2.65562e-16 0 0 0 0 0
0.153846 0.000188517 0.000188517 -0.000615385 0 0 0 -1.26092e-14 -1.23694e-14 -0.297938 0 0 0 0.000178763 0.000178763 -0.000595877 0 0 0 3.37885e-05 9.75391e-06 9.75391e-06 -1.95078e-05 0 0 0 0 0
0.179487 0.000239799 0.000239799 -0.000717949 0 0 0 1.25611e-15 1.25611e-15 -0.297938 0 0 0 0.000178763 0.000178763 -0.000595877 0 0 0 0.000211435 6.1036e-05 6.1036e-05 -0.000122072 0 0 0 0 0
0.205128 0.000291081 0.000291081 -0.000820513 0 0 0 -1.06924e-17 -1.06924e-17 -0.297938 0 0 0 0.000178763 0.000178763 -0.000595877 0 0 0 0.000389081 0.000112318 0.000112318 -0.000224636 0 0 0 0 0
0.230769 0.000342363 0.000342363 -0.000923077 0 0 0 -5.30286e-14 -5.18401e-14 -0.297938 0 0 0 0.000178763 0.000178763 -0.000595877 0 0 0 0.000566727 0.0001636 0.0001636 -0.0003272 0 0 0 0 0
0.25641 0.000368004 0.000368004 -0.000974359 0 0 0 -1.0241e-15 -1.0241e-15 -0.297938 0 0 0 0.000178763 0.000178763 -0.000595877 0 0 0 0.00065555 0.000189241 0.000189241 -0.000378482 0 0 0 0 0
0.282051 0.000337235 0.000337235 -0.000871795 0 0 0 2.00196e-14 2.00404e-14 -0.246656 0 0 0 0.000147994 0.000147994 -0.000493313 0 0 0 0.00065555 0.000189241 0.000189241 -0.000378482 0 0 0 0 0
0.307692 0.000306466 0.000306466 -0.000769231 0 0 0 2.00649e-14 2.00649e-14 -0.195374 0 0 0 0.000117225 0.000117225 -0.000390749 0 0 0 0.00065555 0.000189241 0.000189241 -0.000378482 0 0 0 0 0
0.333333 0.000275696 0.000275696 -0.000666667 0 0 0 2.00407e-14 2.00407e-14 -0.144092 0 0 0 8.64553e-05 8.64553e-05 -0.000288184 0 0 0 0.00065555 0.000189241 0.000189241 -0.000378482 0 0 0 0 0
0.358974 0.000244927 0.000244927 -0.000564103 0 0 0 2.00791e-14 2.00791e-14 -0.0928102 0 0 0 5.56861e-05 5.56861e-05 -0.00018562 0 0 0 0.00065555 0.000189241 0.000189241 -0.000378482 0 0 0 0 0
0.384615 0.000214158 0.000214158 -0.000461538 0 0 0 2.0048e-14 2.0048e-14 -0.0415281 0 0 0 2.49169e-05 2.49169e-05 -8.30563e-05 0 0 0 0.00065555 0.000189241 0.000189241 -0.000378482 0 0 0 0 0
0.410256 0.000183389 0.000183389 -0.000358974 0 0 0 2.00577e-14 2.00577e-14 0.00975391 0 0 0 -5.85235e-06 -5.85235e-06 1.95078e-05 0 0 0 0.00065555 0.000189241 0.000189241 -0.000378482 0 0 0 0 0
0.435897 0.00015262 0.00015262 -0.00025641 0 0 0 2.00396e-14 2.00501e-14 0.061036 0 0 0 -3.66216e-05 -3.66216e-05 0.000122072 0 0 0 0.00065555 0.000189241 0.000189241 -0.000378482 0 0 0 0 0
0.461538 0.00012185 0.00012185 -0.000153846 0 0 0 2.00624e-14 2.00624e-14 0.112318 0 0 0 -6.73908e-05 -6.73908e-05 0.000224636 0 0 0 0.00065555 0.000189241 0.000189241 -0.000378482 0 0 0 0 0
0.487179 9.10811e-05 9.10811e-05 -5.12821e-05 0 0 0 2.00539e-14 2.00539e-14 0.1636 0 0 0 -9.816e-05 -9.816e-05 0.0003272 0 0 0 0.00065555 0.000189241 0.000189241 -0.000378482 0 0 0 0 0
0.512821 6.03118e-05 6.03118e-05 5.12821e-05 0 0 0 2.00471e-14 2.00471e-14 0.214882 0 0 0 -0.000128929 -0.000128929 0.000429764 0 0 0 0.00065555 0.000189241 0.000189241 -0.000378482 0 0 0 0 0
0.538462 1.61693e-05 1.61693e-05 0.000153846 0 0 0 1.256e-13 1.256e-13 0.232731 0 0 0 -0.000139639 -0.000139639 0.000465462 0 0 0 0.000771367 0.000155808 0.000155808 -0.000311616 0 0 0 0 0
0.564103 -3.51128e-05 -3.51128e-05 0.00025641 0 0 0 2.63745e-13 2.63745e-13 0.232731 0 0 0 -0.000139639 -0.000139639 0.000465462 0 0 0 0.000949013 0.000104526 0.000104526 -0.000209051 0 0 0 0 0
0.589744 -8.63948e-05 -8.63948e-05 0.000358974 0 0 0 2.49664e-13 2.49664e-13 0.232731 0 0 0 -0.000139639 -0.000139639 0.000465462 0 0 0 0.00112666 5.32437e-05 5.32437e-05 -0.000106487 0 0 0 0 0
0.615385 -0.000137677 -0.000137677 0.000461538 0 0 0 2.76041e-13 2.76041e-13 0.232731 0 0 0 -0.000139639 -0.000139639 0.000465462 0 0 0 0.00130431 1.96161e-06 1.96161e-06 -3.92322e-06 0 0 0 0 0
0.641026 -0.000188959 -0.000188959 0.000564103 0 0 0 2.30224e-17 2.30224e-17 0.232731 0 0 0 -0.000139639 -0.000139639 0.000465462 0 0 0 0.00148195 -4.93204e-05 -4.93204e-05 9.86409e-05 0 0 0 0 0
0.666667 -0.000240241 -0.000240241 0.000666667 0 0 0 2.46963e-13 2.46963e-13 0.232731 0 0 0 -0.000139639 -0.000139639 0.000465462 0 0 0 0.0016596 -0.000100602 -0.000100602 0.000201205 0 0 0 0 0
0.692308 -0.000291523 -0.000291523 0.000769231 0 0 0 2.30224e-17 2.30224e-17 0.232731 0 0 0 -0.000139639 -0.000139639 0.000465462 0 0 0 0.00183724 -0.000151885 -0.000151885 0.000303769 0 0 0 0 0
0.717949 -0.000342805 -0.000342805 0.000871795 0 0 0 2.37114e-13 2.37135e-13 0.232731 0 0 0 -0.000139639 -0.000139639 0.000465462 0 0 0 0.00201489 -0.000203167 -0.000203167 0.000406333 0 0 0 0 0
0.74359 -0.000394087 -0.000394087 0.000974359 0 0 0 4.38725e-17 4.38725e-17 0.232731 0 0 0 -0.000139639 -0.000139639 0.000465462 0 0 0 0.00219254 -0.000254449 -0.000254449 0.000508897 0 0 0 0 0
0.769231 -0.000355626 -0.000355626 0.000846154 0 0 0 -2.50744e-14 -2.50744e-14 0.168628 0 0 0 -0.000101177 -0.000101177 0.000337257 0 0 0 0.00219254 -0.000254449 -0.000254449 0.000508897 0 0 0 0 0
0.794872 -0.000294087 -0.000294087 0.000641026 0 0 0 -9.22011e-18 -9.22011e-18 0.0660642 0 0 0 -3.96385e-05 -3.96385e-05 0.000132128 0 0 0 0.00219254 -0.000254449 -0.000254449 0.000508897 0 0 0 0 0
0.820513 -0.000232549 -0.000232549 0.000435897 0 0 0 -6.07464e-18 -6.07464e-18 -0.0364999 0 0 0 2.19e-05 2.19e-05 -7.29999e-05 0 0 0 0.00219254 -0.000254449 -0.000254449 0.000508897 0 0 0 0 0
0.846154 -0.00017101 -0.00017101 0.000230769 0 0 0 -1.1611e-18 -1.1611e-18 -0.139064 0 0 0 8.34384e-05 8.34384e-05 -0.000278128 0 0 0 0.00219254 -0.000254449 -0.000254449 0.000508897 0 0 0 0 0
0.871795 -0.000109472 -0.000109472 2.5641e-05 0 0 0 -1.36115e-17 -1.36115e-17 -0.241628 0 0 0 0.000144977 0.000144977 -0.000483256 0 0 0 0.00219254 -0.000254449 -0.000254449 0.000508897 0 0 0 0 0
0.897436 -2.94318e-05 -2.94318e-05 -0.000179487 0 0 0 -7.84605e-14 -7.84709e-14 -0.297938 0 0 0 0.000178763 0.000178763 -0.000595877 0 0 0 0.00235276 -0.000208195 -0.000208195 0.00041639 0 0 0 0 0
0.923077 7.31323e-05 7.31323e-05 -0.000384615 0 0 0 -6.53193e-15 -6.53193e-15 -0.297938 0 0 0 0.000178763 0.000178763 -0.000595877 0 0 0 0.00270806 -0.000105631 -0.000105631 0.000211261 0 0 0 0 0
0.948718 0.000175696 0.000175696 -0.000589744 0 0 0 -4.19008e-17 -4.19008e-17 -0.297938 0 0 0 0.000178763 0.000178763 -0.000595877 0 0 0 0.00306335 -3.0666e-06 -3.0666e-06 6.13321e-06 0 0 0 0 0
0.974359 0.000278261 0.000278261 -0.000794872 0 0 0 4.00646e-14 4.0075e-14 -0.297938 0 0 0 0.000178763 0.000178763 -0.000595877 0 0 0 0.00341864 9.94975e-05 9.94975e-05 -0.000198995 0 0 0 0 0
1 0.000380825 0.000380825 -0.001 0 0 0 -4.8873e-17 -2.8023e-17 -0.297938 0 0 0 0.000178763 0.000178763 -0.000595877 0 0 0 0.00377393 0.000202062 0.000202062 -0.000404123 0 0 0 0 0
