# first column: time
# 2 column: 1th component of the strain (EXX)
# 3 column: 2th component of the strain (EYY)
# 4 column: 3th component of the strain (EZZ)
# 5 column: 4th component of the strain (EXY)
# 6 column: 5th component of the strain (EXZ)
# 7 column: 6th component of the strain (EYZ)
# 8 column: 1th component of the stress (SXX)
# 9 column: 2th component of the stress (SYY)
# 10 column: 3th component of the stress (SZZ)
# 11 column: 4th component of the stress (SXY)
# 12 column: 5th component of the stress (SXZ)
# 13 column: 6th component of the stress (SYZ)
# 14 column: first  component of internal variable 'ElasticStrain'
# 15 column: second component of internal variable 'ElasticStrain'
# 16 column: third  component of internal variable 'ElasticStrain'
# 17 column: fourth  component of internal variable 'ElasticStrain'
# 18 column: fifth   component of internal variable 'ElasticStrain'
# 19 column: sixth   component of internal variable 'ElasticStrain'
# 20 column: EquivalentPlasticStrain
# 21 column: first  component of internal variable 'PlasticStrain'
# 22 column: second component of internal variable 'PlasticStrain'
# 23 column: third  component of internal variable 'PlasticStrain'
# 24 column: fourth  component of internal variable 'PlasticStrain'
# 25 column: fifth   component of internal variable 'PlasticStrain'
# 26 column: sixth   component of internal variable 'PlasticStrain'
# 27 column: stored energy
# 28 column: disspated energy
0 0 0 0 0 0 0 0 0 0 0 0 0 0 0 0 0 0 0 0 0 0 0 0 0 0 0 0
0.00502513 6.03015e-06 6.03015e-06 -2.01005e-05 0 0 0 9.81992e-16 9.81666e-16 -0.0100503 0 0 0 6.03015e-06 6.03015e-06 -2.01005e-05 0 0 0 0 -5.75982e-20 -5.75982e-20 -3.21195e-18 0 0 0 0 0
0.0100503 1.20603e-05 1.20603e-05 -4.0201e-05 0 0 0 9.82368e-16 9.82368e-16 -0.0201005 0 0 0 1.20603e-05 1.20603e-05 -4.0201e-05 0 0 0 0 -1.15196e-19 -1.15196e-19 -6.4239e-18 0 0 0 0 0
0.0150754 1.80905e-05 1.80905e-05 -6.03015e-05 0 0 0 9.80141e-16 9.81444e-16 -0.0301508 0 0 0 1.80905e-05 1.80905e-05 -6.03015e-05 0 0 0 0 -1.72795e-19 -1.72795e-19 -9.63585e-18 0 0 0 0 0
0.0201005 2.41206e-05 2.41206e-05 -8.0402e-05 0 0 0 9.84424e-16 9.84424e-16 -0.040201 0 0 0 2.41206e-05 2.41206e-05 -8.0402e-05 0 0 0 0 -2.30393e-19 -2.30393e-19 -1.28478e-17 0 0 0 0 0
0.0251256 3.01508e-05 3.01508e-05 -0.000100503 0 0 0 9.80462e-16 9.80462e-16 -0.0502513 0 0 0 3.01508e-05 3.01508e-05 -0.000100503 0 0 0 0 -2.87991e-19 -2.87991e-19 -1.60597e-17 0 0 0 0 0
0.0301508 3.61809e-05 3.61809e-05 -0.000120603 0 0 0 9.79537e-16 9.79537e-16 -0.0603015 0 0 0 3.61809e-05 3.61809e-05 -0.000120603 0 0 0 0 -3.45589e-19 -3.45589e-19 -1.92717e-17 0 0 0 0 0
0.0351759 4.22111e-05 4.22111e-05 -0.000140704 0 0 0 9.85991e-16 9.85991e-16 -0.0703518 0 0 0 4.22111e-05 4.22111e-05 -0.000140704 0 0 0 0 -4.03188e-19 -4.03188e-19 -2.24836e-17 0 0 0 0 0
0.040201 4.82412e-05 4.82412e-05 -0.000160804 0 0 0 9.85498e-16 9.85498e-16 -0.080402 0 0 0 4.82412e-05 4.82412e-05 -0.000160804 0 0 0 0 -4.60786e-19 -4.60786e-19 -2.56956e-17 0 0 0 0 0
0.0452261 5.42714e-05 5.42714e-05 -0.000180905 0 0 0 9.74596e-16 9.74596e-16 -0.0904523 0 0 0 5.42714e-05 5.42714e-05 -0.000180905 0 0 0 0 -5.18384e-19 -5.18384e-19 -2.89075e-17 0 0 0 0 0
0.0502513 6.03015e-05 6.03015e-05 -0.000201005 0 0 0 9.82785e-16 9.82785e-16 -0.100503 0 0 0 6.03015e-05 6.03015e-05 -0.000201005 0 0 0 0 -5.75982e-19 -5.75982e-19 -3.21195e-17 0 0 0 0 0
0.0552764 6.63317e-05 6.63317e-05 -0.000221106 0 0 0 9.87504e-16 9.87504e-16 -0.110553 0 0 0 6.63317e-05 6.63317e-05 -0.000221106 0 0 0 0 -6.33581e-19 -6.33581e-19 -3.53314e-17 0 0 0 0 0
0.0603015 7.23618e-05 7.23618e-05 -0.000241206 0 0 0 9.81799e-16 9.81799e-16 -0.120603 0 0 0 7.23618e-05 7.23618e-05 -0.000241206 0 0 0 0 -6.91179e-19 -6.91179e-19 -3.85434e-17 0 0 0 0 0
0.0653266 7.8392e-05 7.8392e-05 -0.000261307 0 0 0 9.86518e-16 9.86518e-16 -0.130653 0 0 0 7.8392e-05 7.8392e-05 -0.000261307 0 0 0 0 -7.48777e-19 -7.48777e-19 -4.17553e-17 0 0 0 0 0
0.0703518 8.44221e-05 8.44221e-05 -0.000281407 0 0 0 9.79086e-16 9.79086e-16 -0.140704 0 0 0 8.44221e-05 8.44221e-05 -0.000281407 0 0 0 0 -8.06375e-19 -8.06375e-19 -4.49673e-17 0 0 0 0 0
0.0753769 9.04523e-05 9.04523e-05 -0.000301508 0 0 0 9.71654e-16 9.71654e-16 -0.150754 0 0 0 9.04523e-05 9.04523e-05 -0.000301508 0 0 0 0 -8.63974e-19 -8.63974e-19 -4.81792e-17 0 0 0 0 0
0.080402 9.64824e-05 9.64824e-05 -0.000321608 0 0 0 9.76373e-16 9.76373e-16 -0.160804 0 0 0 9.64824e-05 9.64824e-05 -0.000321608 0 0 0 0 -9.21572e-19 -9.21572e-19 -5.13912e-17 0 0 0 0 0
0.0854271 0.000102513 0.000102513 -0.000341709 0 0 0 9.70668e-16 9.70668e-16 -0.170854 0 0 0 0.000102513 0.000102513 -0.000341709 0 0 0 0 -9.7917e-19 -9.7917e-19 -5.46031e-17 0 0 0 0 0
0.0904523 0.000108543 0.000108543 -0.000361809 0 0 0 9.73661e-16 9.73661e-16 -0.180905 0 0 0 0.000108543 0.000108543 -0.000361809 0 0 0 0 -1.03677e-18 -1.03677e-18 -5.78151e-17 0 0 0 0 0
0.0954774 0.000114573 0.000114573 -0.00038191 0 0 0 9.7838e-16 9.7838e-16 -0.190955 0 0 0 0.000114573 0.000114573 -0.00038191 0 0 0 0 -1.09437e-18 -1.09437e-18 -6.1027e-17 0 0 0 0 0
0.100503 0.000120603 0.000120603 -0.00040201 0 0 0 9.70948e-16 9.70948e-16 -0.201005 0 0 0 0.000120603 0.000120603 -0.00040201 0 0 0 0 -1.15196e-18 -1.15196e-18 -6.4239e-17 0 0 0 0 0
0.105528 0.000126633 0.000126633 -0.000422111 0 0 0 9.77394e-16 9.87819e-16 -0.211055 0 0 0 0.000126633 0.000126633 -0.000422111 0 0 0 0 -1.20956e-18 -1.20956e-18 -6.74509e-17 0 0 0 0 0
0.110553 0.000132663 0.000132663 -0.000442211 0 0 0 9.7866e-16 9.7866e-16 -0.221106 0 0 0 0.000132663 0.000132663 -0.000442211 0 0 0 0 -1.26716e-18 -1.26716e-18 -7.06629e-17 0 0 0 0 0
0.115578 0.000138693 0.000138693 -0.000462312 0 0 0 9.72955e-16 9.72955e-16 -0.231156 0 0 0 0.000138693 0.000138693 -0.000462312 0 0 0 0 -1.32476e-18 -1.32476e-18 -7.38748e-17 0 0 0 0 0
0.120603 0.000144724 0.000144724 -0.000482412 0 0 0 9.77674e-16 9.77674e-16 -0.241206 0 0 0 0.000144724 0.000144724 -0.000482412 0 0 0 0 -1.38236e-18 -1.38236e-18 -7.70868e-17 0 0 0 0 0
0.125628 0.000150754 0.000150754 -0.000502513 0 0 0 9.85846e-16 9.85846e-16 -0.251256 0 0 0 0.000150754 0.000150754 -0.000502513 0 0 0 0 -1.43996e-18 -1.43996e-18 -8.02987e-17 0 0 0 0 0
0.130653 0.000156784 0.000156784 -0.000522613 0 0 0 1.00099e-15 1.00099e-15 -0.261307 0 0 0 0.000156784 0.000156784 -0.000522613 0 0 0 0 -1.49755e-18 -1.49755e-18 -8.35107e-17 0 0 0 0 0
0.135678 0.000162814 0.000162814 -0.000542714 0 0 0 9.95285e-16 9.95285e-16 -0.271357 0 0 0 0.000162814 0.000162814 -0.000542714 0 0 0 0 -1.55515e-18 -1.55515e-18 -8.67226e-17 0 0 0 0 0
0.140704 0.000168844 0.000168844 -0.000562814 0 0 0 9.89579e-16 9.89579e-16 -0.281407 0 0 0 0.000168844 0.000168844 -0.000562814 0 0 0 0 -1.61275e-18 -1.61275e-18 -8.99346e-17 0 0 0 0 0
0.145729 0.000174874 0.000174874 -0.000582915 0 0 0 9.87326e-16 9.87326e-16 -0.291457 0 0 0 0.000174874 0.000174874 -0.000582915 0 0 0 0 -1.67035e-18 -1.67035e-18 -9.31465e-17 0 0 0 0 0
0.150754 0.000183854 0.000183854 -0.000603015 0 0 0 -2.20347e-10 -2.20347e-10 -0.297912 0 0 0 0.000178747 0.000178747 -0.000595825 0 0 0 1.41999e-05 5.10623e-06 5.10623e-06 -7.19028e-06 0 0 0 0 0
0.155779 0.000198128 0.000198128 -0.000623116 0 0 0 1.7692e-15 1.7692e-15 -0.297912 0 0 0 0.000178747 0.000178747 -0.000595825 0 0 0 5.38958e-05 1.93807e-05 1.93807e-05 -2.72908e-05 0 0 0 0 0
0.160804 0.000212403 0.000212403 -0.000643216 0 0 0 1.89762e-15 1.89762e-15 -0.297912 0 0 0 0.000178747 0.000178747 -0.000595825 0 0 0 9.35916e-05 3.36552e-05 3.36552e-05 -4.73913e-05 0 0 0 0 0
0.165829 0.000226677 0.000226677 -0.000663317 0 0 0 1.05081e-15 1.05081e-15 -0.297912 0 0 0 0.000178747 0.000178747 -0.000595825 0 0 0 0.000133288 4.79297e-05 4.79297e-05 -6.74918e-05 0 0 0 0 0
0.170854 0.000240952 0.000240952 -0.000683417 0 0 0 1.02651e-15 1.02651e-15 -0.297912 0 0 0 0.000178747 0.000178747 -0.000595825 0 0 0 0.000172983 6.22042e-05 6.22042e-05 -8.75923e-05 0 0 0 0 0
0.175879 0.000255226 0.000255226 -0.000703518 0 0 0 1.05081e-15 1.04038e-15 -0.297912 0 0 0 0.000178747 0.000178747 -0.000595825 0 0 0 0.000212679 7.64788e-05 7.64788e-05 -0.000107693 0 0 0 0 0
0.180905 0.000269501 0.000269501 -0.000723618 0 0 0 1.04038e-15 1.05081e-15 -0.297912 0 0 0 0.000178747 0.000178747 -0.000595825 0 0 0 0.000252375 9.07533e-05 9.07533e-05 -0.000127793 0 0 0 0 0
0.18593 0.000283775 0.000283775 -0.000743719 0 0 0 1.05081e-15 1.05081e-15 -0.297912 0 0 0 0.000178747 0.000178747 -0.000595825 0 0 0 0.000292071 0.000105028 0.000105028 -0.000147894 0 0 0 0 0
0.190955 0.00029805 0.00029805 -0.000763819 0 0 0 1.05081e-15 1.05081e-15 -0.297912 0 0 0 0.000178747 0.000178747 -0.000595825 0 0 0 0.000331767 0.000119302 0.000119302 -0.000167994 0 0 0 0 0
0.19598 0.000312324 0.000312324 -0.00078392 0 0 0 1.05081e-15 1.05081e-15 -0.297912 0 0 0 0.000178747 0.000178747 -0.000595825 0 0 0 0.000371463 0.000133577 0.000133577 -0.000188095 0 0 0 0 0
0.201005 0.000326599 0.000326599 -0.00080402 0 0 0 1.05081e-15 1.05081e-15 -0.297912 0 0 0 0.000178747 0.000178747 -0.000595825 0 0 0 0.000411159 0.000147851 0.000147851 -0.000208195 0 0 0 0 0
0.20603 0.000340873 0.000340873 -0.000824121 0 0 0 1.05081e-15 1.05081e-15 -0.297912 0 0 0 0.000178747 0.000178747 -0.000595825 0 0 0 0.000450855 0.000162126 0.000162126 -0.000228296 0 0 0 0 0
0.211055 0.000355148 0.000355148 -0.000844221 0 0 0 1.05081e-15 1.05081e-15 -0.297912 0 0 0 0.000178747 0.000178747 -0.000595825 0 0 0 0.00049055 0.0001764 0.0001764 -0.000248396 0 0 0 0 0
0.21608 0.000369422 0.000369422 -0.000864322 0 0 0 1.05081e-15 1.05081e-15 -0.297912 0 0 0 0.000178747 0.000178747 -0.000595825 0 0 0 0.000530246 0.000190675 0.000190675 -0.000268497 0 0 0 0 0
0.221106 0.000383697 0.000383697 -0.000884422 0 0 0 1.05081e-15 1.05081e-15 -0.297912 0 0 0 0.000178747 0.000178747 -0.000595825 0 0 0 0.000569942 0.000204949 0.000204949 -0.000288597 0 0 0 0 0
0.226131 0.000397971 0.000397971 -0.000904523 0 0 0 1.05081e-15 1.05081e-15 -0.297912 0 0 0 0.000178747 0.000178747 -0.000595825 0 0 0 0.000609638 0.000219224 0.000219224 -0.000308698 0 0 0 0 0
0.231156 0.000412246 0.000412246 -0.000924623 0 0 0 1.05081e-15 1.05081e-15 -0.297912 0 0 0 0.000178747 0.000178747 -0.000595825 0 0 0 0.000649334 0.000233498 0.000233498 -0.000328798 0 0 0 0 0
0.236181 0.00042652 0.00042652 -0.000944724 0 0 0 1.05081e-15 1.05081e-15 -0.297912 0 0 0 0.000178747 0.000178747 -0.000595825 0 0 0 0.00068903 0.000247773 0.000247773 -0.000348899 0 0 0 0 0
0.241206 0.000440795 0.000440795 -0.000964824 0 0 0 1.05081e-15 1.05081e-15 -0.297912 0 0 0 0.000178747 0.000178747 -0.000595825 0 0 0 0.000728726 0.000262047 0.000262047 -0.000368999 0 0 0 0 0
0.246231 0.000455069 0.000455069 -0.000984925 0 0 0 1.05081e-15 1.05081e-15 -0.297912 0 0 0 0.000178747 0.000178747 -0.000595825 0 0 0 0.000768422 0.000276322 0.000276322 -0.0003891 0 0 0 0 0
0.251256 0.000462207 0.000462207 -0.000994975 0 0 0 -4.3042e-10 -4.3042e-10 -0.297912 0 0 0 0.000178747 0.000178747 -0.000595825 0 0 0 0.00078827 0.000283459 0.000283459 -0.00039915 0 0 0 0 0
0.256281 0.000456176 0.000456176 -0.000974874 0 0 0 -9.08958e-18 -9.08958e-18 -0.287862 0 0 0 0.000172717 0.000172717 -0.000575724 0 0 0 0.00078827 0.000283459 0.000283459 -0.00039915 0 0 0 0 0
0.261307 0.000450146 0.000450146 -0.000954774 0 0 0 -9.78949e-16 -9.78949e-16 -0.277812 0 0 0 0.000166687 0.000166687 -0.000555624 0 0 0 0.00078827 0.000283459 0.000283459 -0.00039915 0 0 0 0 0
0.266332 0.000444116 0.000444116 -0.000934673 0 0 0 -9.83635e-16 -9.83635e-16 -0.267762 0 0 0 0.000160657 0.000160657 -0.000535523 0 0 0 0.00078827 0.000283459 0.000283459 -0.00039915 0 0 0 0 0
0.271357 0.000438086 0.000438086 -0.000914573 0 0 0 -9.74477e-16 -9.74477e-16 -0.257711 0 0 0 0.000154627 0.000154627 -0.000515423 0 0 0 0.00078827 0.000283459 0.000283459 -0.00039915 0 0 0 0 0
0.276382 0.000432056 0.000432056 -0.000894472 0 0 0 -9.79196e-16 -1.00005e-15 -0.247661 0 0 0 0.000148597 0.000148597 -0.000495322 0 0 0 0.00078827 0.000283459 0.000283459 -0.00039915 0 0 0 0 0
0.281407 0.000426026 0.000426026 -0.000874372 0 0 0 -9.76943e-16 -9.76943e-16 -0.237611 0 0 0 0.000142567 0.000142567 -0.000475222 0 0 0 0.00078827 0.000283459 0.000283459 -0.00039915 0 0 0 0 0
0.286432 0.000419995 0.000419995 -0.000854271 0 0 0 -9.53907e-16 -9.53907e-16 -0.227561 0 0 0 0.000136536 0.000136536 -0.000455121 0 0 0 0.00078827 0.000283459 0.000283459 -0.00039915 0 0 0 0 0
0.291457 0.000413965 0.000413965 -0.000834171 0 0 0 -9.86382e-16 -9.86382e-16 -0.21751 0 0 0 0.000130506 0.000130506 -0.000435021 0 0 0 0.00078827 0.000283459 0.000283459 -0.00039915 0 0 0 0 0
0.296482 0.000407935 0.000407935 -0.00081407 0 0 0 -9.63346e-16 -9.63346e-16 -0.20746 0 0 0 0.000124476 0.000124476 -0.00041492 0 0 0 0.00078827 0.000283459 0.000283459 -0.00039915 0 0 0 0 0
0.301508 0.000401905 0.000401905 -0.00079397 0 0 0 -9.68065e-16 -9.68065e-16 -0.19741 0 0 0 0.000118446 0.000118446 -0.00039482 0 0 0 0.00078827 0.000283459 0.000283459 -0.00039915 0 0 0 0 0
0.306533 0.000395875 0.000395875 -0.000773869 0 0 0 -9.51934e-16 -9.51934e-16 -0.18736 0 0 0 0.000112416 0.000112416 -0.000374719 0 0 0 0.00078827 0.000283459 0.000283459 -0.00039915 0 0 0 0 0
0.311558 0.000389845 0.000389845 -0.000753769 0 0 0 -9.77504e-16 -9.77504e-16 -0.177309 0 0 0 0.000106386 0.000106386 -0.000354619 0 0 0 0.00078827 0.000283459 0.000283459 -0.00039915 0 0 0 0 0
0.316583 0.000383815 0.000383815 -0.000733668 0 0 0 -9.61373e-16 -9.61373e-16 -0.167259 0 0 0 0.000100355 0.000100355 -0.000334518 0 0 0 0.00078827 0.000283459 0.000283459 -0.00039915 0 0 0 0 0
0.321608 0.000377784 0.000377784 -0.000713568 0 0 0 -9.86942e-16 -9.86942e-16 -0.157209 0 0 0 9.43253e-05 9.43253e-05 -0.000314418 0 0 0 0.00078827 0.000283459 0.000283459 -0.00039915 0 0 0 0 0
0.326633 0.000371754 0.000371754 -0.000693467 0 0 0 -9.63906e-16 -9.63906e-16 -0.147159 0 0 0 8.82952e-05 8.82952e-05 -0.000294317 0 0 0 0.00078827 0.000283459 0.000283459 -0.00039915 0 0 0 0 0
0.331658 0.000365724 0.000365724 -0.000673367 0 0 0 -9.61653e-16 -9.82503e-16 -0.137108 0 0 0 8.2265e-05 8.2265e-05 -0.000274217 0 0 0 0.00078827 0.000283459 0.000283459 -0.00039915 0 0 0 0 0
0.336683 0.000359694 0.000359694 -0.000653266 0 0 0 -9.49025e-16 -9.49025e-16 -0.127058 0 0 0 7.62349e-05 7.62349e-05 -0.000254116 0 0 0 0.00078827 0.000283459 0.000283459 -0.00039915 0 0 0 0 0
0.341709 0.000353664 0.000353664 -0.000633166 0 0 0 -9.8497e-16 -9.8497e-16 -0.117008 0 0 0 7.02047e-05 7.02047e-05 -0.000234016 0 0 0 0.00078827 0.000283459 0.000283459 -0.00039915 0 0 0 0 0
0.346734 0.000347634 0.000347634 -0.000613065 0 0 0 -9.61934e-16 -9.61934e-16 -0.106958 0 0 0 6.41746e-05 6.41746e-05 -0.000213915 0 0 0 0.00078827 0.000283459 0.000283459 -0.00039915 0 0 0 0 0
0.351759 0.000341604 0.000341604 -0.000592965 0 0 0 -9.66653e-16 -9.66653e-16 -0.0969074 0 0 0 5.81444e-05 5.81444e-05 -0.000193815 0 0 0 0.00078827 0.000283459 0.000283459 -0.00039915 0 0 0 0 0
0.356784 0.000335573 0.000335573 -0.000572864 0 0 0 -9.50522e-16 -9.50522e-16 -0.0868571 0 0 0 5.21143e-05 5.21143e-05 -0.000173714 0 0 0 0.00078827 0.000283459 0.000283459 -0.00039915 0 0 0 0 0
0.361809 0.000329543 0.000329543 -0.000552764 0 0 0 -9.76092e-16 -9.76092e-16 -0.0768069 0 0 0 4.60841e-05 4.60841e-05 -0.000153614 0 0 0 0.00078827 0.000283459 0.000283459 -0.00039915 0 0 0 0 0
0.366834 0.000323513 0.000323513 -0.000532663 0 0 0 -9.59961e-16 -9.59961e-16 -0.0667566 0 0 0 4.0054e-05 4.0054e-05 -0.000133513 0 0 0 0.00078827 0.000283459 0.000283459 -0.00039915 0 0 0 0 0
0.371859 0.000317483 0.000317483 -0.000512563 0 0 0 -9.89e-16 -9.89e-16 -0.0567064 0 0 0 3.40238e-05 3.40238e-05 -0.000113413 0 0 0 0.00078827 0.000283459 0.000283459 -0.00039915 0 0 0 0 0
0.376884 0.000311453 0.000311453 -0.000492462 0 0 0 -9.70736e-16 -9.70736e-16 -0.0466561 0 0 0 2.79937e-05 2.79937e-05 -9.33122e-05 0 0 0 0.00078827 0.000283459 0.000283459 -0.00039915 0 0 0 0 0
0.38191 0.000305423 0.000305423 -0.000472362 0 0 0 -9.94072e-16 -9.94072e-16 -0.0366059 0 0 0 2.19635e-05 2.19635e-05 -7.32117e-05 0 0 0 0.00078827 0.000283459 0.000283459 -0.00039915 0 0 0 0 0
0.386935 0.000299392 0.000299392 -0.000452261 0 0 0 -9.74074e-16 -9.74074e-16 -0.0265556 0 0 0 1.59334e-05 1.59334e-05 -5.31112e-05 0 0 0 0.00078827 0.000283459 0.000283459 -0.00039915 0 0 0 0 0
0.39196 0.000293362 0.000293362 -0.000432161 0 0 0 -9.70989e-16 -9.91839e-16 -0.0165054 0 0 0 9.90322e-06 9.90322e-06 -3.30107e-05 0 0 0 0.00078827 0.000283459 0.000283459 -0.00039915 0 0 0 0 0
0.396985 0.000287332 0.000287332 -0.00041206 0 0 0 -9.98913e-16 -9.98913e-16 -0.00645511 0 0 0 3.87307e-06 3.87307e-06 -1.29102e-05 0 0 0 0.00078827 0.000283459 0.000283459 -0.00039915 0 0 0 0 0
0.40201 0.000281302 0.000281302 -0.00039196 0 0 0 -9.7989e-16 -9.7989e-16 0.00359514 0 0 0 -2.15708e-06 -2.15708e-06 7.19028e-06 0 0 0 0.00078827 0.000283459 0.000283459 -0.00039915 0 0 0 0 0
0.407035 0.000275272 0.000275272 -0.000371859 0 0 0 -9.71243e-16 -9.71243e-16 0.0136454 0 0 0 -8.18724e-06 -8.18724e-06 2.72908e-05 0 0 0 0.00078827 0.000283459 0.000283459 -0.00039915 0 0 0 0 0
0.41206 0.000269242 0.000269242 -0.000351759 0 0 0 -9.83337e-16 -9.83337e-16 0.0236956 0 0 0 -1.42174e-05 -1.42174e-05 4.73913e-05 0 0 0 0.00078827 0.000283459 0.000283459 -0.00039915 0 0 0 0 0
0.417085 0.000263212 0.000263212 -0.000331658 0 0 0 -9.64206e-16 -9.64206e-16 0.0337459 0 0 0 -2.02475e-05 -2.02475e-05 6.74918e-05 0 0 0 0.00078827 0.000283459 0.000283459 -0.00039915 0 0 0 0 0
0.422111 0.000257181 0.000257181 -0.000311558 0 0 0 -9.55449e-16 -9.55449e-16 0.0437961 0 0 0 -2.62777e-05 -2.62777e-05 8.75923e-05 0 0 0 0.00078827 0.000283459 0.000283459 -0.00039915 0 0 0 0 0
0.427136 0.000251151 0.000251151 -0.000291457 0 0 0 -9.92299e-16 -9.92299e-16 0.0538464 0 0 0 -3.23078e-05 -3.23078e-05 0.000107693 0 0 0 0.00078827 0.000283459 0.000283459 -0.00039915 0 0 0 0 0
0.432161 0.000245121 0.000245121 -0.000271357 0 0 0 -9.76168e-16 -9.76168e-16 0.0638966 0 0 0 -3.8338e-05 -3.8338e-05 0.000127793 0 0 0 0.00078827 0.000283459 0.000283459 -0.00039915 0 0 0 0 0
0.437186 0.000239091 0.000239091 -0.000251256 0 0 0 -9.82622e-16 -9.82622e-16 0.0739469 0 0 0 -4.43681e-05 -4.43681e-05 0.000147894 0 0 0 0.00078827 0.000283459 0.000283459 -0.00039915 0 0 0 0 0
0.442211 0.000233061 0.000233061 -0.000231156 0 0 0 -9.80419e-16 -9.80419e-16 0.0839972 0 0 0 -5.03983e-05 -5.03983e-05 0.000167994 0 0 0 0.00078827 0.000283459 0.000283459 -0.00039915 0 0 0 0 0
0.447236 0.000227031 0.000227031 -0.000211055 0 0 0 -9.64289e-16 -9.64289e-16 0.0940474 0 0 0 -5.64284e-05 -5.64284e-05 0.000188095 0 0 0 0.00078827 0.000283459 0.000283459 -0.00039915 0 0 0 0 0
0.452261 0.000221 0.000221 -0.000190955 0 0 0 -9.65555e-16 -9.65555e-16 0.104098 0 0 0 -6.24586e-05 -6.24586e-05 0.000208195 0 0 0 0.00078827 0.000283459 0.000283459 -0.00039915 0 0 0 0 0
0.457286 0.00021497 0.00021497 -0.000170854 0 0 0 -9.77197e-16 -9.77197e-16 0.114148 0 0 0 -6.84887e-05 -6.84887e-05 0.000228296 0 0 0 0.00078827 0.000283459 0.000283459 -0.00039915 0 0 0 0 0
0.462312 0.00020894 0.00020894 -0.000150754 0 0 0 -9.81916e-16 -9.81916e-16 0.124198 0 0 0 -7.45189e-05 -7.45189e-05 0.000248396 0 0 0 0.00078827 0.000283459 0.000283459 -0.00039915 0 0 0 0 0
0.467337 0.00020291 0.00020291 -0.000130653 0 0 0 -9.79713e-16 -9.79713e-16 0.134248 0 0 0 -8.0549e-05 -8.0549e-05 0.000268497 0 0 0 0.00078827 0.000283459 0.000283459 -0.00039915 0 0 0 0 0
0.472362 0.00019688 0.00019688 -0.000110553 0 0 0 -9.63583e-16 -9.63583e-16 0.144299 0 0 0 -8.65792e-05 -8.65792e-05 0.000288597 0 0 0 0.00078827 0.000283459 0.000283459 -0.00039915 0 0 0 0 0
0.477387 0.00019085 0.00019085 -9.04523e-05 0 0 0 -9.64849e-16 -9.64849e-16 0.154349 0 0 0 -9.26093e-05 -9.26093e-05 0.000308698 0 0 0 0.00078827 0.000283459 0.000283459 -0.00039915 0 0 0 0 0
0.482412 0.00018482 0.00018482 -7.03518e-05 0 0 0 -9.73021e-16 -9.73021e-16 0.164399 0 0 0 -9.86395e-05 -9.86395e-05 0.000328798 0 0 0 0.00078827 0.000283459 0.000283459 -0.00039915 0 0 0 0 0
0.487437 0.000178789 0.000178789 -5.02513e-05 0 0 0 -9.77741e-16 -9.77741e-16 0.174449 0 0 0 -0.00010467 -0.00010467 0.000348899 0 0 0 0.00078827 0.000283459 0.000283459 -0.00039915 0 0 0 0 0
0.492462 0.000172759 0.000172759 -3.01508e-05 0 0 0 -9.79007e-16 -9.79007e-16 0.1845 0 0 0 -0.0001107 -0.0001107 0.000368999 0 0 0 0.00078827 0.000283459 0.000283459 -0.00039915 0 0 0 0 0
0.497487 0.000166729 0.000166729 -1.00503e-05 0 0 0 -9.83727e-16 -9.83727e-16 0.19455 0 0 0 -0.00011673 -0.00011673 0.0003891 0 0 0 0.00078827 0.000283459 0.000283459 -0.00039915 0 0 0 0 0
0.502513 0.000160699 0.000160699 1.00503e-05 0 0 0 -9.90139e-16 -9.90139e-16 0.2046 0 0 0 -0.00012276 -0.00012276 0.0004092 0 0 0 0.00078827 0.000283459 0.000283459 -0.00039915 0 0 0 0 0
0.507538 0.000154669 0.000154669 3.01508e-05 0 0 0 -9.80981e-16 -9.80981e-16 0.21465 0 0 0 -0.00012879 -0.00012879 0.000429301 0 0 0 0.00078827 0.000283459 0.000283459 -0.00039915 0 0 0 0 0
0.512563 0.000148639 0.000148639 5.02513e-05 0 0 0 -9.64883e-16 -9.64883e-16 0.224701 0 0 0 -0.00013482 -0.00013482 0.000449401 0 0 0 0.00078827 0.000283459 0.000283459 -0.00039915 0 0 0 0 0
0.517588 0.000142462 0.000142462 7.03518e-05 0 0 0 2.01594e-13 2.01594e-13 0.232705 0 0 0 -0.000139623 -0.000139623 0.00046541 0 0 0 0.000794582 0.000282085 0.000282085 -0.000395058 0 0 0 0 0
0.522613 0.000135711 0.000135711 9.04523e-05 0 0 0 1.24236e-16 1.24236e-16 0.232705 0 0 0 -0.000139623 -0.000139623 0.00046541 0 0 0 0.000825591 0.000275334 0.000275334 -0.000374957 0 0 0 0 0
0.527638 0.000128961 0.000128961 0.000110553 0 0 0 4.06804e-12 4.06804e-12 0.232705 0 0 0 -0.000139623 -0.000139623 0.00046541 0 0 0 0.0008566 0.000268584 0.000268584 -0.000354857 0 0 0 0 0
0.532663 0.000122211 0.000122211 0.000130653 0 0 0 4.06812e-12 4.06812e-12 0.232705 0 0 0 -0.000139623 -0.000139623 0.00046541 0 0 0 0.000887608 0.000261833 0.000261833 -0.000334756 0 0 0 0 0
0.537688 0.00011546 0.00011546 0.000150754 0 0 0 4.06772e-12 4.06772e-12 0.232705 0 0 0 -0.000139623 -0.000139623 0.00046541 0 0 0 0.000918617 0.000255083 0.000255083 -0.000314656 0 0 0 0 0
0.542714 0.00010871 0.00010871 0.000170854 0 0 0 4.06774e-12 4.06774e-12 0.232705 0 0 0 -0.000139623 -0.000139623 0.00046541 0 0 0 0.000949626 0.000248333 0.000248333 -0.000294555 0 0 0 0 0
0.547739 0.000101959 0.000101959 0.000190955 0 0 0 4.06821e-12 4.06821e-12 0.232705 0 0 0 -0.000139623 -0.000139623 0.00046541 0 0 0 0.000980635 0.000241582 0.000241582 -0.000274455 0 0 0 0 0
0.552764 9.52088e-05 9.52088e-05 0.000211055 0 0 0 4.06789e-12 4.06789e-12 0.232705 0 0 0 -0.000139623 -0.000139623 0.00046541 0 0 0 0.00101164 0.000234832 0.000234832 -0.000254354 0 0 0 0 0
0.557789 8.84583e-05 8.84583e-05 0.000231156 0 0 0 1.10392e-16 1.10392e-16 0.232705 0 0 0 -0.000139623 -0.000139623 0.00046541 0 0 0 0.00104265 0.000228081 0.000228081 -0.000234254 0 0 0 0 0
0.562814 8.17079e-05 8.17079e-05 0.000251256 0 0 0 4.06799e-12 4.06799e-12 0.232705 0 0 0 -0.000139623 -0.000139623 0.00046541 0 0 0 0.00107366 0.000221331 0.000221331 -0.000214153 0 0 0 0 0
0.567839 7.49574e-05 7.49574e-05 0.000271357 0 0 0 4.06772e-12 4.06772e-12 0.232705 0 0 0 -0.000139623 -0.000139623 0.00046541 0 0 0 0.00110467 0.00021458 0.00021458 -0.000194053 0 0 0 0 0
0.572864 6.8207e-05 6.8207e-05 0.000291457 0 0 0 4.06774e-12 4.06774e-12 0.232705 0 0 0 -0.000139623 -0.000139623 0.00046541 0 0 0 0.00113568 0.00020783 0.00020783 -0.000173952 0 0 0 0 0
0.577889 6.14565e-05 6.14565e-05 0.000311558 0 0 0 4.06821e-12 4.06821e-12 0.232705 0 0 0 -0.000139623 -0.000139623 0.00046541 0 0 0 0.00116669 0.000201079 0.000201079 -0.000153852 0 0 0 0 0
0.582915 5.47061e-05 5.47061e-05 0.000331658 0 0 0 4.06786e-12 4.06786e-12 0.232705 0 0 0 -0.000139623 -0.000139623 0.00046541 0 0 0 0.0011977 0.000194329 0.000194329 -0.000133751 0 0 0 0 0
0.58794 4.79556e-05 4.79556e-05 0.000351759 0 0 0 4.06812e-12 4.06812e-12 0.232705 0 0 0 -0.000139623 -0.000139623 0.00046541 0 0 0 0.0012287 0.000187579 0.000187579 -0.000113651 0 0 0 0 0
0.592965 4.12052e-05 4.12052e-05 0.000371859 0 0 0 1.10359e-16 1.10359e-16 0.232705 0 0 0 -0.000139623 -0.000139623 0.00046541 0 0 0 0.00125971 0.000180828 0.000180828 -9.35504e-05 0 0 0 0 0
0.59799 3.44547e-05 3.44547e-05 0.00039196 0 0 0 4.06799e-12 4.06799e-12 0.232705 0 0 0 -0.000139623 -0.000139623 0.00046541 0 0 0 0.00129072 0.000174078 0.000174078 -7.34499e-05 0 0 0 0 0
0.603015 2.77043e-05 2.77043e-05 0.00041206 0 0 0 4.06795e-12 4.06795e-12 0.232705 0 0 0 -0.000139623 -0.000139623 0.00046541 0 0 0 0.00132173 0.000167327 0.000167327 -5.33494e-05 0 0 0 0 0
0.60804 2.09538e-05 2.09538e-05 0.000432161 0 0 0 1.20784e-16 1.20784e-16 0.232705 0 0 0 -0.000139623 -0.000139623 0.00046541 0 0 0 0.00135274 0.000160577 0.000160577 -3.32489e-05 0 0 0 0 0
0.613065 1.42034e-05 1.42034e-05 0.000452261 0 0 0 4.06778e-12 4.06778e-12 0.232705 0 0 0 -0.000139623 -0.000139623 0.00046541 0 0 0 0.00138375 0.000153826 0.000153826 -1.31484e-05 0 0 0 0 0
0.61809 7.45295e-06 7.45295e-06 0.000472362 0 0 0 8.95419e-17 8.95419e-17 0.232705 0 0 0 -0.000139623 -0.000139623 0.00046541 0 0 0 0.00141476 0.000147076 0.000147076 6.95213e-06 0 0 0 0 0
0.623116 7.025e-07 7.025e-07 0.000492462 0 0 0 4.06801e-12 4.06801e-12 0.232705 0 0 0 -0.000139623 -0.000139623 0.00046541 0 0 0 0.00144577 0.000140325 0.000140325 2.70526e-05 0 0 0 0 0
0.628141 -6.04795e-06 -6.04795e-06 0.000512563 0 0 0 9.99336e-17 9.99336e-17 0.232705 0 0 0 -0.000139623 -0.000139623 0.00046541 0 0 0 0.00147677 0.000133575 0.000133575 4.71531e-05 0 0 0 0 0
0.633166 -1.27984e-05 -1.27984e-05 0.000532663 0 0 0 4.06803e-12 4.06803e-12 0.232705 0 0 0 -0.000139623 -0.000139623 0.00046541 0 0 0 0.00150778 0.000126825 0.000126825 6.72536e-05 0 0 0 0 0
0.638191 -1.95488e-05 -1.95488e-05 0.000552764 0 0 0 8.95419e-17 8.95419e-17 0.232705 0 0 0 -0.000139623 -0.000139623 0.00046541 0 0 0 0.00153879 0.000120074 0.000120074 8.73541e-05 0 0 0 0 0
0.643216 -2.62993e-05 -2.62993e-05 0.000572864 0 0 0 4.06803e-12 4.06803e-12 0.232705 0 0 0 -0.000139623 -0.000139623 0.00046541 0 0 0 0.0015698 0.000113324 0.000113324 0.000107455 0 0 0 0 0
0.648241 -3.30497e-05 -3.30497e-05 0.000592965 0 0 0 9.99669e-17 8.95419e-17 0.232705 0 0 0 -0.000139623 -0.000139623 0.00046541 0 0 0 0.00160081 0.000106573 0.000106573 0.000127555 0 0 0 0 0
0.653266 -3.98002e-05 -3.98002e-05 0.000613065 0 0 0 4.06783e-12 4.06783e-12 0.232705 0 0 0 -0.000139623 -0.000139623 0.00046541 0 0 0 0.00163182 9.98227e-05 9.98227e-05 0.000147656 0 0 0 0 0
0.658291 -4.65506e-05 -4.65506e-05 0.000633166 0 0 0 1.20784e-16 1.20784e-16 0.232705 0 0 0 -0.000139623 -0.000139623 0.00046541 0 0 0 0.00166283 9.30723e-05 9.30723e-05 0.000167756 0 0 0 0 0
0.663317 -5.33011e-05 -5.33011e-05 0.000653266 0 0 0 4.06778e-12 4.06778e-12 0.232705 0 0 0 -0.000139623 -0.000139623 0.00046541 0 0 0 0.00169383 8.63218e-05 8.63218e-05 0.000187857 0 0 0 0 0
0.668342 -6.00515e-05 -6.00515e-05 0.000673367 0 0 0 8.95419e-17 8.95419e-17 0.232705 0 0 0 -0.000139623 -0.000139623 0.00046541 0 0 0 0.00172484 7.95714e-05 7.95714e-05 0.000207957 0 0 0 0 0
0.673367 -6.6802e-05 -6.6802e-05 0.000693467 0 0 0 4.068e-12 4.06803e-12 0.232705 0 0 0 -0.000139623 -0.000139623 0.00046541 0 0 0 0.00175585 7.28209e-05 7.28209e-05 0.000228058 0 0 0 0 0
0.678392 -7.35524e-05 -7.35524e-05 0.000713568 0 0 0 1.24236e-16 1.24236e-16 0.232705 0 0 0 -0.000139623 -0.000139623 0.00046541 0 0 0 0.00178686 6.60705e-05 6.60705e-05 0.000248158 0 0 0 0 0
0.683417 -8.03029e-05 -8.03029e-05 0.000733668 0 0 0 4.06804e-12 4.06804e-12 0.232705 0 0 0 -0.000139623 -0.000139623 0.00046541 0 0 0 0.00181787 5.932e-05 5.932e-05 0.000268259 0 0 0 0 0
0.688442 -8.70533e-05 -8.70533e-05 0.000753769 0 0 0 4.06818e-12 4.06818e-12 0.232705 0 0 0 -0.000139623 -0.000139623 0.00046541 0 0 0 0.00184888 5.25696e-05 5.25696e-05 0.000288359 0 0 0 0 0
0.693467 -9.38038e-05 -9.38038e-05 0.000773869 0 0 0 4.06788e-12 4.06788e-12 0.232705 0 0 0 -0.000139623 -0.000139623 0.00046541 0 0 0 0.00187989 4.58191e-05 4.58191e-05 0.00030846 0 0 0 0 0
0.698492 -0.000100554 -0.000100554 0.00079397 0 0 0 1.31209e-16 1.20784e-16 0.232705 0 0 0 -0.000139623 -0.000139623 0.00046541 0 0 0 0.0019109 3.90687e-05 3.90687e-05 0.00032856 0 0 0 0 0
0.703518 -0.000107305 -0.000107305 0.00081407 0 0 0 4.0677e-12 4.0677e-12 0.232705 0 0 0 -0.000139623 -0.000139623 0.00046541 0 0 0 0.0019419 3.23182e-05 3.23182e-05 0.000348661 0 0 0 0 0
0.708543 -0.000114055 -0.000114055 0.000834171 0 0 0 4.06789e-12 4.06789e-12 0.232705 0 0 0 -0.000139623 -0.000139623 0.00046541 0 0 0 0.00197291 2.55678e-05 2.55678e-05 0.000368761 0 0 0 0 0
0.713568 -0.000120806 -0.000120806 0.000854271 0 0 0 1.10392e-16 1.10392e-16 0.232705 0 0 0 -0.000139623 -0.000139623 0.00046541 0 0 0 0.00200392 1.88174e-05 1.88174e-05 0.000388862 0 0 0 0 0
0.718593 -0.000127556 -0.000127556 0.000874372 0 0 0 4.06807e-12 4.06801e-12 0.232705 0 0 0 -0.000139623 -0.000139623 0.00046541 0 0 0 0.00203493 1.20669e-05 1.20669e-05 0.000408962 0 0 0 0 0
0.723618 -0.000134306 -0.000134306 0.000894472 0 0 0 4.06815e-12 4.06815e-12 0.232705 0 0 0 -0.000139623 -0.000139623 0.00046541 0 0 0 0.00206594 5.31646e-06 5.31646e-06 0.000429063 0 0 0 0 0
0.728643 -0.000141057 -0.000141057 0.000914573 0 0 0 4.06812e-12 4.06812e-12 0.232705 0 0 0 -0.000139623 -0.000139623 0.00046541 0 0 0 0.00209695 -1.43399e-06 -1.43399e-06 0.000449163 0 0 0 0 0
0.733668 -0.000147807 -0.000147807 0.000934673 0 0 0 1.10359e-16 1.10359e-16 0.232705 0 0 0 -0.000139623 -0.000139623 0.00046541 0 0 0 0.00212796 -8.18444e-06 -8.18444e-06 0.000469264 0 0 0 0 0
0.738693 -0.000154558 -0.000154558 0.000954774 0 0 0 4.06799e-12 4.06799e-12 0.232705 0 0 0 -0.000139623 -0.000139623 0.00046541 0 0 0 0.00215897 -1.49349e-05 -1.49349e-05 0.000489364 0 0 0 0 0
0.743719 -0.000161308 -0.000161308 0.000974874 0 0 0 4.06772e-12 4.06772e-12 0.232705 0 0 0 -0.000139623 -0.000139623 0.00046541 0 0 0 0.00218997 -2.16853e-05 -2.16853e-05 0.000509465 0 0 0 0 0
0.748744 -0.000168059 -0.000168059 0.000994975 0 0 0 4.06772e-12 4.06772e-12 0.232705 0 0 0 -0.000139623 -0.000139623 0.00046541 0 0 0 0.00222098 -2.84358e-05 -2.84358e-05 0.000529565 0 0 0 0 0
0.753769 -0.000160521 -0.000160521 0.000969849 0 0 0 1.23241e-15 1.23241e-15 0.220142 0 0 0 -0.000132085 -0.000132085 0.000440284 0 0 0 0.00222098 -2.84358e-05 -2.84358e-05 0.000529565 0 0 0 0 0
0.758794 -0.000148461 -0.000148461 0.000929648 0 0 0 1.95702e-15 1.95702e-15 0.200042 0 0 0 -0.000120025 -0.000120025 0.000400083 0 0 0 0.00222098 -2.84358e-05 -2.84358e-05 0.000529565 0 0 0 0 0
0.763819 -0.0001364 -0.0001364 0.000889447 0 0 0 1.94551e-15 1.94551e-15 0.179941 0 0 0 -0.000107965 -0.000107965 0.000359882 0 0 0 0.00222098 -2.84358e-05 -2.84358e-05 0.000529565 0 0 0 0 0
0.768844 -0.00012434 -0.00012434 0.000849246 0 0 0 1.94804e-15 1.94804e-15 0.159841 0 0 0 -9.59043e-05 -9.59043e-05 0.000319681 0 0 0 0.00222098 -2.84358e-05 -2.84358e-05 0.000529565 0 0 0 0 0
0.773869 -0.00011228 -0.00011228 0.000809045 0 0 0 1.95403e-15 1.95403e-15 0.13974 0 0 0 -8.3844e-05 -8.3844e-05 0.00027948 0 0 0 0.00222098 -2.84358e-05 -2.84358e-05 0.000529565 0 0 0 0 0
0.778894 -0.000100219 -0.000100219 0.000768844 0 0 0 1.96003e-15 1.96003e-15 0.11964 0 0 0 -7.17837e-05 -7.17837e-05 0.000239279 0 0 0 0.00222098 -2.84358e-05 -2.84358e-05 0.000529565 0 0 0 0 0
0.78392 -8.81592e-05 -8.81592e-05 0.000728643 0 0 0 1.96341e-15 1.96341e-15 0.099539 0 0 0 -5.97234e-05 -5.97234e-05 0.000199078 0 0 0 0.00222098 -2.84358e-05 -2.84358e-05 0.000529565 0 0 0 0 0
0.788945 -7.60989e-05 -7.60989e-05 0.000688442 0 0 0 1.96839e-15 1.96839e-15 0.0794385 0 0 0 -4.76631e-05 -4.76631e-05 0.000158877 0 0 0 0.00222098 -2.84358e-05 -2.84358e-05 0.000529565 0 0 0 0 0
0.79397 -6.40386e-05 -6.40386e-05 0.000648241 0 0 0 1.96136e-15 1.96658e-15 0.059338 0 0 0 -3.56028e-05 -3.56028e-05 0.000118676 0 0 0 0.00222098 -2.84358e-05 -2.84358e-05 0.000529565 0 0 0 0 0
0.798995 -5.19783e-05 -5.19783e-05 0.00060804 0 0 0 1.95956e-15 1.96216e-15 0.0392375 0 0 0 -2.35425e-05 -2.35425e-05 7.8475e-05 0 0 0 0.00222098 -2.84358e-05 -2.84358e-05 0.000529565 0 0 0 0 0
0.80402 -3.9918e-05 -3.9918e-05 0.000567839 0 0 0 1.96207e-15 1.95946e-15 0.019137 0 0 0 -1.14822e-05 -1.14822e-05 3.8274e-05 0 0 0 0.00222098 -2.84358e-05 -2.84358e-05 0.000529565 0 0 0 0 0
0.809045 -2.78577e-05 -2.78577e-05 0.000527638 0 0 0 1.96151e-15 1.96282e-15 -0.0009635 0 0 0 5.781e-07 5.781e-07 -1.927e-06 0 0 0 0.00222098 -2.84358e-05 -2.84358e-05 0.000529565 0 0 0 0 0
0.81407 -1.57974e-05 -1.57974e-05 0.000487437 0 0 0 1.96174e-15 1.96304e-15 -0.021064 0 0 0 1.26384e-05 1.26384e-05 -4.2128e-05 0 0 0 0.00222098 -2.84358e-05 -2.84358e-05 0.000529565 0 0 0 0 0
0.819095 -3.73707e-06 -3.73707e-06 0.000447236 0 0 0 1.96253e-15 1.96253e-15 -0.0411645 0 0 0 2.46987e-05 2.46987e-05 -8.2329e-05 0 0 0 0.00222098 -2.84358e-05 -2.84358e-05 0.000529565 0 0 0 0 0
0.824121 8.32323e-06 8.32323e-06 0.000407035 0 0 0 1.96157e-15 1.96157e-15 -0.061265 0 0 0 3.6759e-05 3.6759e-05 -0.00012253 0 0 0 0.00222098 -2.84358e-05 -2.84358e-05 0.000529565 0 0 0 0 0
0.829146 2.03835e-05 2.03835e-05 0.000366834 0 0 0 1.96323e-15 1.96323e-15 -0.0813655 0 0 0 4.88193e-05 4.88193e-05 -0.000162731 0 0 0 0.00222098 -2.84358e-05 -2.84358e-05 0.000529565 0 0 0 0 0
0.834171 3.24438e-05 3.24438e-05 0.000326633 0 0 0 1.96316e-15 1.96316e-15 -0.101466 0 0 0 6.08796e-05 6.08796e-05 -0.000202932 0 0 0 0.00222098 -2.84358e-05 -2.84358e-05 0.000529565 0 0 0 0 0
0.839196 4.45041e-05 4.45041e-05 0.000286432 0 0 0 1.96551e-15 1.96551e-15 -0.121567 0 0 0 7.29399e-05 7.29399e-05 -0.000243133 0 0 0 0.00222098 -2.84358e-05 -2.84358e-05 0.000529565 0 0 0 0 0
0.844221 5.65644e-05 5.65644e-05 0.000246231 0 0 0 1.96283e-15 1.96283e-15 -0.141667 0 0 0 8.50002e-05 8.50002e-05 -0.000283334 0 0 0 0.00222098 -2.84358e-05 -2.84358e-05 0.000529565 0 0 0 0 0
0.849246 6.86247e-05 6.86247e-05 0.00020603 0 0 0 1.97054e-15 1.97054e-15 -0.161768 0 0 0 9.70605e-05 9.70605e-05 -0.000323535 0 0 0 0.00222098 -2.84358e-05 -2.84358e-05 0.000529565 0 0 0 0 0
0.854271 8.0685e-05 8.0685e-05 0.000165829 0 0 0 1.94184e-15 1.94184e-15 -0.181868 0 0 0 0.000109121 0.000109121 -0.000363736 0 0 0 0.00222098 -2.84358e-05 -2.84358e-05 0.000529565 0 0 0 0 0
0.859296 9.27453e-05 9.27453e-05 0.000125628 0 0 0 1.95131e-15 1.96173e-15 -0.201969 0 0 0 0.000121181 0.000121181 -0.000403937 0 0 0 0.00222098 -2.84358e-05 -2.84358e-05 0.000529565 0 0 0 0 0
0.864322 0.000104806 0.000104806 8.54271e-05 0 0 0 1.96061e-15 1.96061e-15 -0.222069 0 0 0 0.000133241 0.000133241 -0.000444138 0 0 0 0.00222098 -2.84358e-05 -2.84358e-05 0.000529565 0 0 0 0 0
0.869347 0.000116866 0.000116866 4.52261e-05 0 0 0 1.97702e-15 1.97702e-15 -0.24217 0 0 0 0.000145302 0.000145302 -0.000484339 0 0 0 0.00222098 -2.84358e-05 -2.84358e-05 0.000529565 0 0 0 0 0
0.874372 0.000128926 0.000128926 5.02513e-06 0 0 0 1.96913e-15 1.96913e-15 -0.26227 0 0 0 0.000157362 0.000157362 -0.00052454 0 0 0 0.00222098 -2.84358e-05 -2.84358e-05 0.000529565 0 0 0 0 0
0.879397 0.000140987 0.000140987 -3.51759e-05 0 0 0 1.94042e-15 1.94042e-15 -0.282371 0 0 0 0.000169422 0.000169422 -0.000564741 0 0 0 0.00222098 -2.84358e-05 -2.84358e-05 0.000529565 0 0 0 0 0
0.884422 0.000156786 0.000156786 -7.53769e-05 0 0 0 -3.54233e-10 -3.54233e-10 -0.297912 0 0 0 0.000178747 0.000178747 -0.000595825 0 0 0 0.00223899 -2.19611e-05 -2.19611e-05 0.000520448 0 0 0 0 0
0.889447 0.000185335 0.000185335 -0.000115578 0 0 0 -1.55492e-14 -1.55492e-14 -0.297912 0 0 0 0.000178747 0.000178747 -0.000595825 0 0 0 0.00231838 6.58793e-06 6.58793e-06 0.000480247 0 0 0 0 0
0.894472 0.000213884 0.000213884 -0.000155779 0 0 0 8.35645e-15 8.35645e-15 -0.297912 0 0 0 0.000178747 0.000178747 -0.000595825 0 0 0 0.00239777 3.51369e-05 3.51369e-05 0.000440046 0 0 0 0 0
0.899497 0.000242433 0.000242433 -0.00019598 0 0 0 -1.51848e-14 -1.51848e-14 -0.297912 0 0 0 0.000178747 0.000178747 -0.000595825 0 0 0 0.00247716 6.3686e-05 6.3686e-05 0.000399845 0 0 0 0 0
0.904523 0.000270982 0.000270982 -0.000236181 0 0 0 8.35645e-15 8.35645e-15 -0.297912 0 0 0 0.000178747 0.000178747 -0.000595825 0 0 0 0.00255655 9.2235e-05 9.2235e-05 0.000359644 0 0 0 0 0
0.909548 0.000299531 0.000299531 -0.000276382 0 0 0 -1.51605e-14 -1.51605e-14 -0.297912 0 0 0 0.000178747 0.000178747 -0.000595825 0 0 0 0.00263595 0.000120784 0.000120784 0.000319443 0 0 0 0 0
0.914573 0.00032808 0.00032808 -0.000316583 0 0 0 8.35645e-15 8.35645e-15 -0.297912 0 0 0 0.000178747 0.000178747 -0.000595825 0 0 0 0.00271534 0.000149333 0.000149333 0.000279242 0 0 0 0 0
0.919598 0.000356629 0.000356629 -0.000356784 0 0 0 -1.51605e-14 -1.51605e-14 -0.297912 0 0 0 0.000178747 0.000178747 -0.000595825 0 0 0 0.00279473 0.000177882 0.000177882 0.000239041 0 0 0 0 0
0.924623 0.000385178 0.000385178 -0.000396985 0 0 0 8.31481e-15 8.31481e-15 -0.297912 0 0 0 0.000178747 0.000178747 -0.000595825 0 0 0 0.00287412 0.000206431 0.000206431 0.00019884 0 0 0 0 0
0.929648 0.000413727 0.000413727 -0.000437186 0 0 0 -1.51362e-14 -1.51362e-14 -0.297912 0 0 0 0.000178747 0.000178747 -0.000595825 0 0 0 0.00295351 0.00023498 0.00023498 0.000158639 0 0 0 0 0
0.934673 0.000442276 0.000442276 -0.000477387 0 0 0 8.35645e-15 8.35645e-15 -0.297912 0 0 0 0.000178747 0.000178747 -0.000595825 0 0 0 0.00303291 0.000263529 0.000263529 0.000118438 0 0 0 0 0
0.939698 0.000470825 0.000470825 -0.000517588 0 0 0 -1.51848e-14 -1.51848e-14 -0.297912 0 0 0 0.000178747 0.000178747 -0.000595825 0 0 0 0.0031123 0.000292078 0.000292078 7.82369e-05 0 0 0 0 0
0.944724 0.000499374 0.000499374 -0.000557789 0 0 0 8.36687e-15 8.34602e-15 -0.297912 0 0 0 0.000178747 0.000178747 -0.000595825 0 0 0 0.00319169 0.000320627 0.000320627 3.80358e-05 0 0 0 0 0
0.949749 0.000527924 0.000527924 -0.00059799 0 0 0 -1.51709e-14 -1.515e-14 -0.297912 0 0 0 0.000178747 0.000178747 -0.000595825 0 0 0 0.00327108 0.000349176 0.000349176 -2.16516e-06 0 0 0 0 0
0.954774 0.000556473 0.000556473 -0.000638191 0 0 0 8.32517e-15 8.38772e-15 -0.297912 0 0 0 0.000178747 0.000178747 -0.000595825 0 0 0 0.00335047 0.000377725 0.000377725 -4.23662e-05 0 0 0 0 0
0.959799 0.000585022 0.000585022 -0.000678392 0 0 0 -1.51709e-14 -1.515e-14 -0.297912 0 0 0 0.000178747 0.000178747 -0.000595825 0 0 0 0.00342986 0.000406274 0.000406274 -8.25672e-05 0 0 0 0 0
0.964824 0.000613571 0.000613571 -0.000718593 0 0 0 8.36687e-15 8.34602e-15 -0.297912 0 0 0 0.000178747 0.000178747 -0.000595825 0 0 0 0.00350926 0.000434823 0.000434823 -0.000122768 0 0 0 0 0
0.969849 0.00064212 0.00064212 -0.000758794 0 0 0 -1.51709e-14 -1.515e-14 -0.297912 0 0 0 0.000178747 0.000178747 -0.000595825 0 0 0 0.00358865 0.000463372 0.000463372 -0.000162969 0 0 0 0 0
0.974874 0.000670669 0.000670669 -0.000798995 0 0 0 8.32517e-15 8.38772e-15 -0.297912 0 0 0 0.000178747 0.000178747 -0.000595825 0 0 0 0.00366804 0.000491921 0.000491921 -0.00020317 0 0 0 0 0
0.979899 0.000699218 0.000699218 -0.000839196 0 0 0 -1.51709e-14 -1.515e-14 -0.297912 0 0 0 0.000178747 0.000178747 -0.000595825 0 0 0 0.00374743 0.00052047 0.00052047 -0.000243371 0 0 0 0 0
0.984925 0.000727767 0.000727767 -0.000879397 0 0 0 8.32517e-15 8.38772e-15 -0.297912 0 0 0 0.000178747 0.000178747 -0.000595825 0 0 0 0.00382682 0.000549019 0.000549019 -0.000283572 0 0 0 0 0
0.98995 0.000756316 0.000756316 -0.000919598 0 0 0 -1.515e-14 -1.51709e-14 -0.297912 0 0 0 0.000178747 0.000178747 -0.000595825 0 0 0 0.00390621 0.000577568 0.000577568 -0.000323773 0 0 0 0 0
0.994975 0.000784865 0.000784865 -0.000959799 0 0 0 8.39117e-15 8.37032e-15 -0.297912 0 0 0 0.000178747 0.000178747 -0.000595825 0 0 0 0.00398561 0.000606117 0.000606117 -0.000363974 0 0 0 0 0
1 0.000813414 0.000813414 -0.001 0 0 0 -1.515e-14 -1.51709e-14 -0.297912 0 0 0 0.000178747 0.000178747 -0.000595825 0 0 0 0.004065 0.000634666 0.000634666 -0.000404175 0 0 0 0 0
